[2020.10.20-10.51.24:085][  0]Log file open, 10/20/20 13:51:24
[2020.10.20-10.51.24:085][  0]LogMemory: Platform Memory Stats for WindowsNoEditor
[2020.10.20-10.51.24:085][  0]LogMemory: Process Physical Memory: 100.98 MB used, 100.98 MB peak
[2020.10.20-10.51.24:085][  0]LogMemory: Process Virtual Memory: 99.86 MB used, 99.86 MB peak
[2020.10.20-10.51.24:085][  0]LogMemory: Physical Memory: 7351.39 MB used,  8969.37 MB free, 16320.75 MB total
[2020.10.20-10.51.24:085][  0]LogMemory: Virtual Memory: 4537.18 MB used,  8969.37 MB free, 134217728.00 MB total
[2020.10.20-10.51.28:701][  0]LogRF: BuildID: t6-#154-win64-steam@df871cc Version: v.11
[2020.10.20-10.51.29:593][  0]LogEngine: Error: Failed to load '/Script/NavigationSystem.NavigationSystemV1', falling back to 'NavigationSystemBase'
[2020.10.20-10.52.06:520][  0]LogRF: BeginPlay map=/Game/Maps/MainMenu/MainMenuMap?Name=Player, saveGame=, netmode=0
[2020.10.20-10.52.16:853][  6]LogRF: ActivateMod: BP_ModSandboxMap_Patch11
[2020.10.20-10.53.49:910][617]LogRF: BeginPlay map=/Game/Maps/Episodes/Episode_15/EP_BattleRoyale, saveGame=Trop6_Sav_Battle Royal Jun, 1941, netmode=0
[2020.10.20-10.53.50:305][617]LogBuilding: Error: Entrance of the building 'BP_Shack_C_14' in an Impassable cell, this will make pathfinder slower.
[2020.10.20-10.53.57:884][618]LogRF: Savegame history: t6-#154-win64-steam@df871cc, t6-#154-win64-steam@df871cc, t6-#154-win64-steam@df871cc
[2020.10.20-10.55.55:213][952]LogBuilding: Error: Entrance of the building 'BP_Shack_C_36' in an Impassable cell, this will make pathfinder slower.
[2020.10.20-12.05.26:999][784]PIE: Warning: AttachTo: '/Game/Maps/Episodes/Episode_15/EP_BattleRoyale.EP_BattleRoyale:PersistentLevel.BP_T6Dock_C_0.RootComponent' is not static , cannot attach '/Game/Maps/Episodes/Episode_15/EP_BattleRoyale.EP_BattleRoyale:PersistentLevel.BP_T6Dock_C_0.Crane' which is static to it. Aborting.
[2020.10.20-13.12.28:659][405]LogRF: TQ-17686: UT6ActionSpendMoney spending 43100 in 15
[2020.10.20-13.16.56:044][715]LogWindows: Error: === Critical error: ===
[2020.10.20-13.16.56:044][715]LogWindows: Error: 
[2020.10.20-13.16.56:044][715]LogWindows: Error: Fatal error!
[2020.10.20-13.16.56:044][715]LogWindows: Error: 
[2020.10.20-13.16.56:044][715]LogWindows: Error: Unhandled Exception: EXCEPTION_ACCESS_VIOLATION reading address 0x0000041c
[2020.10.20-13.16.56:044][715]LogWindows: Error: 
[2020.10.20-13.16.56:044][715]LogWindows: Error: [Callstack] 0x00007ff6f573c91f Tropico6-Win64-Shipping.exe!UnknownFunction []
[2020.10.20-13.16.56:044][715]LogWindows: Error: [Callstack] 0x00007ff6f578a499 Tropico6-Win64-Shipping.exe!UnknownFunction []
[2020.10.20-13.16.56:044][715]LogWindows: Error: [Callstack] 0x00007ff6f5720664 Tropico6-Win64-Shipping.exe!UnknownFunction []
[2020.10.20-13.16.56:044][715]LogWindows: Error: [Callstack] 0x00007ff6f5907d72 Tropico6-Win64-Shipping.exe!UnknownFunction []
[2020.10.20-13.16.56:044][715]LogWindows: Error: [Callstack] 0x00007ff6f5930335 Tropico6-Win64-Shipping.exe!UnknownFunction []
[2020.10.20-13.16.56:044][715]LogWindows: Error: [Callstack] 0x00007ff6f55d3288 Tropico6-Win64-Shipping.exe!UnknownFunction []
[2020.10.20-13.16.56:044][715]LogWindows: Error: [Callstack] 0x00007ff6f6de884e Tropico6-Win64-Shipping.exe!UnknownFunction []
[2020.10.20-13.16.56:044][715]LogWindows: Error: [Callstack] 0x00007ff6f55d7ecb Tropico6-Win64-Shipping.exe!UnknownFunction []
[2020.10.20-13.16.56:044][715]LogWindows: Error: [Callstack] 0x00007ff6f55baac2 Tropico6-Win64-Shipping.exe!UnknownFunction []
[2020.10.20-13.16.56:044][715]LogWindows: Error: [Callstack] 0x00007ff6f6af5e33 Tropico6-Win64-Shipping.exe!UnknownFunction []
[2020.10.20-13.16.56:044][715]LogWindows: Error: [Callstack] 0x00007ff6f6a220d7 Tropico6-Win64-Shipping.exe!UnknownFunction []
[2020.10.20-13.16.56:044][715]LogWindows: Error: [Callstack] 0x00007ff6f52bd689 Tropico6-Win64-Shipping.exe!UnknownFunction []
[2020.10.20-13.16.56:044][715]LogWindows: Error: [Callstack] 0x00007ff6f52c307e Tropico6-Win64-Shipping.exe!UnknownFunction []
[2020.10.20-13.16.56:044][715]LogWindows: Error: [Callstack] 0x00007ff6f52c30fa Tropico6-Win64-Shipping.exe!UnknownFunction []
[2020.10.20-13.16.56:044][715]LogWindows: Error: [Callstack] 0x00007ff6f52cb359 Tropico6-Win64-Shipping.exe!UnknownFunction []
[2020.10.20-13.16.56:044][715]LogWindows: Error: [Callstack] 0x00007ff6f759d656 Tropico6-Win64-Shipping.exe!UnknownFunction []
[2020.10.20-13.16.56:044][715]LogWindows: Error: [Callstack] 0x00007ffe47b27bd4 KERNEL32.DLL!UnknownFunction []
[2020.10.20-13.16.56:044][715]LogWindows: Error: [Callstack] 0x00007ffe492ace51 ntdll.dll!UnknownFunction []
[2020.10.20-13.16.56:044][715]LogWindows: Error: 
[2020.10.20-13.16.57:160][715]Log file closed, 10/20/20 16:16:57
