[2020.10.20-15.35.56:120][  0]Log file open, 10/20/20 18:35:56
[2020.10.20-15.35.56:120][  0]LogMemory: Platform Memory Stats for WindowsNoEditor
[2020.10.20-15.35.56:120][  0]LogMemory: Process Physical Memory: 104.46 MB used, 104.46 MB peak
[2020.10.20-15.35.56:120][  0]LogMemory: Process Virtual Memory: 103.22 MB used, 103.22 MB peak
[2020.10.20-15.35.56:120][  0]LogMemory: Physical Memory: 7540.57 MB used,  8780.19 MB free, 16320.75 MB total
[2020.10.20-15.35.56:120][  0]LogMemory: Virtual Memory: 4541.99 MB used,  8780.19 MB free, 134217728.00 MB total
[2020.10.20-15.35.57:612][  0]LogRF: BuildID: t6-#154-win64-steam@df871cc Version: v.11
[2020.10.20-15.35.57:675][  0]LogEngine: Error: Failed to load '/Script/NavigationSystem.NavigationSystemV1', falling back to 'NavigationSystemBase'
[2020.10.20-15.36.02:997][  0]LogRF: BeginPlay map=/Game/Maps/MainMenu/MainMenuMap?Name=Player, saveGame=, netmode=0
[2020.10.20-15.36.03:986][  8]LogRF: ActivateMod: BP_ModSandboxMap_Patch11
[2020.10.20-15.36.37:834][301]LogRF: BeginPlay map=/Game/Maps/Episodes/Episode_15/EP_BattleRoyale, saveGame=Trop6_Sav_Battle Royal 3y 2, netmode=0
[2020.10.20-15.36.38:993][302]LogRF: Savegame history: t6-#154-win64-steam@df871cc
[2020.10.20-15.40.58:527][518]LogRF: BeginPlay map=/Game/Maps/Episodes/Episode_15/EP_BattleRoyale, saveGame=Trop6_Sav_Battle Royal 3y , netmode=0
[2020.10.20-15.40.59:528][519]LogRF: Savegame history: t6-#154-win64-steam@df871cc
[2020.10.20-15.44.13:770][310]LogRF: TQ-17686: UT6ActionSpendMoney spending 15000 in 1
[2020.10.20-15.44.36:366][170]PIE: Warning: AttachTo: '/Game/Maps/Episodes/Episode_15/EP_BattleRoyale.EP_BattleRoyale:PersistentLevel.BP_T6Dock_C_0.RootComponent' is not static , cannot attach '/Game/Maps/Episodes/Episode_15/EP_BattleRoyale.EP_BattleRoyale:PersistentLevel.BP_T6Dock_C_0.Crane' which is static to it. Aborting.
[2020.10.20-15.46.40:139][934]LogRF: BeginPlay map=/Game/Maps/Episodes/Episode_15/EP_BattleRoyale, saveGame=Trop6_Sav_Battle Royal Nov, 1913, netmode=0
[2020.10.20-15.46.41:143][935]LogRF: Savegame history: t6-#154-win64-steam@df871cc
[2020.10.20-15.47.12:054][957]LogRF: BeginPlay map=/Game/Maps/Episodes/Episode_15/EP_BattleRoyale, saveGame=Trop6_Sav_Battle Royal Nov, 1913, netmode=0
[2020.10.20-15.47.13:030][958]LogRF: Savegame history: t6-#154-win64-steam@df871cc
[2020.10.20-15.47.39:006][829]LogRF: BeginPlay map=/Game/Maps/Episodes/Episode_15/EP_BattleRoyale, saveGame=Trop6_Sav_Battle Royal Nov, 1913, netmode=0
[2020.10.20-15.47.40:061][830]LogRF: Savegame history: t6-#154-win64-steam@df871cc, t6-#154-win64-steam@df871cc
[2020.10.20-15.48.24:726][412]LogRF: BeginPlay map=/Game/Maps/Episodes/Episode_15/EP_BattleRoyale, saveGame=Trop6_Sav_Battle Royal Nov, 1913, netmode=0
[2020.10.20-15.48.25:738][413]LogRF: Savegame history: t6-#154-win64-steam@df871cc, t6-#154-win64-steam@df871cc
[2020.10.20-15.48.52:570][150]LogRF: BeginPlay map=/Game/Maps/Episodes/Episode_15/EP_BattleRoyale, saveGame=Trop6_Sav_Battle Royal Nov, 1913, netmode=0
[2020.10.20-15.48.53:579][151]LogRF: Savegame history: t6-#154-win64-steam@df871cc, t6-#154-win64-steam@df871cc
[2020.10.20-15.49.38:127][734]LogRF: BeginPlay map=/Game/Maps/Episodes/Episode_15/EP_BattleRoyale, saveGame=Trop6_Sav_Battle Royal Nov, 1913, netmode=0
[2020.10.20-15.49.39:152][735]LogRF: Savegame history: t6-#154-win64-steam@df871cc
[2020.10.20-15.49.56:991][568]LogRF: Cheat by BP_T6PlayerController_C_0: exit
[2020.10.20-15.49.57:006][568]Closing by request
[2020.10.20-15.49.59:856][569]Log file closed, 10/20/20 18:49:59
