[2020.10.20-07.40.44:024][  0]Log file open, 10/20/20 10:40:44
[2020.10.20-07.40.44:024][  0]LogMemory: Platform Memory Stats for WindowsNoEditor
[2020.10.20-07.40.44:024][  0]LogMemory: Process Physical Memory: 100.92 MB used, 100.92 MB peak
[2020.10.20-07.40.44:024][  0]LogMemory: Process Virtual Memory: 99.91 MB used, 99.91 MB peak
[2020.10.20-07.40.44:024][  0]LogMemory: Physical Memory: 7847.82 MB used,  8472.94 MB free, 16320.75 MB total
[2020.10.20-07.40.44:024][  0]LogMemory: Virtual Memory: 4537.11 MB used,  8472.94 MB free, 134217728.00 MB total
[2020.10.20-07.40.55:502][  0]LogRF: BuildID: t6-#154-win64-steam@df871cc Version: v.11
[2020.10.20-07.40.56:430][  0]LogEngine: Error: Failed to load '/Script/NavigationSystem.NavigationSystemV1', falling back to 'NavigationSystemBase'
[2020.10.20-07.41.49:876][  0]LogRF: BeginPlay map=/Game/Maps/MainMenu/MainMenuMap?Name=Player, saveGame=, netmode=0
[2020.10.20-07.42.07:402][ 91]LogRF: ActivateMod: BP_ModSandboxMap_Patch11
[2020.10.20-07.43.23:478][528]LogRF: BeginPlay map=/Game/Maps/Episodes/Episode_15/EP_BattleRoyale, saveGame=Trop6_Sav_Battle Royal Dec, 1929, netmode=0
[2020.10.20-07.43.28:161][529]LogRF: Savegame history: t6-#154-win64-steam@df871cc, t6-#154-win64-steam@df871cc
[2020.10.20-07.44.57:191][869]PIE: Warning: AttachTo: '/Game/Maps/Episodes/Episode_15/EP_BattleRoyale.EP_BattleRoyale:PersistentLevel.BP_T6StorageQuay_C_2.RootComponent' is not static , cannot attach '/Game/Maps/Episodes/Episode_15/EP_BattleRoyale.EP_BattleRoyale:PersistentLevel.BP_T6StorageQuay_C_2.Crane' which is static to it. Aborting.
[2020.10.20-07.44.57:193][869]PIE: Warning: AttachTo: '/Game/Maps/Episodes/Episode_15/EP_BattleRoyale.EP_BattleRoyale:PersistentLevel.BP_T6StorageQuay_C_1.RootComponent' is not static , cannot attach '/Game/Maps/Episodes/Episode_15/EP_BattleRoyale.EP_BattleRoyale:PersistentLevel.BP_T6StorageQuay_C_1.Crane' which is static to it. Aborting.
[2020.10.20-07.44.57:195][869]PIE: Warning: AttachTo: '/Game/Maps/Episodes/Episode_15/EP_BattleRoyale.EP_BattleRoyale:PersistentLevel.BP_T6StorageQuay_C_0.RootComponent' is not static , cannot attach '/Game/Maps/Episodes/Episode_15/EP_BattleRoyale.EP_BattleRoyale:PersistentLevel.BP_T6StorageQuay_C_0.Crane' which is static to it. Aborting.
[2020.10.20-07.44.57:248][869]LogBuilding: Error: Entrance of the building 'BP_Shack_C_39' in an Impassable cell, this will make pathfinder slower.
[2020.10.20-07.52.52:495][ 85]LogBuilding: Error: Entrance of the building 'BP_Shack_C_213' in an Impassable cell, this will make pathfinder slower.
[2020.10.20-08.08.22:454][917]LogBuilding: Error: Entrance of the building 'BP_Shack_C_265' in an Impassable cell, this will make pathfinder slower.
[2020.10.20-08.10.00:242][787]LogBuilding: Error: Entrance of the building 'BP_Shack_C_276' in an Impassable cell, this will make pathfinder slower.
[2020.10.20-08.18.50:497][467]LogBuilding: Error: Entrance of the building 'BP_Shack_C_309' in an Impassable cell, this will make pathfinder slower.
[2020.10.20-08.45.00:557][490]LogRF: Cheat by BP_T6PlayerController_C_0: exit
[2020.10.20-08.45.00:572][490]Closing by request
[2020.10.20-08.45.04:445][491]Log file closed, 10/20/20 11:45:04
