[2020.10.19-03.02.15:802][  0]Log file open, 10/19/20 06:02:15
[2020.10.19-03.02.15:802][  0]LogMemory: Platform Memory Stats for WindowsNoEditor
[2020.10.19-03.02.15:802][  0]LogMemory: Process Physical Memory: 104.52 MB used, 104.52 MB peak
[2020.10.19-03.02.15:802][  0]LogMemory: Process Virtual Memory: 103.09 MB used, 103.09 MB peak
[2020.10.19-03.02.15:802][  0]LogMemory: Physical Memory: 6901.86 MB used,  9418.89 MB free, 16320.75 MB total
[2020.10.19-03.02.15:802][  0]LogMemory: Virtual Memory: 4541.98 MB used,  9418.89 MB free, 134217728.00 MB total
[2020.10.19-03.02.20:028][  0]LogRF: BuildID: t6-#154-win64-steam@df871cc Version: v.11
[2020.10.19-03.02.20:985][  0]LogEngine: Error: Failed to load '/Script/NavigationSystem.NavigationSystemV1', falling back to 'NavigationSystemBase'
[2020.10.19-03.03.13:786][  0]LogRF: BeginPlay map=/Game/Maps/MainMenu/MainMenuMap?Name=Player, saveGame=, netmode=0
[2020.10.19-03.03.28:830][171]LogRF: ActivateMod: BP_ModSandboxMap_Patch11
[2020.10.19-03.04.39:004][463]LogRF: BeginPlay map=/Game/Maps/Episodes/Episode_14/EP_OnePercenters, saveGame=Trop6_Sav_The One Percenters Nov, 2039, netmode=0
[2020.10.19-03.04.44:058][464]LogRF: Savegame history: t6-#154-win64-steam@df871cc, t6-#154-win64-steam@df871cc, t6-#154-win64-steam@df871cc
[2020.10.19-03.25.30:973][470]LogRF: TQ-17686: UT6ActionSpendMoney spending 100000 in 1
[2020.10.19-03.27.02:368][678]PIE: Warning: AttachTo: 'None.None:None.BP_T6ChildhoodMuseum_C_0.RootComponent' is not static , cannot attach 'None.None:None.BP_T6ChildhoodMuseum_C_0.BP_Prop_Flag' which is static to it. Aborting.
[2020.10.19-03.27.02:368][678]PIE: Warning: AttachTo: 'None.None:None.BP_T6TempleOfHeaven_C_0.RootComponent' is not static , cannot attach 'None.None:None.BP_T6TempleOfHeaven_C_0.Temple' which is static to it. Aborting.
[2020.10.19-03.27.02:370][678]PIE: Warning: AttachTo: 'None.None:None.BP_T6LuxuryHotel_C_0.RootComponent' is not static , cannot attach 'None.None:None.BP_T6LuxuryHotel_C_0.Pool Cutout' which is static to it. Aborting.
[2020.10.19-03.27.02:370][678]PIE: Warning: AttachTo: 'None.None:None.BP_T6LuxuryHotel_C_1.RootComponent' is not static , cannot attach 'None.None:None.BP_T6LuxuryHotel_C_1.Pool Cutout' which is static to it. Aborting.
[2020.10.19-03.27.02:370][678]PIE: Warning: AttachTo: 'None.None:None.BP_T6LuxuryHotel_C_2.RootComponent' is not static , cannot attach 'None.None:None.BP_T6LuxuryHotel_C_2.Pool Cutout' which is static to it. Aborting.
[2020.10.19-03.27.02:371][678]PIE: Warning: AttachTo: 'None.None:None.BP_T6SaintBasilCathedral_C_0.RootComponent' is not static , cannot attach 'None.None:None.BP_T6SaintBasilCathedral_C_0.Tower' which is static to it. Aborting.
[2020.10.19-03.27.02:371][678]PIE: Warning: AttachTo: 'None.None:None.BP_T6HagiaSophia_C_0.RootComponent' is not static , cannot attach 'None.None:None.BP_T6HagiaSophia_C_0.TopPart' which is static to it. Aborting.
[2020.10.19-03.27.02:372][678]PIE: Warning: AttachTo: 'None.None:None.BP_T6HydroponicPlantation_C_0.RootComponent' is not static , cannot attach 'None.None:None.BP_T6HydroponicPlantation_C_0.StaticMesh' which is static to it. Aborting.
[2020.10.19-03.27.02:372][678]PIE: Warning: AttachTo: 'None.None:None.BP_T6HydroponicPlantation_C_1.RootComponent' is not static , cannot attach 'None.None:None.BP_T6HydroponicPlantation_C_1.StaticMesh' which is static to it. Aborting.
[2020.10.19-03.27.02:372][678]PIE: Warning: AttachTo: 'None.None:None.BP_T6HydroponicPlantation_C_2.RootComponent' is not static , cannot attach 'None.None:None.BP_T6HydroponicPlantation_C_2.StaticMesh' which is static to it. Aborting.
[2020.10.19-03.27.02:372][678]PIE: Warning: AttachTo: 'None.None:None.BP_T6HydroponicPlantation_C_3.RootComponent' is not static , cannot attach 'None.None:None.BP_T6HydroponicPlantation_C_3.StaticMesh' which is static to it. Aborting.
[2020.10.19-03.27.02:372][678]PIE: Warning: AttachTo: 'None.None:None.BP_T6HydroponicPlantation_C_4.RootComponent' is not static , cannot attach 'None.None:None.BP_T6HydroponicPlantation_C_4.StaticMesh' which is static to it. Aborting.
[2020.10.19-03.27.02:372][678]PIE: Warning: AttachTo: 'None.None:None.BP_T6HydroponicPlantation_C_5.RootComponent' is not static , cannot attach 'None.None:None.BP_T6HydroponicPlantation_C_5.StaticMesh' which is static to it. Aborting.
[2020.10.19-03.27.02:372][678]PIE: Warning: AttachTo: 'None.None:None.BP_T6HydroponicPlantation_C_6.RootComponent' is not static , cannot attach 'None.None:None.BP_T6HydroponicPlantation_C_6.StaticMesh' which is static to it. Aborting.
[2020.10.19-03.27.02:372][678]PIE: Warning: AttachTo: 'None.None:None.BP_T6HydroponicPlantation_C_7.RootComponent' is not static , cannot attach 'None.None:None.BP_T6HydroponicPlantation_C_7.StaticMesh' which is static to it. Aborting.
[2020.10.19-03.27.02:372][678]PIE: Warning: AttachTo: 'None.None:None.BP_T6HydroponicPlantation_C_8.RootComponent' is not static , cannot attach 'None.None:None.BP_T6HydroponicPlantation_C_8.StaticMesh' which is static to it. Aborting.
[2020.10.19-03.27.02:372][678]PIE: Warning: AttachTo: 'None.None:None.BP_T6HydroponicPlantation_C_9.RootComponent' is not static , cannot attach 'None.None:None.BP_T6HydroponicPlantation_C_9.StaticMesh' which is static to it. Aborting.
[2020.10.19-03.27.02:372][678]PIE: Warning: AttachTo: 'None.None:None.BP_T6HydroponicPlantation_C_10.RootComponent' is not static , cannot attach 'None.None:None.BP_T6HydroponicPlantation_C_10.StaticMesh' which is static to it. Aborting.
[2020.10.19-03.27.02:372][678]PIE: Warning: AttachTo: 'None.None:None.BP_T6HydroponicPlantation_C_11.RootComponent' is not static , cannot attach 'None.None:None.BP_T6HydroponicPlantation_C_11.StaticMesh' which is static to it. Aborting.
[2020.10.19-03.27.02:372][678]PIE: Warning: AttachTo: 'None.None:None.BP_T6HydroponicPlantation_C_12.RootComponent' is not static , cannot attach 'None.None:None.BP_T6HydroponicPlantation_C_12.StaticMesh' which is static to it. Aborting.
[2020.10.19-03.27.02:372][678]PIE: Warning: AttachTo: 'None.None:None.BP_T6HydroponicPlantation_C_13.RootComponent' is not static , cannot attach 'None.None:None.BP_T6HydroponicPlantation_C_13.StaticMesh' which is static to it. Aborting.
[2020.10.19-03.27.02:372][678]PIE: Warning: AttachTo: 'None.None:None.BP_T6HydroponicPlantation_C_14.RootComponent' is not static , cannot attach 'None.None:None.BP_T6HydroponicPlantation_C_14.StaticMesh' which is static to it. Aborting.
[2020.10.19-03.27.02:373][678]PIE: Warning: AttachTo: 'None.None:None.BP_T6HydroponicPlantation_C_15.RootComponent' is not static , cannot attach 'None.None:None.BP_T6HydroponicPlantation_C_15.StaticMesh' which is static to it. Aborting.
[2020.10.19-03.27.02:373][678]PIE: Warning: AttachTo: 'None.None:None.BP_T6HydroponicPlantation_C_16.RootComponent' is not static , cannot attach 'None.None:None.BP_T6HydroponicPlantation_C_16.StaticMesh' which is static to it. Aborting.
[2020.10.19-03.27.02:373][678]PIE: Warning: AttachTo: 'None.None:None.BP_T6HydroponicPlantation_C_17.RootComponent' is not static , cannot attach 'None.None:None.BP_T6HydroponicPlantation_C_17.StaticMesh' which is static to it. Aborting.
[2020.10.19-03.27.02:373][678]PIE: Warning: AttachTo: 'None.None:None.BP_T6HydroponicPlantation_C_18.RootComponent' is not static , cannot attach 'None.None:None.BP_T6HydroponicPlantation_C_18.StaticMesh' which is static to it. Aborting.
[2020.10.19-03.27.02:373][678]PIE: Warning: AttachTo: 'None.None:None.BP_T6HydroponicPlantation_C_19.RootComponent' is not static , cannot attach 'None.None:None.BP_T6HydroponicPlantation_C_19.StaticMesh' which is static to it. Aborting.
[2020.10.19-03.27.02:373][678]PIE: Warning: AttachTo: 'None.None:None.BP_T6HydroponicPlantation_C_20.RootComponent' is not static , cannot attach 'None.None:None.BP_T6HydroponicPlantation_C_20.StaticMesh' which is static to it. Aborting.
[2020.10.19-03.27.02:373][678]PIE: Warning: AttachTo: 'None.None:None.BP_T6HydroponicPlantation_C_21.RootComponent' is not static , cannot attach 'None.None:None.BP_T6HydroponicPlantation_C_21.StaticMesh' which is static to it. Aborting.
[2020.10.19-03.27.02:373][678]PIE: Warning: AttachTo: 'None.None:None.BP_T6HydroponicPlantation_C_22.RootComponent' is not static , cannot attach 'None.None:None.BP_T6HydroponicPlantation_C_22.StaticMesh' which is static to it. Aborting.
[2020.10.19-03.27.02:373][678]PIE: Warning: AttachTo: 'None.None:None.BP_T6HydroponicPlantation_C_23.RootComponent' is not static , cannot attach 'None.None:None.BP_T6HydroponicPlantation_C_23.StaticMesh' which is static to it. Aborting.
[2020.10.19-03.27.02:373][678]PIE: Warning: AttachTo: 'None.None:None.BP_T6HydroponicPlantation_C_24.RootComponent' is not static , cannot attach 'None.None:None.BP_T6HydroponicPlantation_C_24.StaticMesh' which is static to it. Aborting.
[2020.10.19-03.27.02:373][678]PIE: Warning: AttachTo: 'None.None:None.BP_T6HydroponicPlantation_C_25.RootComponent' is not static , cannot attach 'None.None:None.BP_T6HydroponicPlantation_C_25.StaticMesh' which is static to it. Aborting.
[2020.10.19-03.27.02:373][678]PIE: Warning: AttachTo: 'None.None:None.BP_T6HydroponicPlantation_C_26.RootComponent' is not static , cannot attach 'None.None:None.BP_T6HydroponicPlantation_C_26.StaticMesh' which is static to it. Aborting.
[2020.10.19-03.27.02:373][678]PIE: Warning: AttachTo: 'None.None:None.BP_T6HydroponicPlantation_C_27.RootComponent' is not static , cannot attach 'None.None:None.BP_T6HydroponicPlantation_C_27.StaticMesh' which is static to it. Aborting.
[2020.10.19-03.27.02:373][678]PIE: Warning: AttachTo: 'None.None:None.BP_T6HydroponicPlantation_C_28.RootComponent' is not static , cannot attach 'None.None:None.BP_T6HydroponicPlantation_C_28.StaticMesh' which is static to it. Aborting.
[2020.10.19-03.27.02:373][678]PIE: Warning: AttachTo: 'None.None:None.BP_T6HydroponicPlantation_C_29.RootComponent' is not static , cannot attach 'None.None:None.BP_T6HydroponicPlantation_C_29.StaticMesh' which is static to it. Aborting.
[2020.10.19-03.27.02:373][678]PIE: Warning: AttachTo: 'None.None:None.BP_T6HydroponicPlantation_C_30.RootComponent' is not static , cannot attach 'None.None:None.BP_T6HydroponicPlantation_C_30.StaticMesh' which is static to it. Aborting.
[2020.10.19-03.27.02:373][678]PIE: Warning: AttachTo: 'None.None:None.BP_T6HydroponicPlantation_C_31.RootComponent' is not static , cannot attach 'None.None:None.BP_T6HydroponicPlantation_C_31.StaticMesh' which is static to it. Aborting.
[2020.10.19-03.27.02:373][678]PIE: Warning: AttachTo: 'None.None:None.BP_T6HydroponicPlantation_C_32.RootComponent' is not static , cannot attach 'None.None:None.BP_T6HydroponicPlantation_C_32.StaticMesh' which is static to it. Aborting.
[2020.10.19-03.27.02:376][678]PIE: Warning: AttachTo: 'None.None:None.BP_T6Tunnel_C_0.RootComponent' is not static , cannot attach 'None.None:None.BP_T6Tunnel_C_0.Fog' which is static to it. Aborting.
[2020.10.19-03.27.02:376][678]PIE: Warning: AttachTo: 'None.None:None.BP_T6Tunnel_C_0.RootComponent' is not static , cannot attach 'None.None:None.BP_T6Tunnel_C_0.Cap' which is static to it. Aborting.
[2020.10.19-03.27.02:376][678]PIE: Warning: AttachTo: 'None.None:None.BP_T6Tunnel_C_0.RootComponent' is not static , cannot attach 'None.None:None.BP_T6Tunnel_C_0.StaticMesh' which is static to it. Aborting.
[2020.10.19-03.27.02:376][678]PIE: Warning: AttachTo: 'None.None:None.BP_T6Tunnel_C_1.RootComponent' is not static , cannot attach 'None.None:None.BP_T6Tunnel_C_1.Fog' which is static to it. Aborting.
[2020.10.19-03.27.02:376][678]PIE: Warning: AttachTo: 'None.None:None.BP_T6Tunnel_C_1.RootComponent' is not static , cannot attach 'None.None:None.BP_T6Tunnel_C_1.Cap' which is static to it. Aborting.
[2020.10.19-03.27.02:376][678]PIE: Warning: AttachTo: 'None.None:None.BP_T6Tunnel_C_1.RootComponent' is not static , cannot attach 'None.None:None.BP_T6Tunnel_C_1.StaticMesh' which is static to it. Aborting.
[2020.10.19-03.27.02:376][678]PIE: Warning: AttachTo: 'None.None:None.BP_T6Tunnel_C_2.RootComponent' is not static , cannot attach 'None.None:None.BP_T6Tunnel_C_2.Fog' which is static to it. Aborting.
[2020.10.19-03.27.02:376][678]PIE: Warning: AttachTo: 'None.None:None.BP_T6Tunnel_C_2.RootComponent' is not static , cannot attach 'None.None:None.BP_T6Tunnel_C_2.Cap' which is static to it. Aborting.
[2020.10.19-03.27.02:376][678]PIE: Warning: AttachTo: 'None.None:None.BP_T6Tunnel_C_2.RootComponent' is not static , cannot attach 'None.None:None.BP_T6Tunnel_C_2.StaticMesh' which is static to it. Aborting.
[2020.10.19-03.27.02:376][678]PIE: Warning: AttachTo: 'None.None:None.BP_T6Tunnel_C_3.RootComponent' is not static , cannot attach 'None.None:None.BP_T6Tunnel_C_3.Fog' which is static to it. Aborting.
[2020.10.19-03.27.02:376][678]PIE: Warning: AttachTo: 'None.None:None.BP_T6Tunnel_C_3.RootComponent' is not static , cannot attach 'None.None:None.BP_T6Tunnel_C_3.Cap' which is static to it. Aborting.
[2020.10.19-03.27.02:376][678]PIE: Warning: AttachTo: 'None.None:None.BP_T6Tunnel_C_3.RootComponent' is not static , cannot attach 'None.None:None.BP_T6Tunnel_C_3.StaticMesh' which is static to it. Aborting.
[2020.10.19-03.27.02:377][678]PIE: Warning: AttachTo: 'None.None:None.BP_OilWell_C_0.RootComponent' is not static , cannot attach 'None.None:None.BP_OilWell_C_0.T6AnimatedProp' which is static to it. Aborting.
[2020.10.19-03.27.02:377][678]PIE: Warning: AttachTo: 'None.None:None.BP_OilWell_C_1.RootComponent' is not static , cannot attach 'None.None:None.BP_OilWell_C_1.T6AnimatedProp' which is static to it. Aborting.
[2020.10.19-03.27.02:377][678]PIE: Warning: AttachTo: 'None.None:None.BP_OilWell_C_2.RootComponent' is not static , cannot attach 'None.None:None.BP_OilWell_C_2.T6AnimatedProp' which is static to it. Aborting.
[2020.10.19-03.27.02:377][678]PIE: Warning: AttachTo: 'None.None:None.BP_OilWell_C_3.RootComponent' is not static , cannot attach 'None.None:None.BP_OilWell_C_3.T6AnimatedProp' which is static to it. Aborting.
[2020.10.19-03.27.02:377][678]PIE: Warning: AttachTo: 'None.None:None.BP_OilWell_C_4.RootComponent' is not static , cannot attach 'None.None:None.BP_OilWell_C_4.T6AnimatedProp' which is static to it. Aborting.
[2020.10.19-03.27.02:377][678]PIE: Warning: AttachTo: 'None.None:None.BP_OilWell_C_5.RootComponent' is not static , cannot attach 'None.None:None.BP_OilWell_C_5.T6AnimatedProp' which is static to it. Aborting.
[2020.10.19-03.27.02:377][678]PIE: Warning: AttachTo: 'None.None:None.BP_OilWell_C_6.RootComponent' is not static , cannot attach 'None.None:None.BP_OilWell_C_6.T6AnimatedProp' which is static to it. Aborting.
[2020.10.19-03.27.02:377][678]PIE: Warning: AttachTo: 'None.None:None.BP_OilWell_C_7.RootComponent' is not static , cannot attach 'None.None:None.BP_OilWell_C_7.T6AnimatedProp' which is static to it. Aborting.
[2020.10.19-03.27.02:377][678]PIE: Warning: AttachTo: 'None.None:None.BP_OilWell_C_8.RootComponent' is not static , cannot attach 'None.None:None.BP_OilWell_C_8.T6AnimatedProp' which is static to it. Aborting.
[2020.10.19-03.27.02:377][678]PIE: Warning: AttachTo: 'None.None:None.BP_OilWell_C_9.RootComponent' is not static , cannot attach 'None.None:None.BP_OilWell_C_9.T6AnimatedProp' which is static to it. Aborting.
[2020.10.19-03.27.02:377][678]PIE: Warning: AttachTo: 'None.None:None.BP_OilWell_C_11.RootComponent' is not static , cannot attach 'None.None:None.BP_OilWell_C_11.T6AnimatedProp' which is static to it. Aborting.
[2020.10.19-03.27.02:377][678]PIE: Warning: AttachTo: 'None.None:None.BP_OilWell_C_13.RootComponent' is not static , cannot attach 'None.None:None.BP_OilWell_C_13.T6AnimatedProp' which is static to it. Aborting.
[2020.10.19-03.27.02:380][678]PIE: Warning: AttachTo: 'None.None:None.BP_T6BeachResort_C_0.RootComponent' is not static , cannot attach 'None.None:None.BP_T6BeachResort_C_0.StaticMesh' which is static to it. Aborting.
[2020.10.19-03.27.02:380][678]PIE: Warning: AttachTo: 'None.None:None.BP_T6BeachResort_C_1.RootComponent' is not static , cannot attach 'None.None:None.BP_T6BeachResort_C_1.StaticMesh' which is static to it. Aborting.
[2020.10.19-03.27.02:380][678]PIE: Warning: AttachTo: 'None.None:None.BP_T6BeachResort_C_2.RootComponent' is not static , cannot attach 'None.None:None.BP_T6BeachResort_C_2.StaticMesh' which is static to it. Aborting.
[2020.10.19-03.27.02:380][678]PIE: Warning: AttachTo: 'None.None:None.BP_T6BeachResort_C_3.RootComponent' is not static , cannot attach 'None.None:None.BP_T6BeachResort_C_3.StaticMesh' which is static to it. Aborting.
[2020.10.19-03.27.02:380][678]PIE: Warning: AttachTo: 'None.None:None.BP_T6BeachResort_C_4.RootComponent' is not static , cannot attach 'None.None:None.BP_T6BeachResort_C_4.StaticMesh' which is static to it. Aborting.
[2020.10.19-03.27.02:380][678]PIE: Warning: AttachTo: 'None.None:None.BP_T6BeachResort_C_5.RootComponent' is not static , cannot attach 'None.None:None.BP_T6BeachResort_C_5.StaticMesh' which is static to it. Aborting.
[2020.10.19-03.27.02:380][678]PIE: Warning: AttachTo: 'None.None:None.BP_T6BeachResort_C_6.RootComponent' is not static , cannot attach 'None.None:None.BP_T6BeachResort_C_6.StaticMesh' which is static to it. Aborting.
[2020.10.19-03.27.02:380][678]PIE: Warning: AttachTo: 'None.None:None.BP_T6AhuAkiviMoaiHeads_C_0.RootComponent' is not static , cannot attach 'None.None:None.BP_T6AhuAkiviMoaiHeads_C_0.Heads' which is static to it. Aborting.
[2020.10.19-03.27.02:380][678]PIE: Warning: AttachTo: 'None.None:None.BP_T6Tannery_C_0.RootComponent' is not static , cannot attach 'None.None:None.BP_T6Tannery_C_0.Hides' which is static to it. Aborting.
[2020.10.19-03.27.02:381][678]PIE: Warning: AttachTo: 'None.None:None.BP_T6Tannery_C_1.RootComponent' is not static , cannot attach 'None.None:None.BP_T6Tannery_C_1.Hides' which is static to it. Aborting.
[2020.10.19-03.27.02:381][678]PIE: Warning: AttachTo: 'None.None:None.BP_T6StorageQuay_C_0.RootComponent' is not static , cannot attach 'None.None:None.BP_T6StorageQuay_C_0.Crane' which is static to it. Aborting.
[2020.10.19-03.27.02:381][678]PIE: Warning: AttachTo: 'None.None:None.BP_T6StorageQuay_C_1.RootComponent' is not static , cannot attach 'None.None:None.BP_T6StorageQuay_C_1.Crane' which is static to it. Aborting.
[2020.10.19-03.27.02:381][678]PIE: Warning: AttachTo: 'None.None:None.BP_T6StorageQuay_C_2.RootComponent' is not static , cannot attach 'None.None:None.BP_T6StorageQuay_C_2.Crane' which is static to it. Aborting.
[2020.10.19-03.27.02:382][678]PIE: Warning: AttachTo: 'None.None:None.BP_T6FunfairPier_C_0.RootComponent' is not static , cannot attach 'None.None:None.BP_T6FunfairPier_C_0.StaticMesh' which is static to it. Aborting.
[2020.10.19-03.27.02:383][678]PIE: Warning: AttachTo: 'None.None:None.BP_T6FunfairPier_C_1.RootComponent' is not static , cannot attach 'None.None:None.BP_T6FunfairPier_C_1.StaticMesh' which is static to it. Aborting.
[2020.10.19-03.27.02:383][678]PIE: Warning: AttachTo: 'None.None:None.BP_T6FunfairPier_C_2.RootComponent' is not static , cannot attach 'None.None:None.BP_T6FunfairPier_C_2.StaticMesh' which is static to it. Aborting.
[2020.10.19-03.27.02:383][678]PIE: Warning: AttachTo: 'None.None:None.BP_T6FunfairPier_C_3.RootComponent' is not static , cannot attach 'None.None:None.BP_T6FunfairPier_C_3.StaticMesh' which is static to it. Aborting.
[2020.10.19-03.27.02:383][678]PIE: Warning: AttachTo: 'None.None:None.BP_T6AircraftCarrier_C_0.RootComponent' is not static , cannot attach 'None.None:None.BP_T6AircraftCarrier_C_0.StaticMesh' which is static to it. Aborting.
[2020.10.19-03.27.02:384][678]PIE: Warning: AttachTo: 'None.None:None.BP_T6SolarPowerPlant_C_0.RootComponent' is not static , cannot attach 'None.None:None.BP_T6SolarPowerPlant_C_0.StaticMesh' which is static to it. Aborting.
[2020.10.19-03.27.02:384][678]PIE: Warning: AttachTo: 'None.None:None.BP_T6SolarPowerPlant_C_1.RootComponent' is not static , cannot attach 'None.None:None.BP_T6SolarPowerPlant_C_1.StaticMesh' which is static to it. Aborting.
[2020.10.19-03.27.02:384][678]PIE: Warning: AttachTo: 'None.None:None.BP_College_C_0.RootComponent' is not static , cannot attach 'None.None:None.BP_College_C_0.T6PresidentePoseMesh.StatueSkeletalMeshComponent' which is static to it. Aborting.
[2020.10.19-03.27.02:384][678]PIE: Warning: AttachTo: 'None.None:None.BP_College_C_1.RootComponent' is not static , cannot attach 'None.None:None.BP_College_C_1.T6PresidentePoseMesh.StatueSkeletalMeshComponent' which is static to it. Aborting.
[2020.10.19-03.27.02:384][678]PIE: Warning: AttachTo: 'None.None:None.BP_T6Courthouse_C_0.RootComponent' is not static , cannot attach 'None.None:None.BP_T6Courthouse_C_0.BP_Prop_Flag' which is static to it. Aborting.
[2020.10.19-03.27.02:384][678]PIE: Warning: AttachTo: 'None.None:None.BP_T6ModernMansion_C_0.RootComponent' is not static , cannot attach 'None.None:None.BP_T6ModernMansion_C_0.PoolCutout' which is static to it. Aborting.
[2020.10.19-03.27.02:384][678]PIE: Warning: AttachTo: 'None.None:None.BP_T6ModernMansion_C_1.RootComponent' is not static , cannot attach 'None.None:None.BP_T6ModernMansion_C_1.PoolCutout' which is static to it. Aborting.
[2020.10.19-03.27.02:385][678]PIE: Warning: AttachTo: 'None.None:None.BP_T6ModernMansion_C_2.RootComponent' is not static , cannot attach 'None.None:None.BP_T6ModernMansion_C_2.PoolCutout' which is static to it. Aborting.
[2020.10.19-03.27.02:385][678]PIE: Warning: AttachTo: 'None.None:None.BP_T6ModernMansion_C_3.RootComponent' is not static , cannot attach 'None.None:None.BP_T6ModernMansion_C_3.PoolCutout' which is static to it. Aborting.
[2020.10.19-03.27.02:385][678]PIE: Warning: AttachTo: 'None.None:None.BP_T6ModernMansion_C_4.RootComponent' is not static , cannot attach 'None.None:None.BP_T6ModernMansion_C_4.PoolCutout' which is static to it. Aborting.
[2020.10.19-03.27.02:385][678]PIE: Warning: AttachTo: 'None.None:None.BP_T6ModernMansion_C_5.RootComponent' is not static , cannot attach 'None.None:None.BP_T6ModernMansion_C_5.PoolCutout' which is static to it. Aborting.
[2020.10.19-03.27.02:385][678]PIE: Warning: AttachTo: 'None.None:None.BP_T6ModernMansion_C_6.RootComponent' is not static , cannot attach 'None.None:None.BP_T6ModernMansion_C_6.PoolCutout' which is static to it. Aborting.
[2020.10.19-03.27.02:385][678]PIE: Warning: AttachTo: 'None.None:None.BP_T6ModernMansion_C_7.RootComponent' is not static , cannot attach 'None.None:None.BP_T6ModernMansion_C_7.PoolCutout' which is static to it. Aborting.
[2020.10.19-03.27.02:385][678]PIE: Warning: AttachTo: 'None.None:None.BP_T6ModernMansion_C_8.RootComponent' is not static , cannot attach 'None.None:None.BP_T6ModernMansion_C_8.PoolCutout' which is static to it. Aborting.
[2020.10.19-03.27.02:385][678]PIE: Warning: AttachTo: 'None.None:None.BP_T6ModernMansion_C_9.RootComponent' is not static , cannot attach 'None.None:None.BP_T6ModernMansion_C_9.PoolCutout' which is static to it. Aborting.
[2020.10.19-03.27.02:385][678]PIE: Warning: AttachTo: 'None.None:None.BP_T6ModernMansion_C_10.RootComponent' is not static , cannot attach 'None.None:None.BP_T6ModernMansion_C_10.PoolCutout' which is static to it. Aborting.
[2020.10.19-03.27.02:385][678]PIE: Warning: AttachTo: 'None.None:None.BP_T6ModernMansion_C_11.RootComponent' is not static , cannot attach 'None.None:None.BP_T6ModernMansion_C_11.PoolCutout' which is static to it. Aborting.
[2020.10.19-03.27.02:385][678]PIE: Warning: AttachTo: 'None.None:None.BP_T6CruiseShip_C_0.RootComponent' is not static , cannot attach 'None.None:None.BP_T6CruiseShip_C_0.StaticMesh' which is static to it. Aborting.
[2020.10.19-03.27.02:385][678]PIE: Warning: AttachTo: 'None.None:None.BP_T6CruiseShip_C_1.RootComponent' is not static , cannot attach 'None.None:None.BP_T6CruiseShip_C_1.StaticMesh' which is static to it. Aborting.
[2020.10.19-03.27.02:385][678]PIE: Warning: AttachTo: 'None.None:None.BP_T6CruiseShip_C_2.RootComponent' is not static , cannot attach 'None.None:None.BP_T6CruiseShip_C_2.StaticMesh' which is static to it. Aborting.
[2020.10.19-03.27.02:385][678]PIE: Warning: AttachTo: 'None.None:None.BP_T6CruiseShip_C_3.RootComponent' is not static , cannot attach 'None.None:None.BP_T6CruiseShip_C_3.StaticMesh' which is static to it. Aborting.
[2020.10.19-03.27.02:385][678]PIE: Warning: AttachTo: 'None.None:None.BP_T6Dock_C_0.RootComponent' is not static , cannot attach 'None.None:None.BP_T6Dock_C_0.Crane' which is static to it. Aborting.
[2020.10.19-03.27.02:386][678]PIE: Warning: AttachTo: 'None.None:None.BP_T6Dock_C_1.RootComponent' is not static , cannot attach 'None.None:None.BP_T6Dock_C_1.Crane' which is static to it. Aborting.
[2020.10.19-03.27.03:704][678]LogRF: BeginPlay map=/Game/Maps/MainMenu/MainMenuMap?closed, saveGame=, netmode=0
[2020.10.19-03.29.23:128][286]LogRF: BeginPlay map=/Game/Maps/Episodes/Episode_08/EP_BetterRedThanDead, saveGame=Trop6_Sav_Better Red Than Dead May, 1993, netmode=0
[2020.10.19-03.29.25:056][287]LogRF: Savegame history: t6-#154-win64-steam@df871cc
[2020.10.19-04.21.40:535][399]LogRF: BeginPlay map=/Game/Maps/MainMenu/MainMenuMap?closed, saveGame=, netmode=0
[2020.10.19-04.21.56:226][172]LogRF: Cheat by BP_T6PlayerControllerMainMenu_C_0: quit
[2020.10.19-04.21.56:226][172]Closing by request
[2020.10.19-04.21.58:926][173]Log file closed, 10/19/20 07:21:58
