[2020.10.20-03.17.02:107][  0]Log file open, 10/20/20 06:17:02
[2020.10.20-03.17.02:107][  0]LogMemory: Platform Memory Stats for WindowsNoEditor
[2020.10.20-03.17.02:107][  0]LogMemory: Process Physical Memory: 104.01 MB used, 104.01 MB peak
[2020.10.20-03.17.02:107][  0]LogMemory: Process Virtual Memory: 103.27 MB used, 103.27 MB peak
[2020.10.20-03.17.02:107][  0]LogMemory: Physical Memory: 6638.56 MB used,  9682.19 MB free, 16320.75 MB total
[2020.10.20-03.17.02:107][  0]LogMemory: Virtual Memory: 4541.98 MB used,  9682.19 MB free, 134217728.00 MB total
[2020.10.20-03.17.10:445][  0]LogRF: BuildID: t6-#154-win64-steam@df871cc Version: v.11
[2020.10.20-03.17.11:695][  0]LogEngine: Error: Failed to load '/Script/NavigationSystem.NavigationSystemV1', falling back to 'NavigationSystemBase'
[2020.10.20-03.18.08:452][  0]LogRF: BeginPlay map=/Game/Maps/MainMenu/MainMenuMap?Name=Player, saveGame=, netmode=0
[2020.10.20-03.18.33:334][433]LogRF: ActivateMod: BP_ModSandboxMap_Patch11
[2020.10.20-03.20.14:089][200]LogRF: BeginPlay map=/Game/Maps/Episodes/Episode_15/EP_BattleRoyale, saveGame=Trop6_Sav_Battle Royal 4y 4 m, netmode=0
[2020.10.20-03.20.16:473][201]LogRF: Savegame history: 
[2020.10.20-03.49.42:629][527]LogRF: BeginPlay map=/Game/Maps/Episodes/Episode_15/EP_BattleRoyale, saveGame=Trop6_Sav_Battle Royal 3y , netmode=0
[2020.10.20-03.49.43:683][528]LogRF: Savegame history: t6-#154-win64-steam@df871cc
[2020.10.20-04.00.19:975][529]LogRF: TQ-17686: UT6ActionSpendMoney spending 15000 in 1
[2020.10.20-04.00.32:469][ 26]PIE: Warning: AttachTo: '/Game/Maps/Episodes/Episode_15/EP_BattleRoyale.EP_BattleRoyale:PersistentLevel.BP_T6Dock_C_0.RootComponent' is not static , cannot attach '/Game/Maps/Episodes/Episode_15/EP_BattleRoyale.EP_BattleRoyale:PersistentLevel.BP_T6Dock_C_0.Crane' which is static to it. Aborting.
[2020.10.20-04.51.47:259][196]LogRF: BeginPlay map=/Game/Maps/Episodes/Episode_15/EP_BattleRoyale, saveGame=Trop6_Sav_Battle Royal Mar, 1926, netmode=0
[2020.10.20-04.51.48:665][197]LogRF: Savegame history: t6-#154-win64-steam@df871cc
[2020.10.20-05.20.14:635][230]LogRF: Cheat by BP_T6PlayerController_C_0: exit
[2020.10.20-05.20.14:658][230]Closing by request
[2020.10.20-05.20.18:726][231]Log file closed, 10/20/20 08:20:18
