[2020.10.20-13.19.51:736][  0]Log file open, 10/20/20 16:19:51
[2020.10.20-13.19.51:736][  0]LogMemory: Platform Memory Stats for WindowsNoEditor
[2020.10.20-13.19.51:736][  0]LogMemory: Process Physical Memory: 104.30 MB used, 104.30 MB peak
[2020.10.20-13.19.51:736][  0]LogMemory: Process Virtual Memory: 103.19 MB used, 103.19 MB peak
[2020.10.20-13.19.51:736][  0]LogMemory: Physical Memory: 7212.75 MB used,  9108.00 MB free, 16320.75 MB total
[2020.10.20-13.19.51:736][  0]LogMemory: Virtual Memory: 4541.98 MB used,  9108.00 MB free, 134217728.00 MB total
[2020.10.20-13.19.53:321][  0]LogRF: BuildID: t6-#154-win64-steam@df871cc Version: v.11
[2020.10.20-13.19.53:378][  0]LogEngine: Error: Failed to load '/Script/NavigationSystem.NavigationSystemV1', falling back to 'NavigationSystemBase'
[2020.10.20-13.20.01:964][  0]LogRF: BeginPlay map=/Game/Maps/MainMenu/MainMenuMap?Name=Player, saveGame=, netmode=0
[2020.10.20-13.20.02:996][  6]LogRF: ActivateMod: BP_ModSandboxMap_Patch11
[2020.10.20-13.20.21:932][382]LogRF: BeginPlay map=/Game/Maps/Episodes/Episode_15/EP_BattleRoyale, saveGame=Trop6_AutoSave0, netmode=0
[2020.10.20-13.20.26:565][383]LogRF: Savegame history: t6-#154-win64-steam@df871cc, t6-#154-win64-steam@df871cc
[2020.10.20-13.21.43:394][ 62]LogWindows: Error: === Critical error: ===
[2020.10.20-13.21.43:395][ 62]LogWindows: Error: 
[2020.10.20-13.21.43:395][ 62]LogWindows: Error: Fatal error!
[2020.10.20-13.21.43:395][ 62]LogWindows: Error: 
[2020.10.20-13.21.43:395][ 62]LogWindows: Error: Unhandled Exception: EXCEPTION_ACCESS_VIOLATION reading address 0x0000041c
[2020.10.20-13.21.43:395][ 62]LogWindows: Error: 
[2020.10.20-13.21.43:395][ 62]LogWindows: Error: [Callstack] 0x00007ff6f573c91f Tropico6-Win64-Shipping.exe!UnknownFunction []
[2020.10.20-13.21.43:395][ 62]LogWindows: Error: [Callstack] 0x00007ff6f578a499 Tropico6-Win64-Shipping.exe!UnknownFunction []
[2020.10.20-13.21.43:395][ 62]LogWindows: Error: [Callstack] 0x00007ff6f5720664 Tropico6-Win64-Shipping.exe!UnknownFunction []
[2020.10.20-13.21.43:395][ 62]LogWindows: Error: [Callstack] 0x00007ff6f5907d72 Tropico6-Win64-Shipping.exe!UnknownFunction []
[2020.10.20-13.21.43:395][ 62]LogWindows: Error: [Callstack] 0x00007ff6f5930335 Tropico6-Win64-Shipping.exe!UnknownFunction []
[2020.10.20-13.21.43:395][ 62]LogWindows: Error: [Callstack] 0x00007ff6f55d3288 Tropico6-Win64-Shipping.exe!UnknownFunction []
[2020.10.20-13.21.43:395][ 62]LogWindows: Error: [Callstack] 0x00007ff6f6de884e Tropico6-Win64-Shipping.exe!UnknownFunction []
[2020.10.20-13.21.43:395][ 62]LogWindows: Error: [Callstack] 0x00007ff6f55d7ecb Tropico6-Win64-Shipping.exe!UnknownFunction []
[2020.10.20-13.21.43:395][ 62]LogWindows: Error: [Callstack] 0x00007ff6f55baac2 Tropico6-Win64-Shipping.exe!UnknownFunction []
[2020.10.20-13.21.43:395][ 62]LogWindows: Error: [Callstack] 0x00007ff6f6af5e33 Tropico6-Win64-Shipping.exe!UnknownFunction []
[2020.10.20-13.21.43:395][ 62]LogWindows: Error: [Callstack] 0x00007ff6f6a220d7 Tropico6-Win64-Shipping.exe!UnknownFunction []
[2020.10.20-13.21.43:395][ 62]LogWindows: Error: [Callstack] 0x00007ff6f52bd689 Tropico6-Win64-Shipping.exe!UnknownFunction []
[2020.10.20-13.21.43:395][ 62]LogWindows: Error: [Callstack] 0x00007ff6f52c307e Tropico6-Win64-Shipping.exe!UnknownFunction []
[2020.10.20-13.21.43:395][ 62]LogWindows: Error: [Callstack] 0x00007ff6f52c30fa Tropico6-Win64-Shipping.exe!UnknownFunction []
[2020.10.20-13.21.43:395][ 62]LogWindows: Error: [Callstack] 0x00007ff6f52cb359 Tropico6-Win64-Shipping.exe!UnknownFunction []
[2020.10.20-13.21.43:395][ 62]LogWindows: Error: [Callstack] 0x00007ff6f759d656 Tropico6-Win64-Shipping.exe!UnknownFunction []
[2020.10.20-13.21.43:395][ 62]LogWindows: Error: [Callstack] 0x00007ffe47b27bd4 KERNEL32.DLL!UnknownFunction []
[2020.10.20-13.21.43:395][ 62]LogWindows: Error: [Callstack] 0x00007ffe492ace51 ntdll.dll!UnknownFunction []
[2020.10.20-13.21.43:395][ 62]LogWindows: Error: 
[2020.10.20-13.21.43:676][ 62]Log file closed, 10/20/20 16:21:43
