Log: Log file open, 01/25/19 06:24:07
Init: WinSock: version 1.1 (2.2), MaxSocks=32767, MaxUdp=65467
Log:  ... running in INSTALLED mode
DevConfig: GConfig::Find has loaded file:  ..\..\Engine\Config\ConsoleVariables.ini
Init: Version: 12097
Init: Epic Internal: 0
Init: Compiled (32-bit): May 15 2017 10:11:20
Init: Changelist: 1999891
Init: Command line: 
Init: Base directory: D:\Games\Steam\steamapps\common\A Story About My Uncle\Binaries\Win32\
[0001.77] Init: Computer: DESKTOP-GOFHAS2
[0001.77] Init: User: kaloan
[0001.77] Init: CPU Page size=4096, Processors=16
[0001.77] Init: High frequency timer resolution =2.924195 MHz
[0001.77] Init: Memory total: Physical=15.9GB (16GB approx) Pagefile=18.3GB Virtual=4.0GB
[0002.59] Log: Steam Client API initialized 1
[0002.77] Log: Steam Game Server API initialized 1
[0002.89] Init: Presizing for 33476 objects not considered by GC, pre-allocating 0 bytes.
[0003.20] Init: Object subsystem initialized
[0003.27] DevDataBase: Connection to "Provider=sqloledb;Data Source=production-db;Initial Catalog=EngineTaskPerf;Trusted_Connection=Yes;Connection Timeout=2" or "10.1.20.20" failed
[0003.48] Log: Found D3D11 adapter 0: NVIDIA GeForce GTX 960
[0003.49] Log: Adapter has 2007MB of dedicated video memory, 0MB of dedicated system memory, and 2088MB of shared system memory
[0003.63] Log: Found D3D11 adapter 1: Microsoft Basic Render Driver
[0003.63] Log: Adapter has 0MB of dedicated video memory, 0MB of dedicated system memory, and 4095MB of shared system memory
[0003.79] Log: Shader platform (RHI): PC-D3D-SM3
[0004.59] Log: PhysX GPU Support: DISABLED
[0015.39] Log: 82443 objects as part of root set at end of initial load.
[0015.39] Log: 0 out of 0 bytes used by permanent object pool.
[0015.39] Log: Initializing Engine...
[0017.96] DevOnline: Created named interface (RecentPlayersList) of type (Engine.OnlineRecentPlayersList)
[0017.96] Log: Initializing Steamworks
[0017.97] DevOnline: Steam ID: 76561198024539886
[0017.97] DevOnline: Steam universe: PUBLIC
[0017.97] DevOnline: Steam appid: 278360
[0017.97] DevOnline: Steam IsSubscribed: 1
[0017.97] DevOnline: Steam IsLowViolence: 0
[0017.97] DevOnline: Steam IsCybercafe: 0
[0017.97] DevOnline: Steam IsVACBanned: 0
[0017.97] DevOnline: Steam IP country: BG
[0017.97] DevOnline: Steam official server time: 1548390267
[0017.97] DevOnline: Steam Cloud quota: 1000000 / 1000000
[0017.97] Log: Logged in as 'Marcus Aurelius'
[0017.98] DevOnline: Failed to create the voice interface
[0018.03] Warning: Warning, Failed to load 'Class None.': Failed to find object 'Class None.'
[0018.04] Warning: Warning, Failed to find object 'Class None.'
[0018.05] Warning: Warning, Failed to load 'Class None.': Failed to find object 'Class None.'
[0018.05] Warning: Warning, Failed to find object 'Class None.'
[0018.05] Warning: Warning, Failed to load 'Class None.': Failed to find object 'Class None.'
[0018.05] Warning: Warning, Failed to find object 'Class None.'
[0018.05] Warning: Warning, Failed to load 'Class None.': Failed to find object 'Class None.'
[0018.05] Warning: Warning, Failed to find object 'Class None.'
[0018.08] Log: LoadMap: ASAMULegal?Name=Player?Team=255
[0018.25] Log: Game class is 'ASAMULegalGameInfo'
[0018.27] Log: Primary PhysX scene will be in software.
[0018.27] Log: Creating Primary PhysX Scene.
[0018.27] Log: Bringing World asamulegal.TheWorld up for play (0) at 2019.01.25-06.24.24
[0018.28] Log: Bringing up level for play took: 0.018857
[0018.29] Log: ########### Finished loading level: 0.211447 seconds
[0018.32] Log: Initializing Engine Completed
[0018.32] Log: >>>>>>>>>>>>>> Initial startup: 18.32s <<<<<<<<<<<<<<<
[0018.71] DevOnline: UserStatsReceived: bIOFailure: 0, UID: 76561198024539886, Result: '1' k_EResultOK (success)
[0018.71] DevOnline: Async task 'FOnlineAsyncTaskSteamUserStatsReceived completed bWasSuccessful: 1, User: 76561198024539886, Result: '1' k_EResultOK (success)' completed in 0.422982 seconds with 1
[0018.71] DevOnline: Obtained steam user stats, user: 76561198024539886
[0030.51] Log: LoadMap: ASAMUFrontEndMap?Name=Player?Team=255?game=ASAMU.GFxASAMUMenuGameInfo
[0030.51] Log: --- LOADING MOVIE START ---
[0030.52] DevOnline: Clearing online delegates for ASAMUPlayerControllerLegal_0 (Player:LocalPlayer_0)
[0031.59] Log: Game class is 'GFxASAMUMenuGameInfo'
[0031.63] Log: Primary PhysX scene will be in software.
[0031.63] Log: Creating Primary PhysX Scene.
[0031.65] Log: Bringing World ASAMUFrontEndMap.TheWorld up for play (0) at 2019.01.25-06.24.37
[0031.84] Error: Failed to read file '..\..\ASAMU\Saves\PlayerProgression.bin' error ()
[0031.84] ScriptLog: The progressionmanagers save is of an old version! Resetting saves!
[0031.87] Log: Bringing up level for play took: 0.282127
[0031.87] ScriptWarning: Accessed None 'PlayerInput'
	ASAMUPlayerController ASAMUFrontEndMap.TheWorld:PersistentLevel.ASAMUPlayerController_0
	Function asamu.ASAMUPlayerController:PostBeginPlay:008E
[0031.87] ScriptWarning: Attempt to assign variable through None
	ASAMUPlayerController ASAMUFrontEndMap.TheWorld:PersistentLevel.ASAMUPlayerController_0
	Function asamu.ASAMUPlayerController:PostBeginPlay:00A2
[0031.89] ScriptWarning: Accessed None 'Pawn'
	ASAMUSettingsManager Transient.ASAMUSettingsManager_1
	Function asamu.ASAMUSettingsManager:ApplyBeamColor:03E3
[0031.89] ScriptWarning: Accessed None
	ASAMUSettingsManager Transient.ASAMUSettingsManager_1
	Function asamu.ASAMUSettingsManager:ApplyBeamColor:03F7
[0031.89] ScriptWarning: Accessed None 'myHUD'
	ASAMUSettingsManager Transient.ASAMUSettingsManager_1
	Function asamu.ASAMUSettingsManager:ApplyBeamColor:043F
[0031.89] ScriptWarning: Accessed None
	ASAMUSettingsManager Transient.ASAMUSettingsManager_1
	Function asamu.ASAMUSettingsManager:ApplyBeamColor:0453
[0031.89] Log: ########### Finished loading level: 1.385673 seconds
[0032.17] Error: Failed to read file '..\..\ASAMU\Saves\TTS.bin' error ()
[0032.31] DevOnline: UserStatsReceived: bIOFailure: 0, UID: 76561198024539886, Result: '1' k_EResultOK (success)
[0032.31] DevOnline: Async task 'FOnlineAsyncTaskSteamUserStatsReceived completed bWasSuccessful: 1, User: 76561198024539886, Result: '1' k_EResultOK (success)' completed in 0.402485 seconds with 1
[0032.31] Log: --- LOADING MOVIE TIME: 1.80 sec ---
[0032.32] DevOnline: Obtained steam user stats, user: 76561198024539886
[0054.27] Log: Bool Fullscreen set to 1
[0085.67] DevOnline: Steam IPC calls in the last minute: 66
[0101.30] ScriptWarning: Accessed None 'PlayerPawn'
	SaveGameState Transient.SaveGameState_1
	Function asamu.SaveGameState:SaveGameState:015B
[0101.30] ScriptWarning: Accessed None
	SaveGameState Transient.SaveGameState_1
	Function asamu.SaveGameState:SaveGameState:016F
[0101.35] Log: LoadMap: AG-Workshop?Name=Player?Team=255?game=ASAMU.ASAMUGameInfo
[0101.35] Log: --- LOADING MOVIE START ---
[0101.39] DevOnline: Clearing online delegates for ASAMUPlayerController_0 (Player:LocalPlayer_0)
[0102.52] Log: Game class is 'ASAMUGameInfo'
[0102.54] Log: Primary PhysX scene will be in software.
[0102.54] Log: Creating Primary PhysX Scene.
[0102.55] Log: Bringing World ag-workshop.TheWorld up for play (0) at 2019.01.25-06.25.48
[0102.57] Log: Bringing up level for play took: 0.045827
[0102.57] ScriptWarning: Accessed None 'PlayerInput'
	ASAMUPlayerController ag-workshop.TheWorld:PersistentLevel.ASAMUPlayerController_1
	Function asamu.ASAMUPlayerController:PostBeginPlay:008E
[0102.57] ScriptWarning: Attempt to assign variable through None
	ASAMUPlayerController ag-workshop.TheWorld:PersistentLevel.ASAMUPlayerController_1
	Function asamu.ASAMUPlayerController:PostBeginPlay:00A2
[0102.62] ScriptLog: ### Load Game!
[0102.62] ScriptLog: -----------------------------LOADGAMESTATE-----------------------------
[0102.62] ScriptWarning: spawnPointActor is none but the player should set rotation to it's rotation! Index: [0]
	ASAMUCheckpoint ag-workshop.TheWorld:PersistentLevel.ASAMUCheckpoint_0
	Function asamu.ASAMUCheckpoint:GetPlayerSpawnRotation:0087
[0102.62] ScriptWarning: spawnPointActor is none but the player should set rotation to it's rotation! Index: [0]
	ASAMUCheckpoint ag-workshop.TheWorld:PersistentLevel.ASAMUCheckpoint_0
	Function asamu.ASAMUCheckpoint:GetPlayerSpawnRotation:0087
[0102.64] Log: ########### Finished loading level: 1.282678 seconds
[0102.93] DevOnline: UserStatsReceived: bIOFailure: 0, UID: 76561198024539886, Result: '1' k_EResultOK (success)
[0102.93] DevOnline: Async task 'FOnlineAsyncTaskSteamUserStatsReceived completed bWasSuccessful: 1, User: 76561198024539886, Result: '1' k_EResultOK (success)' completed in 0.351969 seconds with 1
[0102.93] DevOnline: Obtained steam user stats, user: 76561198024539886
[0103.04] Log: --- LOADING MOVIE TIME: 1.68 sec ---
[0146.81] DevOnline: Steam IPC calls in the last minute: 10
[0160.01] ScriptLog: --- Finished narrator line with id [SteppedIntoTheLobby]
[0206.83] DevOnline: Steam IPC calls in the last minute: 0
[0266.83] DevOnline: Steam IPC calls in the last minute: 0
[0326.83] DevOnline: Steam IPC calls in the last minute: 0
[0361.57] ScriptWarning: Accessed None 'PauseMenuASAMU'
	ASAMUHUD ag-workshop.TheWorld:PersistentLevel.ASAMUHUD_0
	Function asamu.ASAMUHUD:OnLostFocusPause:001C
[0404.54] DevOnline: Steam IPC calls in the last minute: 0
[0464.56] DevOnline: Steam IPC calls in the last minute: 0
[0528.70] DevOnline: Steam IPC calls in the last minute: 0
[0588.70] DevOnline: Steam IPC calls in the last minute: 0
[0648.70] DevOnline: Steam IPC calls in the last minute: 0
[0718.38] DevOnline: Steam IPC calls in the last minute: 0
[0782.66] DevOnline: Steam IPC calls in the last minute: 0
[0842.66] DevOnline: Steam IPC calls in the last minute: 0
[0886.94] ScriptLog: --- Finished narrator line with id [Postcards]
[0902.67] DevOnline: Steam IPC calls in the last minute: 0
[0962.67] DevOnline: Steam IPC calls in the last minute: 0
[1022.67] DevOnline: Steam IPC calls in the last minute: 0
[1048.09] ScriptWarning: Tried to remove narratorline which is null!
	ASAMUNarratorManager ag-workshop.TheWorld:PersistentLevel.ASAMUNarratorManager_1
	Function asamu.ASAMUNarratorManager:RemoveLine:0111
[1065.50] ScriptLog: --- Finished narrator line with id [TheAdventureSuit1]
[1077.40] ScriptLog: --- Finished narrator line with id [TheAdventureSuit2]
[1082.68] DevOnline: Steam IPC calls in the last minute: 0
[1137.36] ScriptLog: --- Finished narrator line with id [Obsevatory1]
[1142.69] DevOnline: Steam IPC calls in the last minute: 0
[1148.02] ScriptLog: --- Finished narrator line with id [Obsevatory2]
[1202.69] DevOnline: Steam IPC calls in the last minute: 0
[1246.10] Log: LoadMap: AG-ParadiseCave?Name=Player?Team=255?game=ASAMU.ASAMUGameInfo
[1246.10] Log: --- LOADING MOVIE START ---
[1246.13] DevOnline: Clearing online delegates for ASAMUPlayerController_1 (Player:LocalPlayer_0)
[1248.48] Log: Game class is 'ASAMUGameInfo'
[1248.55] Log: Primary PhysX scene will be in software.
[1248.55] Log: Creating Primary PhysX Scene.
[1248.64] Log: Bringing World AG-ParadiseCave.TheWorld up for play (0) at 2019.01.25-06.44.54
[1248.69] Log: Bringing up level for play took: 0.207686
[1248.69] ScriptWarning: Accessed None 'PlayerInput'
	ASAMUPlayerController AG-ParadiseCave.TheWorld:PersistentLevel.ASAMUPlayerController_2
	Function asamu.ASAMUPlayerController:PostBeginPlay:008E
[1248.69] ScriptWarning: Attempt to assign variable through None
	ASAMUPlayerController AG-ParadiseCave.TheWorld:PersistentLevel.ASAMUPlayerController_2
	Function asamu.ASAMUPlayerController:PostBeginPlay:00A2
[1248.69] ScriptLog: BEAT EVENT ACTOR INITIALIZED!
[1248.69] ScriptLog: BEAT EVENT ACTOR INITIALIZED!
[1248.69] ScriptLog: ### Load Game!
[1248.71] ScriptLog: -----------------------------LOADGAMESTATE-----------------------------
[1248.71] ScriptWarning: spawnPointActor is none but the player should set rotation to it's rotation! Index: [0]
	ASAMUCheckpoint AG-ParadiseCave.TheWorld:PersistentLevel.ASAMUCheckpoint_23
	Function asamu.ASAMUCheckpoint:GetPlayerSpawnRotation:0087
[1248.71] ScriptWarning: spawnPointActor is none but the player should set rotation to it's rotation! Index: [0]
	ASAMUCheckpoint AG-ParadiseCave.TheWorld:PersistentLevel.ASAMUCheckpoint_23
	Function asamu.ASAMUCheckpoint:GetPlayerSpawnRotation:0087
[1248.71] ScriptLog: ### Save game event called!
[1248.71] Log: ########### Finished loading level: 2.614795 seconds
[1248.90] Log: Command not recognized: CannotGrapple
[1248.90] Log: Command not recognized: SaveLevelTwo
[1248.90] Log: Onscreen warngins/messages are now DISABLED
[1249.12] DevOnline: UserStatsReceived: bIOFailure: 0, UID: 76561198024539886, Result: '1' k_EResultOK (success)
[1249.12] DevOnline: Async task 'FOnlineAsyncTaskSteamUserStatsReceived completed bWasSuccessful: 1, User: 76561198024539886, Result: '1' k_EResultOK (success)' completed in 0.403630 seconds with 1
[1249.12] DevOnline: Obtained steam user stats, user: 76561198024539886
[1249.27] Log: --- LOADING MOVIE TIME: 3.16 sec ---
[1265.18] DevOnline: Steam IPC calls in the last minute: 11
[1271.69] ScriptLog: --- Finished narrator line with id [Land]
[1302.49] ScriptLog: --- Finished narrator line with id [BewareOfWater]
[1325.20] DevOnline: Steam IPC calls in the last minute: 0
[1335.71] Log: ASAMUPawn_1 PLAYSOUND with no sound cue called from PlayLandSound
[1335.71] Log: Script call stack:
	Function asamu.ASAMUPawn:Landed
	Function UTGame.UTPawnSoundGroup:PlayLandSound

[1341.44] Log: ASAMUPawn_1 PLAYSOUND with no sound cue called from PlayLandSound
[1341.44] Log: Script call stack:
	Function asamu.ASAMUPawn:Landed
	Function UTGame.UTPawnSoundGroup:PlayLandSound

[1371.10] ScriptLog: --- Finished narrator line with id [BridgesAndSymbols]
[1385.21] DevOnline: Steam IPC calls in the last minute: 0
[1405.38] ScriptLog: --- Finished narrator line with id [Collectables]
[1424.05] Log: ASAMUPawn_1 PLAYSOUND with no sound cue called from PlayLandSound
[1424.05] Log: Script call stack:
	Function asamu.ASAMUPawn:Landed
	Function UTGame.UTPawnSoundGroup:PlayLandSound

[1429.95] Log: ASAMUPawn_1 PLAYSOUND with no sound cue called from PlayLandSound
[1429.95] Log: Script call stack:
	Function asamu.ASAMUPawn:Landed
	Function UTGame.UTPawnSoundGroup:PlayLandSound

[1435.99] Log: ASAMUPawn_1 PLAYSOUND with no sound cue called from PlayLandSound
[1435.99] Log: Script call stack:
	Function asamu.ASAMUPawn:Landed
	Function UTGame.UTPawnSoundGroup:PlayLandSound

[1445.22] DevOnline: Steam IPC calls in the last minute: 0
[1484.10] Log: ASAMUPawn_1 PLAYSOUND with no sound cue called from PlayLandSound
[1484.10] Log: Script call stack:
	Function asamu.ASAMUPawn:Landed
	Function UTGame.UTPawnSoundGroup:PlayLandSound

[1505.23] DevOnline: Steam IPC calls in the last minute: 0
[1541.04] ScriptLog: --- Finished narrator line with id [OSSFredsCamp]
[1565.25] DevOnline: Steam IPC calls in the last minute: 0
[1603.89] Log: ASAMUPawn_1 PLAYSOUND with no sound cue called from PlayLandSound
[1603.89] Log: Script call stack:
	Function asamu.ASAMUPawn:Landed
	Function UTGame.UTPawnSoundGroup:PlayLandSound

[1625.25] DevOnline: Steam IPC calls in the last minute: 0
[1633.30] Log: ASAMUPawn_1 PLAYSOUND with no sound cue called from PlayLandSound
[1633.30] Log: Script call stack:
	Function asamu.ASAMUPawn:Landed
	Function UTGame.UTPawnSoundGroup:PlayLandSound

[1661.38] Log: ASAMUPawn_1 PLAYSOUND with no sound cue called from PlayLandSound
[1661.38] Log: Script call stack:
	Function asamu.ASAMUPawn:Landed
	Function UTGame.UTPawnSoundGroup:PlayLandSound

[1685.26] DevOnline: Steam IPC calls in the last minute: 0
[1687.05] ScriptWarning: Could not find materialtype for current ground!
	ASAMUSoundGroup asamu.Default__ASAMUSoundGroup
	Function asamu.ASAMUSoundGroup:GetLandSound:02B6
[1694.39] Log: ASAMUPawn_1 PLAYSOUND with no sound cue called from PlayLandSound
[1694.39] Log: Script call stack:
	Function asamu.ASAMUPawn:Landed
	Function UTGame.UTPawnSoundGroup:PlayLandSound

[1713.81] Log: ASAMUPawn_1 PLAYSOUND with no sound cue called from PlayLandSound
[1713.81] Log: Script call stack:
	Function asamu.ASAMUPawn:Landed
	Function UTGame.UTPawnSoundGroup:PlayLandSound

[1722.61] Log: ASAMUPawn_1 PLAYSOUND with no sound cue called from PlayLandSound
[1722.61] Log: Script call stack:
	Function asamu.ASAMUPawn:Landed
	Function UTGame.UTPawnSoundGroup:PlayLandSound

[1733.49] ScriptWarning: Tried to remove narratorline which is null!
	ASAMUNarratorManager AG-ParadiseCave.TheWorld:PersistentLevel.ASAMUNarratorManager_2
	Function asamu.ASAMUNarratorManager:RemoveLine:0111
[1742.04] ScriptLog: --- Finished narrator line with id [FirstGrapple]
[1745.26] DevOnline: Steam IPC calls in the last minute: 0
[1767.36] Log: ASAMUPawn_1 PLAYSOUND with no sound cue called from PlayLandSound
[1767.36] Log: Script call stack:
	Function asamu.ASAMUPawn:Landed
	Function UTGame.UTPawnSoundGroup:PlayLandSound

[1786.43] Log: ASAMUPawn_1 PLAYSOUND with no sound cue called from PlayLandSound
[1786.43] Log: Script call stack:
	Function asamu.ASAMUPawn:Landed
	Function UTGame.UTPawnSoundGroup:PlayLandSound

[1805.27] DevOnline: Steam IPC calls in the last minute: 0
[1805.85] ScriptLog: --- Finished narrator line with id [GrappleSymbol]
[1816.85] ScriptWarning: Could not find materialtype for current ground!
	ASAMUSoundGroup asamu.Default__ASAMUSoundGroup
	Function asamu.ASAMUSoundGroup:GetLandSound:02B6
[1828.16] Log: ASAMUPawn_1 PLAYSOUND with no sound cue called from PlayLandSound
[1828.16] Log: Script call stack:
	Function asamu.ASAMUPawn:Landed
	Function UTGame.UTPawnSoundGroup:PlayLandSound

[1847.02] Log: ASAMUPawn_1 PLAYSOUND with no sound cue called from PlayLandSound
[1847.02] Log: Script call stack:
	Function asamu.ASAMUPawn:Landed
	Function UTGame.UTPawnSoundGroup:PlayLandSound

[1864.40] Log: ASAMUPawn_1 PLAYSOUND with no sound cue called from PlayLandSound
[1864.40] Log: Script call stack:
	Function asamu.ASAMUPawn:Landed
	Function UTGame.UTPawnSoundGroup:PlayLandSound

[1865.28] DevOnline: Steam IPC calls in the last minute: 0
[1876.36] ScriptWarning: Could not find materialtype for current ground!
	ASAMUSoundGroup asamu.Default__ASAMUSoundGroup
	Function asamu.ASAMUSoundGroup:GetLandSound:02B6
[1887.25] Log: ASAMUPawn_1 PLAYSOUND with no sound cue called from PlayLandSound
[1887.25] Log: Script call stack:
	Function asamu.ASAMUPawn:Landed
	Function UTGame.UTPawnSoundGroup:PlayLandSound

[1903.89] ScriptLog: --- Finished narrator line with id [PowerLeapGrapple]
[1925.29] DevOnline: Steam IPC calls in the last minute: 0
[1937.17] Log: ASAMUPawn_1 PLAYSOUND with no sound cue called from PlayLandSound
[1937.17] Log: Script call stack:
	Function asamu.ASAMUPawn:Landed
	Function UTGame.UTPawnSoundGroup:PlayLandSound

[1948.67] Log: ASAMUPawn_1 PLAYSOUND with no sound cue called from PlayLandSound
[1948.67] Log: Script call stack:
	Function asamu.ASAMUPawn:Landed
	Function UTGame.UTPawnSoundGroup:PlayLandSound

[1952.90] Log: ASAMUPawn_1 PLAYSOUND with no sound cue called from PlayLandSound
[1952.90] Log: Script call stack:
	Function asamu.ASAMUPawn:Landed
	Function UTGame.UTPawnSoundGroup:PlayLandSound

[1959.48] Log: ASAMUPawn_1 PLAYSOUND with no sound cue called from PlayLandSound
[1959.48] Log: Script call stack:
	Function asamu.ASAMUPawn:Landed
	Function UTGame.UTPawnSoundGroup:PlayLandSound

[1971.09] ScriptWarning: Could not find materialtype for current ground!
	ASAMUSoundGroup asamu.Default__ASAMUSoundGroup
	Function asamu.ASAMUSoundGroup:GetLandSound:02B6
[1971.09] Log: ASAMUPawn_1 PLAYSOUND with no sound cue called from PlayLandSound
[1971.09] Log: Script call stack:
	Function asamu.ASAMUPawn:Landed
	Function UTGame.UTPawnSoundGroup:PlayLandSound

[1985.29] DevOnline: Steam IPC calls in the last minute: 0
[1988.47] Log: ASAMUPawn_1 PLAYSOUND with no sound cue called from PlayLandSound
[1988.47] Log: Script call stack:
	Function asamu.ASAMUPawn:Landed
	Function UTGame.UTPawnSoundGroup:PlayLandSound

[1990.14] Log: ASAMUPawn_1 PLAYSOUND with no sound cue called from PlayLandSound
[1990.14] Log: Script call stack:
	Function asamu.ASAMUPawn:Landed
	Function UTGame.UTPawnSoundGroup:PlayLandSound

[2002.57] Log: ASAMUPawn_1 PLAYSOUND with no sound cue called from PlayLandSound
[2002.57] Log: Script call stack:
	Function asamu.ASAMUPawn:Landed
	Function UTGame.UTPawnSoundGroup:PlayLandSound

[2009.62] Log: ASAMUPawn_1 PLAYSOUND with no sound cue called from PlayLandSound
[2009.62] Log: Script call stack:
	Function asamu.ASAMUPawn:Landed
	Function UTGame.UTPawnSoundGroup:PlayLandSound

[2028.49] ScriptWarning: Could not find materialtype for current ground!
	ASAMUSoundGroup asamu.Default__ASAMUSoundGroup
	Function asamu.ASAMUSoundGroup:GetLandSound:02B6
[2028.49] Log: ASAMUPawn_1 PLAYSOUND with no sound cue called from PlayLandSound
[2028.49] Log: Script call stack:
	Function asamu.ASAMUPawn:Landed
	Function UTGame.UTPawnSoundGroup:PlayLandSound

[2045.30] DevOnline: Steam IPC calls in the last minute: 0
[2046.16] ScriptWarning: Could not find materialtype for current ground!
	ASAMUSoundGroup asamu.Default__ASAMUSoundGroup
	Function asamu.ASAMUSoundGroup:GetLandSound:02B6
[2064.35] Log: ASAMUPawn_1 PLAYSOUND with no sound cue called from PlayLandSound
[2064.35] Log: Script call stack:
	Function asamu.ASAMUPawn:Landed
	Function UTGame.UTPawnSoundGroup:PlayLandSound

[2105.31] DevOnline: Steam IPC calls in the last minute: 0
[2107.66] Log: ASAMUPawn_1 PLAYSOUND with no sound cue called from PlayLandSound
[2107.66] Log: Script call stack:
	Function asamu.ASAMUPawn:Landed
	Function UTGame.UTPawnSoundGroup:PlayLandSound

[2165.31] DevOnline: Steam IPC calls in the last minute: 0
[2184.02] Log: ASAMUPawn_1 PLAYSOUND with no sound cue called from PlayLandSound
[2184.02] Log: Script call stack:
	Function asamu.ASAMUPawn:Landed
	Function UTGame.UTPawnSoundGroup:PlayLandSound

[2195.42] Log: ASAMUPawn_1 PLAYSOUND with no sound cue called from PlayLandSound
[2195.42] Log: Script call stack:
	Function asamu.ASAMUPawn:Landed
	Function UTGame.UTPawnSoundGroup:PlayLandSound

[2225.31] DevOnline: Steam IPC calls in the last minute: 0
[2267.16] Log: ASAMUPawn_1 PLAYSOUND with no sound cue called from PlayLandSound
[2267.16] Log: Script call stack:
	Function asamu.ASAMUPawn:Landed
	Function UTGame.UTPawnSoundGroup:PlayLandSound

[2271.77] Log: ASAMUPawn_1 PLAYSOUND with no sound cue called from PlayLandSound
[2271.77] Log: Script call stack:
	Function asamu.ASAMUPawn:Landed
	Function UTGame.UTPawnSoundGroup:PlayLandSound

[2285.33] DevOnline: Steam IPC calls in the last minute: 0
[2303.14] Log: ASAMUPawn_1 PLAYSOUND with no sound cue called from PlayLandSound
[2303.14] Log: Script call stack:
	Function asamu.ASAMUPawn:Landed
	Function UTGame.UTPawnSoundGroup:PlayLandSound

[2315.20] Log: ASAMUPawn_1 PLAYSOUND with no sound cue called from PlayLandSound
[2315.20] Log: Script call stack:
	Function asamu.ASAMUPawn:Landed
	Function UTGame.UTPawnSoundGroup:PlayLandSound

[2345.34] DevOnline: Steam IPC calls in the last minute: 0
[2373.21] Log: ASAMUPawn_1 PLAYSOUND with no sound cue called from PlayLandSound
[2373.21] Log: Script call stack:
	Function asamu.ASAMUPawn:Landed
	Function UTGame.UTPawnSoundGroup:PlayLandSound

[2405.34] DevOnline: Steam IPC calls in the last minute: 0
[2411.57] Log: ASAMUPawn_1 PLAYSOUND with no sound cue called from PlayLandSound
[2411.57] Log: Script call stack:
	Function asamu.ASAMUPawn:Landed
	Function UTGame.UTPawnSoundGroup:PlayLandSound

[2461.13] Log: ASAMUPawn_1 PLAYSOUND with no sound cue called from PlayLandSound
[2461.13] Log: Script call stack:
	Function asamu.ASAMUPawn:Landed
	Function UTGame.UTPawnSoundGroup:PlayLandSound

[2465.35] DevOnline: Steam IPC calls in the last minute: 0
[2525.37] DevOnline: Steam IPC calls in the last minute: 0
[2535.19] ScriptLog: --- Finished narrator line with id [OSSFrogsEggs]
[2585.38] DevOnline: Steam IPC calls in the last minute: 0
[2610.70] Log: ASAMUPawn_1 PLAYSOUND with no sound cue called from PlayLandSound
[2610.70] Log: Script call stack:
	Function asamu.ASAMUPawn:Landed
	Function UTGame.UTPawnSoundGroup:PlayLandSound

[2612.35] ScriptWarning: Could not find materialtype for current ground!
	ASAMUSoundGroup asamu.Default__ASAMUSoundGroup
	Function asamu.ASAMUSoundGroup:GetLandSound:02B6
[2626.20] Log: ASAMUPawn_1 PLAYSOUND with no sound cue called from PlayLandSound
[2626.20] Log: Script call stack:
	Function asamu.ASAMUPawn:Landed
	Function UTGame.UTPawnSoundGroup:PlayLandSound

[2645.39] DevOnline: Steam IPC calls in the last minute: 0
[2663.73] Log: ASAMUPawn_1 PLAYSOUND with no sound cue called from PlayLandSound
[2663.73] Log: Script call stack:
	Function asamu.ASAMUPawn:Landed
	Function UTGame.UTPawnSoundGroup:PlayLandSound

[2705.41] DevOnline: Steam IPC calls in the last minute: 0
[2706.71] ScriptWarning: Tried to remove narratorline which is null!
	ASAMUNarratorManager AG-ParadiseCave.TheWorld:PersistentLevel.ASAMUNarratorManager_2
	Function asamu.ASAMUNarratorManager:RemoveLine:0111
[2706.78] Log: ASAMUPawn_1 PLAYSOUND with no sound cue called from PlayLandSound
[2706.78] Log: Script call stack:
	Function asamu.ASAMUPawn:Landed
	Function UTGame.UTPawnSoundGroup:PlayLandSound

[2716.08] ScriptLog: --- Finished narrator line with id [BridgesAndSymbols]
[2724.37] Log: ASAMUPawn_1 PLAYSOUND with no sound cue called from PlayLandSound
[2724.37] Log: Script call stack:
	Function asamu.ASAMUPawn:Landed
	Function UTGame.UTPawnSoundGroup:PlayLandSound

[2730.95] Log: LoadMap: AG-BeautifulCity?Name=Player?Team=255?game=ASAMU.ASAMUGameInfo
[2730.95] Log: --- LOADING MOVIE START ---
[2731.04] DevOnline: Clearing online delegates for ASAMUPlayerController_2 (Player:LocalPlayer_0)
[2733.63] Log: Game class is 'ASAMUGameInfo'
[2733.63] Log: Octree Warning (AddPrimitive): StaticMeshComponent_23 (Owner: AG-BeautifulCity.TheWorld:PersistentLevel.StaticMeshActor_275) Outside World.
[2733.69] Log: Primary PhysX scene will be in software.
[2733.69] Log: Creating Primary PhysX Scene.
[2733.75] Log: Bringing World AG-BeautifulCity.TheWorld up for play (0) at 2019.01.25-07.09.39
[2733.80] Log: Bringing up level for play took: 0.166471
[2733.80] ScriptWarning: Accessed None 'PlayerInput'
	ASAMUPlayerController AG-BeautifulCity.TheWorld:PersistentLevel.ASAMUPlayerController_3
	Function asamu.ASAMUPlayerController:PostBeginPlay:008E
[2733.80] ScriptWarning: Attempt to assign variable through None
	ASAMUPlayerController AG-BeautifulCity.TheWorld:PersistentLevel.ASAMUPlayerController_3
	Function asamu.ASAMUPlayerController:PostBeginPlay:00A2
[2733.80] ScriptLog: ### Load Game!
[2733.80] ScriptLog: -----------------------------LOADGAMESTATE-----------------------------
[2733.80] ScriptWarning: Accessed array 'ASAMUCheckpointManager_3.latestCompletedCheckpointPerLevel' out of bounds (3/3)
	ASAMUCheckpointManager Transient.ASAMUCheckpointManager_3
	Function asamu.ASAMUCheckpointManager:GetLatestIndexForLevel:003E
[2733.80] ScriptWarning: Accessed None 'myHUD'
	GrappleGun AG-BeautifulCity.TheWorld:PersistentLevel.GrappleGun_2
	Function asamu.GrappleGun:EnableGrapple:0035
[2733.80] Warning: Warning, Failed to load 'Actor None.': Failed to find object 'Actor None.'
[2733.80] Warning: Warning, Failed to load 'Actor None.': Failed to find object 'Actor None.'
[2733.80] Warning: Warning, Failed to load 'Actor None.': Failed to find object 'Actor None.'
[2733.80] Warning: Warning, Failed to load 'Actor None.': Failed to find object 'Actor None.'
[2733.80] Warning: Warning, Failed to load 'Actor None.': Failed to find object 'Actor None.'
[2733.80] Warning: Warning, Failed to load 'Actor None.': Failed to find object 'Actor None.'
[2733.80] Warning: Warning, Failed to load 'Actor None.': Failed to find object 'Actor None.'
[2733.80] Warning: Warning, Failed to load 'Actor None.': Failed to find object 'Actor None.'
[2733.80] Warning: Warning, Failed to load 'Actor None.': Failed to find object 'Actor None.'
[2733.80] Warning: Warning, Failed to load 'Actor None.': Failed to find object 'Actor None.'
[2733.80] Warning: Warning, Failed to load 'Actor None.': Failed to find object 'Actor None.'
[2733.80] Warning: Warning, Failed to load 'Actor None.': Failed to find object 'Actor None.'
[2733.80] Warning: Warning, Failed to load 'Actor None.': Failed to find object 'Actor None.'
[2733.80] Warning: Warning, Failed to load 'Actor None.': Failed to find object 'Actor None.'
[2733.80] Warning: Warning, Failed to load 'Actor None.': Failed to find object 'Actor None.'
[2733.80] Warning: Warning, Failed to load 'Actor None.': Failed to find object 'Actor None.'
[2733.80] Warning: Warning, Failed to load 'Actor None.': Failed to find object 'Actor None.'
[2733.80] Warning: Warning, Failed to load 'Actor None.': Failed to find object 'Actor None.'
[2733.80] Warning: Warning, Failed to load 'Actor None.': Failed to find object 'Actor None.'
[2733.80] Warning: Warning, Failed to load 'Actor None.': Failed to find object 'Actor None.'
[2733.80] Warning: Warning, Failed to load 'Actor None.': Failed to find object 'Actor None.'
[2733.80] Warning: Warning, Failed to load 'Actor None.': Failed to find object 'Actor None.'
[2733.80] Warning: Warning, Failed to load 'Actor None.': Failed to find object 'Actor None.'
[2733.80] Warning: Warning, Failed to load 'Actor None.': Failed to find object 'Actor None.'
[2733.81] Warning: Warning, Failed to load 'Actor None.': Failed to find object 'Actor None.'
[2733.81] Warning: Warning, Failed to load 'Actor None.': Failed to find object 'Actor None.'
[2733.81] Warning: Warning, Failed to load 'Actor None.': Failed to find object 'Actor None.'
[2733.81] Warning: Warning, Failed to load 'Actor None.': Failed to find object 'Actor None.'
[2733.81] ScriptWarning: Accessed array 'ASAMUCheckpointManager_3.latestCompletedCheckpointPerLevel' out of bounds (3/3)
	ASAMUCheckpointManager Transient.ASAMUCheckpointManager_3
	Function asamu.ASAMUCheckpointManager:GetLatestIndexForLevel:003E
[2733.81] ScriptWarning: Accessed array 'ASAMUCheckpointManager_3.latestCompletedCheckpointPerLevel' out of bounds (3/3)
	ASAMUCheckpointManager Transient.ASAMUCheckpointManager_3
	Function asamu.ASAMUCheckpointManager:GetLatestIndexForLevel:003E
[2733.81] ScriptWarning: Accessed array 'ASAMUCheckpointManager_3.latestCompletedCheckpointPerLevel' out of bounds (3/3)
	ASAMUCheckpointManager Transient.ASAMUCheckpointManager_3
	Function asamu.ASAMUCheckpointManager:GetLatestIndexForLevel:003E
[2733.81] ScriptWarning: Accessed array 'ASAMUCheckpointManager_3.latestCompletedCheckpointPerLevel' out of bounds (3/3)
	ASAMUCheckpointManager Transient.ASAMUCheckpointManager_3
	Function asamu.ASAMUCheckpointManager:GetLatestIndexForLevel:003E
[2733.81] ScriptWarning: Accessed array 'ASAMUCheckpointManager_3.latestCompletedCheckpointPerLevel' out of bounds (3/3)
	ASAMUCheckpointManager Transient.ASAMUCheckpointManager_3
	Function asamu.ASAMUCheckpointManager:GetLatestIndexForLevel:003E
[2733.81] ScriptWarning: Accessed array 'ASAMUCheckpointManager_3.latestCompletedCheckpointPerLevel' out of bounds (3/3)
	ASAMUCheckpointManager Transient.ASAMUCheckpointManager_3
	Function asamu.ASAMUCheckpointManager:GetLatestIndexForLevel:003E
[2733.81] ScriptLog: ### Save game event called!
[2733.81] ScriptLog: ### Save game event called!
[2733.81] ScriptLog: ### Save game event called!
[2733.82] Log: ########### Finished loading level: 2.865950 seconds
[2734.08] Log: Flushing async loaders.
[2734.13] Log: Flushed async loaders.
[2734.13] Log: Command not recognized: SaveLevelThree
[2734.13] Log: Onscreen warngins/messages are now DISABLED
[2734.24] DevOnline: UserStatsReceived: bIOFailure: 0, UID: 76561198024539886, Result: '1' k_EResultOK (success)
[2734.24] DevOnline: Async task 'FOnlineAsyncTaskSteamUserStatsReceived completed bWasSuccessful: 1, User: 76561198024539886, Result: '1' k_EResultOK (success)' completed in 0.350559 seconds with 1
[2734.24] DevOnline: Obtained steam user stats, user: 76561198024539886
[2734.41] Log: --- LOADING MOVIE TIME: 3.45 sec ---
[2742.93] ScriptWarning: Accessed array 'ASAMUCheckpointManager_3.latestCompletedCheckpointPerLevel' out of bounds (3/3)
	ASAMUCheckpointManager Transient.ASAMUCheckpointManager_3
	Function asamu.ASAMUCheckpointManager:GetLatestIndexForLevel:003E
[2742.93] ScriptWarning: Accessed array 'ASAMUCheckpointManager_3.latestCompletedCheckpointPerLevel' out of bounds (3/3)
	ASAMUCheckpointManager Transient.ASAMUCheckpointManager_3
	Function asamu.ASAMUCheckpointManager:GetLatestIndexForLevel:003E
[2768.23] DevOnline: Steam IPC calls in the last minute: 10
[2811.19] ScriptLog: --- Finished narrator line with id [NarratorFirstEncounter1]
[2819.33] ScriptLog: --- Finished narrator line with id [NarratorFirstEncounter2]
[2828.24] DevOnline: Steam IPC calls in the last minute: 0
[2846.87] ScriptWarning: Accessed array 'ASAMUCheckpointManager_3.latestCompletedCheckpointPerLevel' out of bounds (3/3)
	ASAMUCheckpointManager Transient.ASAMUCheckpointManager_3
	Function asamu.ASAMUCheckpointManager:GetLatestIndexForLevel:003E
[2846.87] ScriptWarning: Accessed array 'ASAMUCheckpointManager_3.latestCompletedCheckpointPerLevel' out of bounds (3/3)
	ASAMUCheckpointManager Transient.ASAMUCheckpointManager_3
	Function asamu.ASAMUCheckpointManager:GetLatestIndexForLevel:003E
[2863.17] ScriptLog: --- Finished narrator line with id [NarratorICouldntBelieveIt]
[2888.24] DevOnline: Steam IPC calls in the last minute: 0
[2908.79] Log: ASAMUPawn_2 PLAYSOUND with no sound cue called from PlayLandSound
[2908.79] Log: Script call stack:
	Function asamu.ASAMUPawn:Landed
	Function UTGame.UTPawnSoundGroup:PlayLandSound

[2920.63] Log: ASAMUPawn_2 PLAYSOUND with no sound cue called from PlayLandSound
[2920.63] Log: Script call stack:
	Function asamu.ASAMUPawn:Landed
	Function UTGame.UTPawnSoundGroup:PlayLandSound

[2948.25] DevOnline: Steam IPC calls in the last minute: 0
[2957.25] ScriptWarning: Could not find materialtype for current ground!
	ASAMUSoundGroup asamu.Default__ASAMUSoundGroup
	Function asamu.ASAMUSoundGroup:GetLandSound:02B6
[2957.25] Log: ASAMUPawn_2 PLAYSOUND with no sound cue called from PlayLandSound
[2957.25] Log: Script call stack:
	Function asamu.ASAMUPawn:Landed
	Function UTGame.UTPawnSoundGroup:PlayLandSound

[3008.26] DevOnline: Steam IPC calls in the last minute: 0
[3062.00] ScriptLog: --- Finished narrator line with id [NarratorThankedMaddie]
[3068.28] DevOnline: Steam IPC calls in the last minute: 0
[3095.41] ScriptWarning: Could not find materialtype for current ground!
	ASAMUSoundGroup asamu.Default__ASAMUSoundGroup
	Function asamu.ASAMUSoundGroup:GetLandSound:02B6
[3112.25] ScriptWarning: Could not find materialtype for current ground!
	ASAMUSoundGroup asamu.Default__ASAMUSoundGroup
	Function asamu.ASAMUSoundGroup:GetLandSound:02B6
[3128.28] DevOnline: Steam IPC calls in the last minute: 0
[3188.30] DevOnline: Steam IPC calls in the last minute: 0
[3199.25] ScriptWarning: Could not find materialtype for current ground!
	ASAMUSoundGroup asamu.Default__ASAMUSoundGroup
	Function asamu.ASAMUSoundGroup:GetLandSound:02B6
[3202.67] ScriptWarning: Could not find materialtype for current ground!
	ASAMUSoundGroup asamu.Default__ASAMUSoundGroup
	Function asamu.ASAMUSoundGroup:GetLandSound:02B6
[3248.30] DevOnline: Steam IPC calls in the last minute: 0
[3266.21] ScriptWarning: Could not find materialtype for current ground!
	ASAMUSoundGroup asamu.Default__ASAMUSoundGroup
	Function asamu.ASAMUSoundGroup:GetLandSound:02B6
[3308.32] DevOnline: Steam IPC calls in the last minute: 0
[3313.24] Log: ASAMUPawn_2 PLAYSOUND with no sound cue called from PlayLandSound
[3313.24] Log: Script call stack:
	Function asamu.ASAMUPawn:Landed
	Function UTGame.UTPawnSoundGroup:PlayLandSound

[3368.33] DevOnline: Steam IPC calls in the last minute: 0
[3371.48] ScriptLog: --- Finished narrator line with id [NarratorBuiltOutOfTrash]
[3387.80] ScriptWarning: Could not find materialtype for current ground!
	ASAMUSoundGroup asamu.Default__ASAMUSoundGroup
	Function asamu.ASAMUSoundGroup:GetLandSound:02B6
[3417.57] ScriptWarning: Could not find materialtype for current ground!
	ASAMUSoundGroup asamu.Default__ASAMUSoundGroup
	Function asamu.ASAMUSoundGroup:GetLandSound:02B6
[3428.34] DevOnline: Steam IPC calls in the last minute: 0
[3463.59] Log: ASAMUPawn_2 PLAYSOUND with no sound cue called from PlayLandSound
[3463.59] Log: Script call stack:
	Function asamu.ASAMUPawn:Landed
	Function UTGame.UTPawnSoundGroup:PlayLandSound

[3480.55] ScriptWarning: Tried to remove narratorline which is null!
	ASAMUNarratorManager AG-BeautifulCity.TheWorld:PersistentLevel.ASAMUNarratorManager_3
	Function asamu.ASAMUNarratorManager:RemoveLine:0111
[3488.35] DevOnline: Steam IPC calls in the last minute: 0
[3518.41] ScriptLog: --- Finished narrator line with id [OSSFredsTent]
[3548.36] DevOnline: Steam IPC calls in the last minute: 0
[3608.37] DevOnline: Steam IPC calls in the last minute: 0
[3668.38] DevOnline: Steam IPC calls in the last minute: 0
[3728.39] DevOnline: Steam IPC calls in the last minute: 0
[3755.17] Log: ASAMUPawn_2 PLAYSOUND with no sound cue called from PlayLandSound
[3755.17] Log: Script call stack:
	Function asamu.ASAMUPawn:Landed
	Function UTGame.UTPawnSoundGroup:PlayLandSound

[3788.40] DevOnline: Steam IPC calls in the last minute: 0
[3807.75] ScriptWarning: Could not find materialtype for current ground!
	ASAMUSoundGroup asamu.Default__ASAMUSoundGroup
	Function asamu.ASAMUSoundGroup:GetLandSound:02B6
[3807.75] Log: ASAMUPawn_2 PLAYSOUND with no sound cue called from PlayLandSound
[3807.75] Log: Script call stack:
	Function asamu.ASAMUPawn:Landed
	Function UTGame.UTPawnSoundGroup:PlayLandSound

[3823.94] Log: ASAMUPawn_2 PLAYSOUND with no sound cue called from PlayLandSound
[3823.94] Log: Script call stack:
	Function asamu.ASAMUPawn:Landed
	Function UTGame.UTPawnSoundGroup:PlayLandSound

[3826.64] ScriptWarning: Could not find materialtype for current ground!
	ASAMUSoundGroup asamu.Default__ASAMUSoundGroup
	Function asamu.ASAMUSoundGroup:GetLandSound:02B6
[3848.41] DevOnline: Steam IPC calls in the last minute: 0
[3859.30] Log: ASAMUPawn_2 PLAYSOUND with no sound cue called from PlayLandSound
[3859.30] Log: Script call stack:
	Function asamu.ASAMUPawn:Landed
	Function UTGame.UTPawnSoundGroup:PlayLandSound

[3865.17] Log: ASAMUPawn_2 PLAYSOUND with no sound cue called from PlayLandSound
[3865.17] Log: Script call stack:
	Function asamu.ASAMUPawn:Landed
	Function UTGame.UTPawnSoundGroup:PlayLandSound

[3868.19] ScriptWarning: Could not find materialtype for current ground!
	ASAMUSoundGroup asamu.Default__ASAMUSoundGroup
	Function asamu.ASAMUSoundGroup:GetLandSound:02B6
[3877.46] Log: ASAMUPawn_2 PLAYSOUND with no sound cue called from PlayLandSound
[3877.46] Log: Script call stack:
	Function asamu.ASAMUPawn:Landed
	Function UTGame.UTPawnSoundGroup:PlayLandSound

[3905.28] Log: ASAMUPawn_2 PLAYSOUND with no sound cue called from PlayLandSound
[3905.28] Log: Script call stack:
	Function asamu.ASAMUPawn:Landed
	Function UTGame.UTPawnSoundGroup:PlayLandSound

[3906.18] Log: ASAMUPawn_2 PLAYSOUND with no sound cue called from PlayLandSound
[3906.18] Log: Script call stack:
	Function asamu.ASAMUPawn:Landed
	Function UTGame.UTPawnSoundGroup:PlayLandSound

[3907.59] Log: ASAMUPawn_2 PLAYSOUND with no sound cue called from PlayLandSound
[3907.59] Log: Script call stack:
	Function asamu.ASAMUPawn:Landed
	Function UTGame.UTPawnSoundGroup:PlayLandSound

[3908.42] DevOnline: Steam IPC calls in the last minute: 0
[3908.52] Log: ASAMUPawn_2 PLAYSOUND with no sound cue called from PlayLandSound
[3908.52] Log: Script call stack:
	Function asamu.ASAMUPawn:Landed
	Function UTGame.UTPawnSoundGroup:PlayLandSound

[3954.69] ScriptWarning: Tried to remove narratorline which is null!
	ASAMUNarratorManager AG-BeautifulCity.TheWorld:PersistentLevel.ASAMUNarratorManager_3
	Function asamu.ASAMUNarratorManager:RemoveLine:0111
[3968.44] DevOnline: Steam IPC calls in the last minute: 0
[4000.50] ScriptLog: --- Finished narrator line with id [OSSMaddiesPlace]
[4004.64] ScriptWarning: Tried to remove narratorline which is null!
	ASAMUNarratorManager AG-BeautifulCity.TheWorld:PersistentLevel.ASAMUNarratorManager_3
	Function asamu.ASAMUNarratorManager:RemoveLine:0111
[4028.45] DevOnline: Steam IPC calls in the last minute: 0
[4047.85] Log: ASAMUPawn_2 PLAYSOUND with no sound cue called from PlayLandSound
[4047.85] Log: Script call stack:
	Function asamu.ASAMUPawn:Landed
	Function UTGame.UTPawnSoundGroup:PlayLandSound

[4050.46] ScriptLog: --- Finished narrator line with id [OSSMaddiesPlace]
[4088.46] DevOnline: Steam IPC calls in the last minute: 0
[4148.47] DevOnline: Steam IPC calls in the last minute: 0
[4166.16] ScriptWarning: Tried to remove narratorline which is null!
	ASAMUNarratorManager AG-BeautifulCity.TheWorld:PersistentLevel.ASAMUNarratorManager_3
	Function asamu.ASAMUNarratorManager:RemoveLine:0111
[4182.62] ScriptLog: --- Finished narrator line with id [NarratorLookingForFred]
[4208.48] DevOnline: Steam IPC calls in the last minute: 0
[4268.49] DevOnline: Steam IPC calls in the last minute: 0
[4279.49] ScriptWarning: Could not find materialtype for current ground!
	ASAMUSoundGroup asamu.Default__ASAMUSoundGroup
	Function asamu.ASAMUSoundGroup:GetLandSound:02B6
[4280.33] ScriptLog: --- Finished narrator line with id [NarratorMovingIntoTheChasms]
[4328.50] DevOnline: Steam IPC calls in the last minute: 0
[4358.82] Log: ASAMUPawn_2 PLAYSOUND with no sound cue called from PlayLandSound
[4358.82] Log: Script call stack:
	Function asamu.ASAMUPawn:Landed
	Function UTGame.UTPawnSoundGroup:PlayLandSound

[4388.51] DevOnline: Steam IPC calls in the last minute: 0
[4433.02] Log: ASAMUPawn_2 PLAYSOUND with no sound cue called from PlayLandSound
[4433.02] Log: Script call stack:
	Function asamu.ASAMUPawn:Landed
	Function UTGame.UTPawnSoundGroup:PlayLandSound

[4448.52] DevOnline: Steam IPC calls in the last minute: 0
[4450.89] Log: ASAMUPawn_2 PLAYSOUND with no sound cue called from PlayLandSound
[4450.89] Log: Script call stack:
	Function asamu.ASAMUPawn:Landed
	Function UTGame.UTPawnSoundGroup:PlayLandSound

[4508.53] DevOnline: Steam IPC calls in the last minute: 0
[4545.48] Log: ASAMUPawn_2 PLAYSOUND with no sound cue called from PlayLandSound
[4545.48] Log: Script call stack:
	Function asamu.ASAMUPawn:Landed
	Function UTGame.UTPawnSoundGroup:PlayLandSound

[4568.54] DevOnline: Steam IPC calls in the last minute: 0
[4628.55] DevOnline: Steam IPC calls in the last minute: 0
[4688.57] DevOnline: Steam IPC calls in the last minute: 0
[4748.57] DevOnline: Steam IPC calls in the last minute: 0
[4792.09] ScriptLog: --- Finished narrator line with id [NarratorShowdowsOfTheChasms]
[4794.65] Log: LoadMap: AG-DarkCave?Name=Player?Team=255?game=ASAMU.ASAMUGameInfo
[4794.65] Log: --- LOADING MOVIE START ---
[4794.71] DevOnline: Clearing online delegates for ASAMUPlayerController_3 (Player:LocalPlayer_0)
[4796.39] Log: Game class is 'ASAMUGameInfo'
[4796.48] Log: Primary PhysX scene will be in software.
[4796.48] Log: Creating Primary PhysX Scene.
[4796.55] Log: Bringing World AG-Darkcave.TheWorld up for play (0) at 2019.01.25-07.44.02
[4796.63] Log: Bringing up level for play took: 0.231225
[4796.63] ScriptWarning: Accessed None 'PlayerInput'
	ASAMUPlayerController AG-Darkcave.TheWorld:PersistentLevel.ASAMUPlayerController_4
	Function asamu.ASAMUPlayerController:PostBeginPlay:008E
[4796.63] ScriptWarning: Attempt to assign variable through None
	ASAMUPlayerController AG-Darkcave.TheWorld:PersistentLevel.ASAMUPlayerController_4
	Function asamu.ASAMUPlayerController:PostBeginPlay:00A2
[4796.63] ScriptLog: BEAT EVENT ACTOR INITIALIZED!
[4796.63] ScriptLog: BEAT EVENT ACTOR INITIALIZED!
[4796.63] ScriptLog: BEAT EVENT ACTOR INITIALIZED!
[4796.63] ScriptLog: BEAT EVENT ACTOR INITIALIZED!
[4796.63] ScriptLog: ### Load Game!
[4796.63] ScriptLog: -----------------------------LOADGAMESTATE-----------------------------
[4796.63] ScriptWarning: Accessed array 'ASAMUCheckpointManager_4.latestCompletedCheckpointPerLevel' out of bounds (4/4)
	ASAMUCheckpointManager Transient.ASAMUCheckpointManager_4
	Function asamu.ASAMUCheckpointManager:GetLatestIndexForLevel:003E
[4796.63] ScriptWarning: Accessed None 'myHUD'
	GrappleGun AG-Darkcave.TheWorld:PersistentLevel.GrappleGun_3
	Function asamu.GrappleGun:EnableGrapple:0035
[4796.63] Warning: Warning, Failed to load 'Actor None.': Failed to find object 'Actor None.'
[4796.63] Warning: Warning, Failed to load 'Actor None.': Failed to find object 'Actor None.'
[4796.63] Warning: Warning, Failed to load 'Actor None.': Failed to find object 'Actor None.'
[4796.63] Warning: Warning, Failed to load 'Actor None.': Failed to find object 'Actor None.'
[4796.63] Warning: Warning, Failed to load 'Actor None.': Failed to find object 'Actor None.'
[4796.63] Warning: Warning, Failed to load 'Actor None.': Failed to find object 'Actor None.'
[4796.63] Warning: Warning, Failed to load 'Actor None.': Failed to find object 'Actor None.'
[4796.63] Warning: Warning, Failed to load 'Actor None.': Failed to find object 'Actor None.'
[4796.63] Warning: Warning, Failed to load 'Actor None.': Failed to find object 'Actor None.'
[4796.63] Warning: Warning, Failed to load 'Actor None.': Failed to find object 'Actor None.'
[4796.63] Warning: Warning, Failed to load 'Actor None.': Failed to find object 'Actor None.'
[4796.63] Warning: Warning, Failed to load 'Actor None.': Failed to find object 'Actor None.'
[4796.63] Warning: Warning, Failed to load 'Actor None.': Failed to find object 'Actor None.'
[4796.63] Warning: Warning, Failed to load 'Actor None.': Failed to find object 'Actor None.'
[4796.63] Warning: Warning, Failed to load 'Actor None.': Failed to find object 'Actor None.'
[4796.63] Warning: Warning, Failed to load 'Actor None.': Failed to find object 'Actor None.'
[4796.64] ScriptWarning: Accessed array 'ASAMUCheckpointManager_4.latestCompletedCheckpointPerLevel' out of bounds (4/4)
	ASAMUCheckpointManager Transient.ASAMUCheckpointManager_4
	Function asamu.ASAMUCheckpointManager:GetLatestIndexForLevel:003E
[4796.64] ScriptWarning: Accessed array 'ASAMUCheckpointManager_4.latestCompletedCheckpointPerLevel' out of bounds (4/4)
	ASAMUCheckpointManager Transient.ASAMUCheckpointManager_4
	Function asamu.ASAMUCheckpointManager:GetLatestIndexForLevel:003E
[4796.64] ScriptWarning: Accessed array 'ASAMUCheckpointManager_4.latestCompletedCheckpointPerLevel' out of bounds (4/4)
	ASAMUCheckpointManager Transient.ASAMUCheckpointManager_4
	Function asamu.ASAMUCheckpointManager:GetLatestIndexForLevel:003E
[4796.64] ScriptWarning: Accessed array 'ASAMUCheckpointManager_4.latestCompletedCheckpointPerLevel' out of bounds (4/4)
	ASAMUCheckpointManager Transient.ASAMUCheckpointManager_4
	Function asamu.ASAMUCheckpointManager:GetLatestIndexForLevel:003E
[4796.64] ScriptWarning: Accessed array 'ASAMUCheckpointManager_4.latestCompletedCheckpointPerLevel' out of bounds (4/4)
	ASAMUCheckpointManager Transient.ASAMUCheckpointManager_4
	Function asamu.ASAMUCheckpointManager:GetLatestIndexForLevel:003E
[4796.64] ScriptWarning: Accessed array 'ASAMUCheckpointManager_4.latestCompletedCheckpointPerLevel' out of bounds (4/4)
	ASAMUCheckpointManager Transient.ASAMUCheckpointManager_4
	Function asamu.ASAMUCheckpointManager:GetLatestIndexForLevel:003E
[4796.64] ScriptLog: ### Save game event called!
[4796.64] ScriptLog: ### Save game event called!
[4796.65] Log: ########### Finished loading level: 2.000010 seconds
[4796.93] Log: Command not recognized: SaveLevelFour
[4796.93] Log: Onscreen warngins/messages are now DISABLED
[4796.93] ScriptWarning: Accessed array 'ASAMUCheckpointManager_4.latestCompletedCheckpointPerLevel' out of bounds (4/4)
	ASAMUCheckpointManager Transient.ASAMUCheckpointManager_4
	Function asamu.ASAMUCheckpointManager:GetLatestIndexForLevel:003E
[4796.93] ScriptWarning: Accessed array 'ASAMUCheckpointManager_4.latestCompletedCheckpointPerLevel' out of bounds (4/4)
	ASAMUCheckpointManager Transient.ASAMUCheckpointManager_4
	Function asamu.ASAMUCheckpointManager:GetLatestIndexForLevel:003E
[4797.06] DevOnline: UserStatsReceived: bIOFailure: 0, UID: 76561198024539886, Result: '1' k_EResultOK (success)
[4797.06] DevOnline: Async task 'FOnlineAsyncTaskSteamUserStatsReceived completed bWasSuccessful: 1, User: 76561198024539886, Result: '1' k_EResultOK (success)' completed in 0.350513 seconds with 1
[4797.06] DevOnline: Obtained steam user stats, user: 76561198024539886
[4797.17] Log: --- LOADING MOVIE TIME: 2.52 sec ---
[4810.50] DevOnline: Steam IPC calls in the last minute: 10
[4818.06] ScriptLog: --- Finished narrator line with id [EnteredTheChasms]
[4826.71] ScriptWarning: Could not find materialtype for current ground!
	ASAMUSoundGroup asamu.Default__ASAMUSoundGroup
	Function asamu.ASAMUSoundGroup:GetLandSound:02B6
[4831.85] Log: ASAMUPawn_3 PLAYSOUND with no sound cue called from PlayLandSound
[4831.85] Log: Script call stack:
	Function asamu.ASAMUPawn:Landed
	Function UTGame.UTPawnSoundGroup:PlayLandSound

[4844.95] Log: ASAMUPawn_3 PLAYSOUND with no sound cue called from PlayLandSound
[4844.95] Log: Script call stack:
	Function asamu.ASAMUPawn:Landed
	Function UTGame.UTPawnSoundGroup:PlayLandSound

[4849.84] ScriptWarning: Accessed array 'ASAMUCheckpointManager_4.latestCompletedCheckpointPerLevel' out of bounds (4/4)
	ASAMUCheckpointManager Transient.ASAMUCheckpointManager_4
	Function asamu.ASAMUCheckpointManager:GetLatestIndexForLevel:003E
[4849.84] ScriptWarning: Accessed array 'ASAMUCheckpointManager_4.latestCompletedCheckpointPerLevel' out of bounds (4/4)
	ASAMUCheckpointManager Transient.ASAMUCheckpointManager_4
	Function asamu.ASAMUCheckpointManager:GetLatestIndexForLevel:003E
[4870.51] DevOnline: Steam IPC calls in the last minute: 0
[4879.03] Log: ASAMUPawn_3 PLAYSOUND with no sound cue called from PlayLandSound
[4879.03] Log: Script call stack:
	Function asamu.ASAMUPawn:Landed
	Function UTGame.UTPawnSoundGroup:PlayLandSound

[4887.65] Log: ASAMUPawn_3 PLAYSOUND with no sound cue called from PlayLandSound
[4887.65] Log: Script call stack:
	Function asamu.ASAMUPawn:Landed
	Function UTGame.UTPawnSoundGroup:PlayLandSound

[4930.52] DevOnline: Steam IPC calls in the last minute: 0
[4957.32] ScriptLog: --- Finished narrator line with id [StoryAssetLakeThing]
[4990.53] DevOnline: Steam IPC calls in the last minute: 0
[5026.30] Log: ASAMUPawn_3 PLAYSOUND with no sound cue called from PlayLandSound
[5026.30] Log: Script call stack:
	Function asamu.ASAMUPawn:Landed
	Function UTGame.UTPawnSoundGroup:PlayLandSound

[5033.40] Log: ASAMUPawn_3 PLAYSOUND with no sound cue called from PlayLandSound
[5033.40] Log: Script call stack:
	Function asamu.ASAMUPawn:Landed
	Function UTGame.UTPawnSoundGroup:PlayLandSound

[5050.53] DevOnline: Steam IPC calls in the last minute: 0
[5110.53] DevOnline: Steam IPC calls in the last minute: 0
[5124.72] ScriptWarning: Tried to remove narratorline which is null!
	ASAMUNarratorManager AG-Darkcave.TheWorld:PersistentLevel.ASAMUNarratorManager_4
	Function asamu.ASAMUNarratorManager:RemoveLine:0111
[5125.62] ScriptLog: --- Finished narrator line with id [Maddie]
[5151.05] ScriptLog: --- Finished narrator line with id [IDidntMind]
[5170.54] DevOnline: Steam IPC calls in the last minute: 0
[5194.57] ScriptLog: --- Finished narrator line with id [DontDropMe]
[5201.44] ScriptLog: --- Finished narrator line with id [MaddieClimbed]
[5230.55] DevOnline: Steam IPC calls in the last minute: 0
[5232.98] ScriptLog: --- Finished narrator line with id [WindingNarrowTunnels]
[5237.24] ScriptWarning: Could not find materialtype for current ground!
	ASAMUSoundGroup asamu.Default__ASAMUSoundGroup
	Function asamu.ASAMUSoundGroup:GetLandSound:02B6
[5297.11] Log: ASAMUPawn_3 PLAYSOUND with no sound cue called from PlayLandSound
[5297.11] Log: Script call stack:
	Function asamu.ASAMUPawn:Landed
	Function UTGame.UTPawnSoundGroup:PlayLandSound

[5297.46] DevOnline: Steam IPC calls in the last minute: 0
[5354.07] ScriptLog: --- Finished narrator line with id [FarewellOldLife]
[5357.48] DevOnline: Steam IPC calls in the last minute: 0
[5409.15] ScriptWarning: Could not find materialtype for current ground!
	ASAMUSoundGroup asamu.Default__ASAMUSoundGroup
	Function asamu.ASAMUSoundGroup:GetLandSound:0125
[5409.15] Log: ASAMUPawn_3 PLAYSOUND with no sound cue called from PlayLandSound
[5409.15] Log: Script call stack:
	Function asamu.ASAMUPawn:Landed
	Function UTGame.UTPawnSoundGroup:PlayLandSound

[5417.49] DevOnline: Steam IPC calls in the last minute: 0
[5425.54] ScriptLog: --- Finished narrator line with id [BottomlessPits]
[5469.23] Log: ASAMUPawn_3 PLAYSOUND with no sound cue called from PlayLandSound
[5469.23] Log: Script call stack:
	Function asamu.ASAMUPawn:Landed
	Function UTGame.UTPawnSoundGroup:PlayLandSound

[5472.28] ScriptLog: --- Finished narrator line with id [BewareOfWhat]
[5477.50] DevOnline: Steam IPC calls in the last minute: 0
[5489.21] Log: ASAMUPawn_3 PLAYSOUND with no sound cue called from PlayLandSound
[5489.21] Log: Script call stack:
	Function asamu.ASAMUPawn:Landed
	Function UTGame.UTPawnSoundGroup:PlayLandSound

[5501.02] Log: ASAMUPawn_3 PLAYSOUND with no sound cue called from PlayLandSound
[5501.02] Log: Script call stack:
	Function asamu.ASAMUPawn:Landed
	Function UTGame.UTPawnSoundGroup:PlayLandSound

[5505.38] ScriptLog: --- Finished narrator line with id [NervousLaugh]
[5515.52] ScriptLog: --- Finished narrator line with id [WhatWasThat]
[5532.71] Log: ASAMUPawn_3 PLAYSOUND with no sound cue called from PlayLandSound
[5532.71] Log: Script call stack:
	Function asamu.ASAMUPawn:Landed
	Function UTGame.UTPawnSoundGroup:PlayLandSound

[5537.52] DevOnline: Steam IPC calls in the last minute: 0
[5597.53] DevOnline: Steam IPC calls in the last minute: 0
[5657.54] DevOnline: Steam IPC calls in the last minute: 0
[5659.31] Log: ASAMUPawn_3 PLAYSOUND with no sound cue called from PlayLandSound
[5659.31] Log: Script call stack:
	Function asamu.ASAMUPawn:Landed
	Function UTGame.UTPawnSoundGroup:PlayLandSound

[5693.69] ScriptWarning: Tried to remove narratorline which is null!
	ASAMUNarratorManager AG-Darkcave.TheWorld:PersistentLevel.ASAMUNarratorManager_4
	Function asamu.ASAMUNarratorManager:RemoveLine:0111
[5699.04] ScriptLog: --- Finished narrator line with id [GlowingPlants]
[5712.39] ScriptLog: --- Finished narrator line with id [GlowingPlantsGrappled]
[5717.55] DevOnline: Steam IPC calls in the last minute: 0
[5777.56] DevOnline: Steam IPC calls in the last minute: 0
[5787.15] Log: ASAMUPawn_3 PLAYSOUND with no sound cue called from PlayLandSound
[5787.15] Log: Script call stack:
	Function asamu.ASAMUPawn:Landed
	Function UTGame.UTPawnSoundGroup:PlayLandSound

[5795.46] DevOnline: Steam GameOverlayActivated: 1
[5799.40] DevOnline: Steam GameOverlayActivated: 0
[5828.13] ScriptLog: --- Finished narrator line with id [FredBuiltTheVillage]
[5837.56] DevOnline: Steam IPC calls in the last minute: 0
[5879.82] ScriptWarning: Could not find materialtype for current ground!
	ASAMUSoundGroup asamu.Default__ASAMUSoundGroup
	Function asamu.ASAMUSoundGroup:GetLandSound:02B6
[5897.57] DevOnline: Steam IPC calls in the last minute: 0
[5957.58] DevOnline: Steam IPC calls in the last minute: 0
[6004.67] Log: ASAMUPawn_3 PLAYSOUND with no sound cue called from PlayLandSound
[6004.67] Log: Script call stack:
	Function asamu.ASAMUPawn:Landed
	Function UTGame.UTPawnSoundGroup:PlayLandSound

[6017.59] DevOnline: Steam IPC calls in the last minute: 0
[6075.37] Log: ASAMUPawn_3 PLAYSOUND with no sound cue called from PlayLandSound
[6075.37] Log: Script call stack:
	Function asamu.ASAMUPawn:Landed
	Function UTGame.UTPawnSoundGroup:PlayLandSound

[6077.60] DevOnline: Steam IPC calls in the last minute: 0
[6085.31] Log: ASAMUPawn_3 PLAYSOUND with no sound cue called from PlayLandSound
[6085.31] Log: Script call stack:
	Function asamu.ASAMUPawn:Landed
	Function UTGame.UTPawnSoundGroup:PlayLandSound

[6137.60] DevOnline: Steam IPC calls in the last minute: 0
[6159.54] Log: ASAMUPawn_3 PLAYSOUND with no sound cue called from PlayLandSound
[6159.54] Log: Script call stack:
	Function asamu.ASAMUPawn:Landed
	Function UTGame.UTPawnSoundGroup:PlayLandSound

[6197.61] DevOnline: Steam IPC calls in the last minute: 0
[6224.14] Warning: Received subtitle with no priority.
[6225.22] Log: Closing by request
[6225.22] Log: appRequestExit(0)
[6225.31] Exit: Preparing to exit.
[6225.49] Exit: Game engine shut down
[6228.61] Exit: Windows client shut down
[6228.64] Exit: XAudio2 Device shut down.
[6228.93] Exit: Object subsystem successfully closed.
[6229.15] Log: Shutting down FaceFX...
[6229.19] Log: FaceFX shutdown.
[6229.26] Exit: Exiting.
[6229.26] Log: Log file closed, 01/25/19 08:07:55
