07:28:36: Error: File 'C:\Users\kaloa\AppData\Local\Temp\evv.vid' couldn't be removed (error 0: the operation completed successfully.)
07:29:02: Error: Failed to execute hook function 'mainLoopEvtHandler': [string "EventHandler"]:146: attempt to call method 'update' (a nil value)
08:22:17: Error: File 'C:\Users\kaloa\AppData\Local/Daedalic Entertainment GmbH/Deponia The Complete Journey/Savegames/bookmark01.dat' couldn't be removed (error 0: the operation completed successfully.)
08:22:39: Error: Failed to execute hook function 'animStartedEvtHandler': [string "EventHandler"]:172: attempt to call method 'startStand' (a nil value)
08:22:39: Error: Failed to execute hook function 'animStartedEvtHandler': [string "EventHandler"]:172: attempt to call method 'startStand' (a nil value)
08:22:39: Error: Failed to execute hook function 'animStartedEvtHandler': [string "EventHandler"]:172: attempt to call method 'startStand' (a nil value)
08:22:39: Error: Failed to execute hook function 'animStartedEvtHandler': [string "EventHandler"]:172: attempt to call method 'startStand' (a nil value)
08:22:39: Error: Failed to execute hook function 'animStoppedEvtHandler': [string "EventHandler"]:198: attempt to call method 'stopStand' (a nil value)
08:22:39: Error: Failed to execute hook function 'animStartedEvtHandler': [string "EventHandler"]:172: attempt to call method 'startStand' (a nil value)
08:22:39: Error: Failed to execute hook function 'animStoppedEvtHandler': [string "EventHandler"]:198: attempt to call method 'stopStand' (a nil value)
08:22:39: Error: Failed to execute hook function 'animStartedEvtHandler': [string "EventHandler"]:172: attempt to call method 'startStand' (a nil value)
08:22:39: Error: Failed to execute hook function 'animStoppedEvtHandler': [string "EventHandler"]:198: attempt to call method 'stopStand' (a nil value)
08:22:39: Error: Failed to execute hook function 'animStartedEvtHandler': [string "EventHandler"]:172: attempt to call method 'startStand' (a nil value)
08:22:39: Error: Failed to execute hook function 'animStoppedEvtHandler': [string "EventHandler"]:198: attempt to call method 'stopStand' (a nil value)
08:22:39: Error: Failed to execute hook function 'animStartedEvtHandler': [string "EventHandler"]:172: attempt to call method 'startStand' (a nil value)
08:22:39: Error: Failed to execute hook function 'mainLoopEvtHandler': [string "EventHandler"]:146: attempt to call method 'update' (a nil value)
08:23:47: Error: File 'C:\Users\kaloa\AppData\Local/Daedalic Entertainment GmbH/Deponia The Complete Journey/Savegames/bookmark01.dat' couldn't be removed (error 0: the operation completed successfully.)
08:23:47: Error: File 'C:\Users\kaloa\AppData\Local/Daedalic Entertainment GmbH/Deponia The Complete Journey/Savegames/bookmark01.dat' couldn't be removed (error 0: the operation completed successfully.)
08:23:54: Error: Failed to execute hook function 'animStartedEvtHandler': [string "EventHandler"]:172: attempt to call method 'startStand' (a nil value)
08:23:54: Error: Failed to execute hook function 'animStartedEvtHandler': [string "EventHandler"]:172: attempt to call method 'startStand' (a nil value)
08:23:54: Error: Failed to execute hook function 'animStartedEvtHandler': [string "EventHandler"]:172: attempt to call method 'startStand' (a nil value)
08:23:54: Error: Failed to execute hook function 'animStartedEvtHandler': [string "EventHandler"]:172: attempt to call method 'startStand' (a nil value)
08:23:54: Error: Failed to execute hook function 'animStoppedEvtHandler': [string "EventHandler"]:198: attempt to call method 'stopStand' (a nil value)
08:23:54: Error: Failed to execute hook function 'animStartedEvtHandler': [string "EventHandler"]:172: attempt to call method 'startStand' (a nil value)
08:23:54: Error: Failed to execute hook function 'animStoppedEvtHandler': [string "EventHandler"]:198: attempt to call method 'stopStand' (a nil value)
08:23:54: Error: Failed to execute hook function 'animStartedEvtHandler': [string "EventHandler"]:172: attempt to call method 'startStand' (a nil value)
08:23:54: Error: Failed to execute hook function 'animStoppedEvtHandler': [string "EventHandler"]:198: attempt to call method 'stopStand' (a nil value)
08:23:54: Error: Failed to execute hook function 'animStartedEvtHandler': [string "EventHandler"]:172: attempt to call method 'startStand' (a nil value)
08:23:54: Error: Failed to execute hook function 'animStoppedEvtHandler': [string "EventHandler"]:198: attempt to call method 'stopStand' (a nil value)
08:23:54: Error: Failed to execute hook function 'animStartedEvtHandler': [string "EventHandler"]:172: attempt to call method 'startStand' (a nil value)
08:23:54: Error: Failed to execute hook function 'mainLoopEvtHandler': [string "EventHandler"]:146: attempt to call method 'update' (a nil value)
08:29:36: Error: File 'C:\Users\kaloa\AppData\Local/Daedalic Entertainment GmbH/Deponia The Complete Journey/Savegames/bookmark01.dat' couldn't be removed (error 0: the operation completed successfully.)
08:29:38: Error: File 'C:\Users\kaloa\AppData\Local/Daedalic Entertainment GmbH/Deponia The Complete Journey/Savegames/bookmark01.dat' couldn't be removed (error 0: the operation completed successfully.)
