Mono path[0] = 'Z:/home/kaloan/Downloads/Dredge (2023)/DREDGE/DREDGE_Data/Managed'
Mono config path = 'Z:/home/kaloan/Downloads/Dredge (2023)/DREDGE/MonoBleedingEdge/etc'
Initialize engine version: 2021.3.5f1 (40eb3a945986)
[Subsystems] Discovering subsystems at path Z:/home/kaloan/Downloads/Dredge (2023)/DREDGE/DREDGE_Data/UnitySubsystems
GfxDevice: creating device client; threaded=1; jobified=1
Direct3D:
    Version:  Direct3D 11.0 [level 11.1]
    Renderer: NVIDIA GeForce GTX 960 (ID=0x1401)
    Vendor:   NVIDIA
    VRAM:     2294 MB
    Driver:   31.0.21902.5
Begin MonoManager ReloadAssembly
- Completed reload, in  0.260 seconds
<RI> Initializing input.
<RI> Input initialized.
<RI> Initialized touch support.
Odin Serializer ArchitectureInfo initialization with defaults (all unaligned read/writes disabled).
UnloadTime: 0.865900 ms
Odin Serializer detected whitelisted runtime platform WindowsPlayer and memory read test succeeded; enabling all unaligned memory read/writes.
[GameManager] Awake()
Unloading 5 Unused Serialized files (Serialized files now loaded: 6)
Unloading 13 unused Assets to reduce memory usage. Loaded Objects now: 4372.
Total: 5.554300 ms (FindLiveObjects: 0.327700 ms CreateObjectMapping: 0.161000 ms MarkObjects: 5.005300 ms  DeleteObjects: 0.059200 ms)

WindowsVideoMedia error unhandled Color Standard: 0  falling back to default this may result in rendering issues
WindowsVideoMedia error 0xc00d36e6 while reading archive:/CAB-450ee5f43a04a2ae6cc4a80fe24d7125/CAB-450ee5f43a04a2ae6cc4a80fe24d7125.resource

Context: Get video transform output sample count
Error details: Attribute is not found.

Track types:
   Audio Track, type: %01
   Audio Track, type: %03
   Video Track [1920 x 1080], type: I420
   Video Track [1920 x 1080], type: NV12
   Video Track [1920 x 1080], type: YV12
   Video Track [1920 x 1080], type: YUY2
   Video Track [1920 x 1080], type: I420
   Video Track [1920 x 1080], type: IYUV
   Video Track [1920 x 1080], type: %15
   Video Track [1920 x 1080], type: %16
   Video Track [1920 x 1080], type:  
Unloading 3 Unused Serialized files (Serialized files now loaded: 16)
Unloading 1 unused Assets to reduce memory usage. Loaded Objects now: 5208.
Total: 10.758500 ms (FindLiveObjects: 0.361700 ms CreateObjectMapping: 0.186700 ms MarkObjects: 10.189100 ms  DeleteObjects: 0.020000 ms)

Unloading 1 Unused Serialized files (Serialized files now loaded: 16)
Unloading 1 unused Assets to reduce memory usage. Loaded Objects now: 5220.
Total: 11.157800 ms (FindLiveObjects: 0.461100 ms CreateObjectMapping: 0.227400 ms MarkObjects: 10.426200 ms  DeleteObjects: 0.041600 ms)

Unloading 1 Unused Serialized files (Serialized files now loaded: 17)
Unloading 44 unused Assets to reduce memory usage. Loaded Objects now: 6831.
Total: 25.311300 ms (FindLiveObjects: 0.502900 ms CreateObjectMapping: 0.263500 ms MarkObjects: 23.492800 ms  DeleteObjects: 1.051100 ms)

Failed to create agent because there is no valid NavMesh
Failed to create agent because there is no valid NavMesh
Failed to create agent because there is no valid NavMesh
Look rotation viewing vector is zero
Look rotation viewing vector is zero
Look rotation viewing vector is zero
Look rotation viewing vector is zero
Look rotation viewing vector is zero
Look rotation viewing vector is zero
Look rotation viewing vector is zero
Look rotation viewing vector is zero
Look rotation viewing vector is zero
Look rotation viewing vector is zero
Look rotation viewing vector is zero
Look rotation viewing vector is zero
Look rotation viewing vector is zero
Look rotation viewing vector is zero
Look rotation viewing vector is zero
Look rotation viewing vector is zero
Look rotation viewing vector is zero
Look rotation viewing vector is zero
Look rotation viewing vector is zero
Look rotation viewing vector is zero
Look rotation viewing vector is zero
Look rotation viewing vector is zero
Look rotation viewing vector is zero
Look rotation viewing vector is zero
Look rotation viewing vector is zero
Look rotation viewing vector is zero
Look rotation viewing vector is zero
Look rotation viewing vector is zero
Look rotation viewing vector is zero
Look rotation viewing vector is zero
Look rotation viewing vector is zero
Look rotation viewing vector is zero
Look rotation viewing vector is zero
Look rotation viewing vector is zero
Look rotation viewing vector is zero
Look rotation viewing vector is zero
Look rotation viewing vector is zero
Look rotation viewing vector is zero
Look rotation viewing vector is zero
Look rotation viewing vector is zero
Look rotation viewing vector is zero
Look rotation viewing vector is zero
Look rotation viewing vector is zero
Look rotation viewing vector is zero
Look rotation viewing vector is zero
Look rotation viewing vector is zero
Look rotation viewing vector is zero
Look rotation viewing vector is zero
Look rotation viewing vector is zero
Look rotation viewing vector is zero
Look rotation viewing vector is zero
Look rotation viewing vector is zero
Look rotation viewing vector is zero
Look rotation viewing vector is zero
Look rotation viewing vector is zero
Look rotation viewing vector is zero
Look rotation viewing vector is zero
Look rotation viewing vector is zero
Look rotation viewing vector is zero
Look rotation viewing vector is zero
Look rotation viewing vector is zero
Look rotation viewing vector is zero
Look rotation viewing vector is zero
Look rotation viewing vector is zero
Look rotation viewing vector is zero
Look rotation viewing vector is zero
Look rotation viewing vector is zero
Look rotation viewing vector is zero
Look rotation viewing vector is zero
Look rotation viewing vector is zero
Look rotation viewing vector is zero
Look rotation viewing vector is zero
Look rotation viewing vector is zero
Look rotation viewing vector is zero
Look rotation viewing vector is zero
Look rotation viewing vector is zero
Look rotation viewing vector is zero
Look rotation viewing vector is zero
Look rotation viewing vector is zero
Look rotation viewing vector is zero
Look rotation viewing vector is zero
Look rotation viewing vector is zero
Look rotation viewing vector is zero
Look rotation viewing vector is zero
Look rotation viewing vector is zero
Look rotation viewing vector is zero
Look rotation viewing vector is zero
Look rotation viewing vector is zero
Look rotation viewing vector is zero
Look rotation viewing vector is zero
Look rotation viewing vector is zero
Look rotation viewing vector is zero
Look rotation viewing vector is zero
Look rotation viewing vector is zero
Look rotation viewing vector is zero
Look rotation viewing vector is zero
Look rotation viewing vector is zero
Look rotation viewing vector is zero
Look rotation viewing vector is zero
Look rotation viewing vector is zero
Look rotation viewing vector is zero
Look rotation viewing vector is zero
Look rotation viewing vector is zero
Look rotation viewing vector is zero
Look rotation viewing vector is zero
Look rotation viewing vector is zero
Look rotation viewing vector is zero
Look rotation viewing vector is zero
Look rotation viewing vector is zero
Look rotation viewing vector is zero
Look rotation viewing vector is zero
Look rotation viewing vector is zero
Look rotation viewing vector is zero
Look rotation viewing vector is zero
Look rotation viewing vector is zero
Look rotation viewing vector is zero
Look rotation viewing vector is zero
Look rotation viewing vector is zero
Look rotation viewing vector is zero
Look rotation viewing vector is zero
Look rotation viewing vector is zero
Look rotation viewing vector is zero
Look rotation viewing vector is zero
Look rotation viewing vector is zero
Look rotation viewing vector is zero
Look rotation viewing vector is zero
Look rotation viewing vector is zero
Look rotation viewing vector is zero
Look rotation viewing vector is zero
Look rotation viewing vector is zero
Look rotation viewing vector is zero
Look rotation viewing vector is zero
Look rotation viewing vector is zero
Look rotation viewing vector is zero
Look rotation viewing vector is zero
Look rotation viewing vector is zero
Look rotation viewing vector is zero
Look rotation viewing vector is zero
Look rotation viewing vector is zero
Look rotation viewing vector is zero
Look rotation viewing vector is zero
Look rotation viewing vector is zero
Look rotation viewing vector is zero
Look rotation viewing vector is zero
Look rotation viewing vector is zero
Look rotation viewing vector is zero
Look rotation viewing vector is zero
Look rotation viewing vector is zero
Look rotation viewing vector is zero
Look rotation viewing vector is zero
Look rotation viewing vector is zero
Look rotation viewing vector is zero
Look rotation viewing vector is zero
Look rotation viewing vector is zero
Look rotation viewing vector is zero
Look rotation viewing vector is zero
Look rotation viewing vector is zero
Look rotation viewing vector is zero
Look rotation viewing vector is zero
Look rotation viewing vector is zero
Look rotation viewing vector is zero
Look rotation viewing vector is zero
Look rotation viewing vector is zero
Look rotation viewing vector is zero
Look rotation viewing vector is zero
Look rotation viewing vector is zero
Look rotation viewing vector is zero
Look rotation viewing vector is zero
Look rotation viewing vector is zero
Look rotation viewing vector is zero
Look rotation viewing vector is zero
Look rotation viewing vector is zero
Look rotation viewing vector is zero
Look rotation viewing vector is zero
Look rotation viewing vector is zero
Look rotation viewing vector is zero
Look rotation viewing vector is zero
Look rotation viewing vector is zero
Look rotation viewing vector is zero
Look rotation viewing vector is zero
Look rotation viewing vector is zero
Look rotation viewing vector is zero
Look rotation viewing vector is zero
Look rotation viewing vector is zero
Look rotation viewing vector is zero
Look rotation viewing vector is zero
Look rotation viewing vector is zero
Look rotation viewing vector is zero
Look rotation viewing vector is zero
Look rotation viewing vector is zero
Look rotation viewing vector is zero
Look rotation viewing vector is zero
Look rotation viewing vector is zero
Look rotation viewing vector is zero
Look rotation viewing vector is zero
Look rotation viewing vector is zero
Look rotation viewing vector is zero
Look rotation viewing vector is zero
Look rotation viewing vector is zero
Look rotation viewing vector is zero
Look rotation viewing vector is zero
Look rotation viewing vector is zero
Look rotation viewing vector is zero
Look rotation viewing vector is zero
Look rotation viewing vector is zero
Look rotation viewing vector is zero
Look rotation viewing vector is zero
Look rotation viewing vector is zero
Look rotation viewing vector is zero
Look rotation viewing vector is zero
Look rotation viewing vector is zero
Look rotation viewing vector is zero
Look rotation viewing vector is zero
Look rotation viewing vector is zero
Look rotation viewing vector is zero
Look rotation viewing vector is zero
Look rotation viewing vector is zero
Look rotation viewing vector is zero
Look rotation viewing vector is zero
Look rotation viewing vector is zero
Look rotation viewing vector is zero
Look rotation viewing vector is zero
Look rotation viewing vector is zero
Look rotation viewing vector is zero
Look rotation viewing vector is zero
Look rotation viewing vector is zero
Look rotation viewing vector is zero
Look rotation viewing vector is zero
Look rotation viewing vector is zero
Look rotation viewing vector is zero
Look rotation viewing vector is zero
Look rotation viewing vector is zero
Look rotation viewing vector is zero
Look rotation viewing vector is zero
Look rotation viewing vector is zero
Look rotation viewing vector is zero
Look rotation viewing vector is zero
Look rotation viewing vector is zero
Look rotation viewing vector is zero
Look rotation viewing vector is zero
Look rotation viewing vector is zero
Look rotation viewing vector is zero
Look rotation viewing vector is zero
Look rotation viewing vector is zero
Look rotation viewing vector is zero
Look rotation viewing vector is zero
Look rotation viewing vector is zero
Look rotation viewing vector is zero
Look rotation viewing vector is zero
Look rotation viewing vector is zero
Look rotation viewing vector is zero
Look rotation viewing vector is zero
Look rotation viewing vector is zero
Look rotation viewing vector is zero
Look rotation viewing vector is zero
Look rotation viewing vector is zero
Look rotation viewing vector is zero
Look rotation viewing vector is zero
Look rotation viewing vector is zero
Look rotation viewing vector is zero
Look rotation viewing vector is zero
Look rotation viewing vector is zero
Look rotation viewing vector is zero
Look rotation viewing vector is zero
Look rotation viewing vector is zero
Look rotation viewing vector is zero
Look rotation viewing vector is zero
Look rotation viewing vector is zero
Look rotation viewing vector is zero
Look rotation viewing vector is zero
Look rotation viewing vector is zero
Look rotation viewing vector is zero
Look rotation viewing vector is zero
Look rotation viewing vector is zero
Look rotation viewing vector is zero
Look rotation viewing vector is zero
Look rotation viewing vector is zero
Look rotation viewing vector is zero
Look rotation viewing vector is zero
Look rotation viewing vector is zero
Look rotation viewing vector is zero
Look rotation viewing vector is zero
Look rotation viewing vector is zero
Look rotation viewing vector is zero
Look rotation viewing vector is zero
Look rotation viewing vector is zero
Look rotation viewing vector is zero
Look rotation viewing vector is zero
Look rotation viewing vector is zero
Look rotation viewing vector is zero
Look rotation viewing vector is zero
Look rotation viewing vector is zero
Look rotation viewing vector is zero
Look rotation viewing vector is zero
Look rotation viewing vector is zero
Look rotation viewing vector is zero
Look rotation viewing vector is zero
Look rotation viewing vector is zero
Look rotation viewing vector is zero
Look rotation viewing vector is zero
Look rotation viewing vector is zero
Look rotation viewing vector is zero
Look rotation viewing vector is zero
Look rotation viewing vector is zero
Look rotation viewing vector is zero
Look rotation viewing vector is zero
Look rotation viewing vector is zero
Look rotation viewing vector is zero
Look rotation viewing vector is zero
Look rotation viewing vector is zero
Look rotation viewing vector is zero
Look rotation viewing vector is zero
Look rotation viewing vector is zero
Look rotation viewing vector is zero
Look rotation viewing vector is zero
Look rotation viewing vector is zero
Look rotation viewing vector is zero
Look rotation viewing vector is zero
Look rotation viewing vector is zero
Look rotation viewing vector is zero
Look rotation viewing vector is zero
Look rotation viewing vector is zero
Look rotation viewing vector is zero
Look rotation viewing vector is zero
Look rotation viewing vector is zero
Look rotation viewing vector is zero
Look rotation viewing vector is zero
Look rotation viewing vector is zero
Look rotation viewing vector is zero
Look rotation viewing vector is zero
Look rotation viewing vector is zero
Look rotation viewing vector is zero
Look rotation viewing vector is zero
Look rotation viewing vector is zero
Look rotation viewing vector is zero
Look rotation viewing vector is zero
Look rotation viewing vector is zero
Look rotation viewing vector is zero
Look rotation viewing vector is zero
Look rotation viewing vector is zero
Look rotation viewing vector is zero
Look rotation viewing vector is zero
Look rotation viewing vector is zero
Look rotation viewing vector is zero
Look rotation viewing vector is zero
Look rotation viewing vector is zero
Look rotation viewing vector is zero
Look rotation viewing vector is zero
Look rotation viewing vector is zero
Look rotation viewing vector is zero
Look rotation viewing vector is zero
Look rotation viewing vector is zero
Look rotation viewing vector is zero
Look rotation viewing vector is zero
Look rotation viewing vector is zero
Look rotation viewing vector is zero
Look rotation viewing vector is zero
Look rotation viewing vector is zero
Look rotation viewing vector is zero
Look rotation viewing vector is zero
Look rotation viewing vector is zero
Look rotation viewing vector is zero
Look rotation viewing vector is zero
Look rotation viewing vector is zero
Look rotation viewing vector is zero
Look rotation viewing vector is zero
Look rotation viewing vector is zero
Look rotation viewing vector is zero
Look rotation viewing vector is zero
Look rotation viewing vector is zero
Look rotation viewing vector is zero
Look rotation viewing vector is zero
Look rotation viewing vector is zero
Look rotation viewing vector is zero
Look rotation viewing vector is zero
Look rotation viewing vector is zero
Look rotation viewing vector is zero
Look rotation viewing vector is zero
Look rotation viewing vector is zero
Look rotation viewing vector is zero
Look rotation viewing vector is zero
Look rotation viewing vector is zero
Look rotation viewing vector is zero
Look rotation viewing vector is zero
Look rotation viewing vector is zero
Look rotation viewing vector is zero
Look rotation viewing vector is zero
Look rotation viewing vector is zero
Look rotation viewing vector is zero
Look rotation viewing vector is zero
Look rotation viewing vector is zero
Look rotation viewing vector is zero
Look rotation viewing vector is zero
Look rotation viewing vector is zero
Look rotation viewing vector is zero
Look rotation viewing vector is zero
Look rotation viewing vector is zero
Look rotation viewing vector is zero
Look rotation viewing vector is zero
Look rotation viewing vector is zero
Look rotation viewing vector is zero
Look rotation viewing vector is zero
Look rotation viewing vector is zero
Look rotation viewing vector is zero
Look rotation viewing vector is zero
Look rotation viewing vector is zero
Look rotation viewing vector is zero
Look rotation viewing vector is zero
Look rotation viewing vector is zero
Look rotation viewing vector is zero
Look rotation viewing vector is zero
Look rotation viewing vector is zero
Look rotation viewing vector is zero
Look rotation viewing vector is zero
Look rotation viewing vector is zero
Look rotation viewing vector is zero
Look rotation viewing vector is zero
Look rotation viewing vector is zero
Look rotation viewing vector is zero
Look rotation viewing vector is zero
Look rotation viewing vector is zero
Look rotation viewing vector is zero
Look rotation viewing vector is zero
Look rotation viewing vector is zero
Look rotation viewing vector is zero
Look rotation viewing vector is zero
Look rotation viewing vector is zero
Look rotation viewing vector is zero
Look rotation viewing vector is zero
Look rotation viewing vector is zero
Look rotation viewing vector is zero
Look rotation viewing vector is zero
Look rotation viewing vector is zero
Look rotation viewing vector is zero
Look rotation viewing vector is zero
Look rotation viewing vector is zero
Look rotation viewing vector is zero
Look rotation viewing vector is zero
Look rotation viewing vector is zero
Look rotation viewing vector is zero
Look rotation viewing vector is zero
Look rotation viewing vector is zero
Look rotation viewing vector is zero
Look rotation viewing vector is zero
Look rotation viewing vector is zero
Look rotation viewing vector is zero
Look rotation viewing vector is zero
Look rotation viewing vector is zero
Look rotation viewing vector is zero
Look rotation viewing vector is zero
Look rotation viewing vector is zero
Look rotation viewing vector is zero
Look rotation viewing vector is zero
Look rotation viewing vector is zero
Look rotation viewing vector is zero
Look rotation viewing vector is zero
Look rotation viewing vector is zero
Look rotation viewing vector is zero
Look rotation viewing vector is zero
Look rotation viewing vector is zero
Look rotation viewing vector is zero
Look rotation viewing vector is zero
Look rotation viewing vector is zero
Look rotation viewing vector is zero
Look rotation viewing vector is zero
Look rotation viewing vector is zero
Look rotation viewing vector is zero
Look rotation viewing vector is zero
Look rotation viewing vector is zero
Look rotation viewing vector is zero
Look rotation viewing vector is zero
Look rotation viewing vector is zero
Look rotation viewing vector is zero
Look rotation viewing vector is zero
Look rotation viewing vector is zero
Look rotation viewing vector is zero
Look rotation viewing vector is zero
Look rotation viewing vector is zero
Look rotation viewing vector is zero
Look rotation viewing vector is zero
Look rotation viewing vector is zero
Look rotation viewing vector is zero
Look rotation viewing vector is zero
Look rotation viewing vector is zero
Look rotation viewing vector is zero
Look rotation viewing vector is zero
Look rotation viewing vector is zero
Look rotation viewing vector is zero
Look rotation viewing vector is zero
Look rotation viewing vector is zero
Look rotation viewing vector is zero
Look rotation viewing vector is zero
Look rotation viewing vector is zero
Look rotation viewing vector is zero
Look rotation viewing vector is zero
Look rotation viewing vector is zero
Look rotation viewing vector is zero
Look rotation viewing vector is zero
Look rotation viewing vector is zero
Look rotation viewing vector is zero
Look rotation viewing vector is zero
Look rotation viewing vector is zero
Look rotation viewing vector is zero
Look rotation viewing vector is zero
Look rotation viewing vector is zero
Look rotation viewing vector is zero
Look rotation viewing vector is zero
Look rotation viewing vector is zero
Look rotation viewing vector is zero
Look rotation viewing vector is zero
Look rotation viewing vector is zero
Look rotation viewing vector is zero
Look rotation viewing vector is zero
Look rotation viewing vector is zero
Look rotation viewing vector is zero
Look rotation viewing vector is zero
Look rotation viewing vector is zero
Look rotation viewing vector is zero
Look rotation viewing vector is zero
Look rotation viewing vector is zero
Look rotation viewing vector is zero
Look rotation viewing vector is zero
Look rotation viewing vector is zero
Look rotation viewing vector is zero
Look rotation viewing vector is zero
Look rotation viewing vector is zero
Look rotation viewing vector is zero
Look rotation viewing vector is zero
Look rotation viewing vector is zero
Look rotation viewing vector is zero
Look rotation viewing vector is zero
Look rotation viewing vector is zero
Look rotation viewing vector is zero
Look rotation viewing vector is zero
Look rotation viewing vector is zero
Look rotation viewing vector is zero
Look rotation viewing vector is zero
Look rotation viewing vector is zero
Look rotation viewing vector is zero
Look rotation viewing vector is zero
Look rotation viewing vector is zero
Look rotation viewing vector is zero
Look rotation viewing vector is zero
Look rotation viewing vector is zero
Look rotation viewing vector is zero
Look rotation viewing vector is zero
Look rotation viewing vector is zero
Look rotation viewing vector is zero
Look rotation viewing vector is zero
Look rotation viewing vector is zero
Look rotation viewing vector is zero
Look rotation viewing vector is zero
Look rotation viewing vector is zero
Look rotation viewing vector is zero
Look rotation viewing vector is zero
Look rotation viewing vector is zero
Look rotation viewing vector is zero
Look rotation viewing vector is zero
Look rotation viewing vector is zero
Look rotation viewing vector is zero
Look rotation viewing vector is zero
Look rotation viewing vector is zero
Look rotation viewing vector is zero
Look rotation viewing vector is zero
Look rotation viewing vector is zero
Look rotation viewing vector is zero
Look rotation viewing vector is zero
Look rotation viewing vector is zero
Look rotation viewing vector is zero
Look rotation viewing vector is zero
Look rotation viewing vector is zero
Look rotation viewing vector is zero
Look rotation viewing vector is zero
Look rotation viewing vector is zero
Look rotation viewing vector is zero
Look rotation viewing vector is zero
Look rotation viewing vector is zero
Look rotation viewing vector is zero
Look rotation viewing vector is zero
Look rotation viewing vector is zero
Look rotation viewing vector is zero
Look rotation viewing vector is zero
Look rotation viewing vector is zero
Look rotation viewing vector is zero
Look rotation viewing vector is zero
Look rotation viewing vector is zero
Look rotation viewing vector is zero
Look rotation viewing vector is zero
Look rotation viewing vector is zero
Look rotation viewing vector is zero
Look rotation viewing vector is zero
Look rotation viewing vector is zero
Look rotation viewing vector is zero
Look rotation viewing vector is zero
Look rotation viewing vector is zero
Look rotation viewing vector is zero
Look rotation viewing vector is zero
Look rotation viewing vector is zero
Look rotation viewing vector is zero
Look rotation viewing vector is zero
Look rotation viewing vector is zero
Look rotation viewing vector is zero
Look rotation viewing vector is zero
Look rotation viewing vector is zero
Look rotation viewing vector is zero
Look rotation viewing vector is zero
Look rotation viewing vector is zero
Look rotation viewing vector is zero
Look rotation viewing vector is zero
Look rotation viewing vector is zero
Look rotation viewing vector is zero
Look rotation viewing vector is zero
Look rotation viewing vector is zero
Look rotation viewing vector is zero
Look rotation viewing vector is zero
Look rotation viewing vector is zero
Look rotation viewing vector is zero
Look rotation viewing vector is zero
Look rotation viewing vector is zero
Look rotation viewing vector is zero
Look rotation viewing vector is zero
Look rotation viewing vector is zero
Look rotation viewing vector is zero
Look rotation viewing vector is zero
Look rotation viewing vector is zero
Look rotation viewing vector is zero
Look rotation viewing vector is zero
Look rotation viewing vector is zero
Look rotation viewing vector is zero
Look rotation viewing vector is zero
Look rotation viewing vector is zero
Look rotation viewing vector is zero
Look rotation viewing vector is zero
Look rotation viewing vector is zero
Look rotation viewing vector is zero
Look rotation viewing vector is zero
Look rotation viewing vector is zero
Look rotation viewing vector is zero
Look rotation viewing vector is zero
Look rotation viewing vector is zero
Look rotation viewing vector is zero
Look rotation viewing vector is zero
Look rotation viewing vector is zero
Look rotation viewing vector is zero
Look rotation viewing vector is zero
Look rotation viewing vector is zero
Look rotation viewing vector is zero
Look rotation viewing vector is zero
Look rotation viewing vector is zero
Look rotation viewing vector is zero
Look rotation viewing vector is zero
Look rotation viewing vector is zero
Look rotation viewing vector is zero
Look rotation viewing vector is zero
Look rotation viewing vector is zero
Look rotation viewing vector is zero
Look rotation viewing vector is zero
Look rotation viewing vector is zero
Look rotation viewing vector is zero
Look rotation viewing vector is zero
Look rotation viewing vector is zero
Look rotation viewing vector is zero
Look rotation viewing vector is zero
Look rotation viewing vector is zero
Look rotation viewing vector is zero
Look rotation viewing vector is zero
Look rotation viewing vector is zero
Look rotation viewing vector is zero
Look rotation viewing vector is zero
Look rotation viewing vector is zero
Look rotation viewing vector is zero
Look rotation viewing vector is zero
Look rotation viewing vector is zero
Look rotation viewing vector is zero
Look rotation viewing vector is zero
Look rotation viewing vector is zero
Look rotation viewing vector is zero
Look rotation viewing vector is zero
Look rotation viewing vector is zero
Look rotation viewing vector is zero
Look rotation viewing vector is zero
Look rotation viewing vector is zero
Look rotation viewing vector is zero
Look rotation viewing vector is zero
Look rotation viewing vector is zero
Look rotation viewing vector is zero
Look rotation viewing vector is zero
Look rotation viewing vector is zero
Look rotation viewing vector is zero
Look rotation viewing vector is zero
Look rotation viewing vector is zero
Look rotation viewing vector is zero
Look rotation viewing vector is zero
Look rotation viewing vector is zero
Look rotation viewing vector is zero
Look rotation viewing vector is zero
Look rotation viewing vector is zero
Look rotation viewing vector is zero
Look rotation viewing vector is zero
Look rotation viewing vector is zero
Look rotation viewing vector is zero
Look rotation viewing vector is zero
Look rotation viewing vector is zero
Look rotation viewing vector is zero
Look rotation viewing vector is zero
Look rotation viewing vector is zero
Look rotation viewing vector is zero
Look rotation viewing vector is zero
Look rotation viewing vector is zero
Look rotation viewing vector is zero
Look rotation viewing vector is zero
Look rotation viewing vector is zero
Look rotation viewing vector is zero
Look rotation viewing vector is zero
Look rotation viewing vector is zero
Look rotation viewing vector is zero
Look rotation viewing vector is zero
Look rotation viewing vector is zero
Look rotation viewing vector is zero
Look rotation viewing vector is zero
Look rotation viewing vector is zero
Look rotation viewing vector is zero
Look rotation viewing vector is zero
Look rotation viewing vector is zero
Look rotation viewing vector is zero
Look rotation viewing vector is zero
Look rotation viewing vector is zero
Look rotation viewing vector is zero
Look rotation viewing vector is zero
Look rotation viewing vector is zero
Look rotation viewing vector is zero
Look rotation viewing vector is zero
Look rotation viewing vector is zero
Look rotation viewing vector is zero
Look rotation viewing vector is zero
Look rotation viewing vector is zero
Look rotation viewing vector is zero
Look rotation viewing vector is zero
Look rotation viewing vector is zero
Look rotation viewing vector is zero
Look rotation viewing vector is zero
Look rotation viewing vector is zero
Look rotation viewing vector is zero
Look rotation viewing vector is zero
Look rotation viewing vector is zero
Look rotation viewing vector is zero
Look rotation viewing vector is zero
Look rotation viewing vector is zero
Look rotation viewing vector is zero
Look rotation viewing vector is zero
Look rotation viewing vector is zero
Look rotation viewing vector is zero
Look rotation viewing vector is zero
Look rotation viewing vector is zero
Look rotation viewing vector is zero
Look rotation viewing vector is zero
Look rotation viewing vector is zero
Look rotation viewing vector is zero
Look rotation viewing vector is zero
Look rotation viewing vector is zero
Look rotation viewing vector is zero
Look rotation viewing vector is zero
Look rotation viewing vector is zero
Look rotation viewing vector is zero
Look rotation viewing vector is zero
Look rotation viewing vector is zero
Look rotation viewing vector is zero
Look rotation viewing vector is zero
Look rotation viewing vector is zero
Look rotation viewing vector is zero
Look rotation viewing vector is zero
Look rotation viewing vector is zero
Look rotation viewing vector is zero
Look rotation viewing vector is zero
Look rotation viewing vector is zero
Look rotation viewing vector is zero
Look rotation viewing vector is zero
Look rotation viewing vector is zero
Look rotation viewing vector is zero
Look rotation viewing vector is zero
Look rotation viewing vector is zero
Look rotation viewing vector is zero
Look rotation viewing vector is zero
Look rotation viewing vector is zero
Look rotation viewing vector is zero
Look rotation viewing vector is zero
Look rotation viewing vector is zero
Look rotation viewing vector is zero
Look rotation viewing vector is zero
Look rotation viewing vector is zero
Look rotation viewing vector is zero
Look rotation viewing vector is zero
Look rotation viewing vector is zero
Look rotation viewing vector is zero
Look rotation viewing vector is zero
Look rotation viewing vector is zero
Look rotation viewing vector is zero
Look rotation viewing vector is zero
Look rotation viewing vector is zero
Look rotation viewing vector is zero
Look rotation viewing vector is zero
Look rotation viewing vector is zero
Look rotation viewing vector is zero
Look rotation viewing vector is zero
Look rotation viewing vector is zero
Look rotation viewing vector is zero
Look rotation viewing vector is zero
Look rotation viewing vector is zero
Look rotation viewing vector is zero
Look rotation viewing vector is zero
Look rotation viewing vector is zero
Look rotation viewing vector is zero
Look rotation viewing vector is zero
Look rotation viewing vector is zero
Look rotation viewing vector is zero
Look rotation viewing vector is zero
Look rotation viewing vector is zero
Look rotation viewing vector is zero
Look rotation viewing vector is zero
Look rotation viewing vector is zero
Look rotation viewing vector is zero
Look rotation viewing vector is zero
Look rotation viewing vector is zero
Look rotation viewing vector is zero
Look rotation viewing vector is zero
Look rotation viewing vector is zero
Look rotation viewing vector is zero
Look rotation viewing vector is zero
Look rotation viewing vector is zero
Look rotation viewing vector is zero
Look rotation viewing vector is zero
Look rotation viewing vector is zero
Look rotation viewing vector is zero
Look rotation viewing vector is zero
Look rotation viewing vector is zero
Look rotation viewing vector is zero
Look rotation viewing vector is zero
Look rotation viewing vector is zero
Look rotation viewing vector is zero
Look rotation viewing vector is zero
Look rotation viewing vector is zero
Look rotation viewing vector is zero
Look rotation viewing vector is zero
Look rotation viewing vector is zero
Look rotation viewing vector is zero
Look rotation viewing vector is zero
Look rotation viewing vector is zero
Look rotation viewing vector is zero
Look rotation viewing vector is zero
Look rotation viewing vector is zero
Look rotation viewing vector is zero
Look rotation viewing vector is zero
Look rotation viewing vector is zero
Look rotation viewing vector is zero
Look rotation viewing vector is zero
Look rotation viewing vector is zero
Look rotation viewing vector is zero
Look rotation viewing vector is zero
Look rotation viewing vector is zero
Look rotation viewing vector is zero
Look rotation viewing vector is zero
Look rotation viewing vector is zero
Look rotation viewing vector is zero
Look rotation viewing vector is zero
Look rotation viewing vector is zero
Look rotation viewing vector is zero
Look rotation viewing vector is zero
Look rotation viewing vector is zero
Look rotation viewing vector is zero
Look rotation viewing vector is zero
Look rotation viewing vector is zero
Look rotation viewing vector is zero
Look rotation viewing vector is zero
Look rotation viewing vector is zero
Look rotation viewing vector is zero
Look rotation viewing vector is zero
Look rotation viewing vector is zero
Look rotation viewing vector is zero
Look rotation viewing vector is zero
Look rotation viewing vector is zero
Look rotation viewing vector is zero
Look rotation viewing vector is zero
Look rotation viewing vector is zero
Look rotation viewing vector is zero
Look rotation viewing vector is zero
Look rotation viewing vector is zero
Look rotation viewing vector is zero
Look rotation viewing vector is zero
Look rotation viewing vector is zero
Look rotation viewing vector is zero
Look rotation viewing vector is zero
Look rotation viewing vector is zero
Look rotation viewing vector is zero
Look rotation viewing vector is zero
Look rotation viewing vector is zero
Look rotation viewing vector is zero
Look rotation viewing vector is zero
Look rotation viewing vector is zero
Look rotation viewing vector is zero
Look rotation viewing vector is zero
Look rotation viewing vector is zero
Look rotation viewing vector is zero
Look rotation viewing vector is zero
Look rotation viewing vector is zero
Look rotation viewing vector is zero
Look rotation viewing vector is zero
Look rotation viewing vector is zero
Look rotation viewing vector is zero
Look rotation viewing vector is zero
Look rotation viewing vector is zero
Look rotation viewing vector is zero
Look rotation viewing vector is zero
Look rotation viewing vector is zero
Look rotation viewing vector is zero
Look rotation viewing vector is zero
Look rotation viewing vector is zero
Look rotation viewing vector is zero
Look rotation viewing vector is zero
Look rotation viewing vector is zero
Look rotation viewing vector is zero
Look rotation viewing vector is zero
Look rotation viewing vector is zero
Look rotation viewing vector is zero
Look rotation viewing vector is zero
Look rotation viewing vector is zero
Look rotation viewing vector is zero
Look rotation viewing vector is zero
Look rotation viewing vector is zero
Look rotation viewing vector is zero
Look rotation viewing vector is zero
Look rotation viewing vector is zero
Look rotation viewing vector is zero
Look rotation viewing vector is zero
Look rotation viewing vector is zero
Look rotation viewing vector is zero
Look rotation viewing vector is zero
Look rotation viewing vector is zero
Look rotation viewing vector is zero
Look rotation viewing vector is zero
Look rotation viewing vector is zero
Look rotation viewing vector is zero
Look rotation viewing vector is zero
Look rotation viewing vector is zero
Look rotation viewing vector is zero
Look rotation viewing vector is zero
Look rotation viewing vector is zero
Look rotation viewing vector is zero
Look rotation viewing vector is zero
Look rotation viewing vector is zero
Look rotation viewing vector is zero
Look rotation viewing vector is zero
Look rotation viewing vector is zero
Look rotation viewing vector is zero
Look rotation viewing vector is zero
Look rotation viewing vector is zero
Look rotation viewing vector is zero
Look rotation viewing vector is zero
Look rotation viewing vector is zero
Look rotation viewing vector is zero
Look rotation viewing vector is zero
Look rotation viewing vector is zero
Look rotation viewing vector is zero
Look rotation viewing vector is zero
Look rotation viewing vector is zero
Look rotation viewing vector is zero
Look rotation viewing vector is zero
Look rotation viewing vector is zero
Look rotation viewing vector is zero
Look rotation viewing vector is zero
Look rotation viewing vector is zero
Look rotation viewing vector is zero
Look rotation viewing vector is zero
Look rotation viewing vector is zero
Look rotation viewing vector is zero
Look rotation viewing vector is zero
Look rotation viewing vector is zero
Look rotation viewing vector is zero
Look rotation viewing vector is zero
Look rotation viewing vector is zero
Look rotation viewing vector is zero
Look rotation viewing vector is zero
Look rotation viewing vector is zero
Look rotation viewing vector is zero
Look rotation viewing vector is zero
Look rotation viewing vector is zero
Look rotation viewing vector is zero
Look rotation viewing vector is zero
Look rotation viewing vector is zero
Look rotation viewing vector is zero
Look rotation viewing vector is zero
Look rotation viewing vector is zero
Look rotation viewing vector is zero
Look rotation viewing vector is zero
Look rotation viewing vector is zero
Look rotation viewing vector is zero
Look rotation viewing vector is zero
Look rotation viewing vector is zero
Look rotation viewing vector is zero
Look rotation viewing vector is zero
Look rotation viewing vector is zero
Look rotation viewing vector is zero
Look rotation viewing vector is zero
Look rotation viewing vector is zero
Look rotation viewing vector is zero
Look rotation viewing vector is zero
Look rotation viewing vector is zero
Look rotation viewing vector is zero
Look rotation viewing vector is zero
Look rotation viewing vector is zero
Look rotation viewing vector is zero
Look rotation viewing vector is zero
Look rotation viewing vector is zero
Look rotation viewing vector is zero
Look rotation viewing vector is zero
Look rotation viewing vector is zero
Look rotation viewing vector is zero
Look rotation viewing vector is zero
Look rotation viewing vector is zero
Look rotation viewing vector is zero
Look rotation viewing vector is zero
Look rotation viewing vector is zero
Look rotation viewing vector is zero
Look rotation viewing vector is zero
Look rotation viewing vector is zero
Look rotation viewing vector is zero
Look rotation viewing vector is zero
Look rotation viewing vector is zero
Look rotation viewing vector is zero
Look rotation viewing vector is zero
Look rotation viewing vector is zero
Look rotation viewing vector is zero
Look rotation viewing vector is zero
Look rotation viewing vector is zero
Look rotation viewing vector is zero
Look rotation viewing vector is zero
Look rotation viewing vector is zero
Look rotation viewing vector is zero
Look rotation viewing vector is zero
Look rotation viewing vector is zero
Look rotation viewing vector is zero
Look rotation viewing vector is zero
Look rotation viewing vector is zero
Look rotation viewing vector is zero
Look rotation viewing vector is zero
Look rotation viewing vector is zero
Look rotation viewing vector is zero
Look rotation viewing vector is zero
Look rotation viewing vector is zero
Look rotation viewing vector is zero
Look rotation viewing vector is zero
Look rotation viewing vector is zero
Look rotation viewing vector is zero
Look rotation viewing vector is zero
Look rotation viewing vector is zero
Look rotation viewing vector is zero
Look rotation viewing vector is zero
Look rotation viewing vector is zero
Look rotation viewing vector is zero
Look rotation viewing vector is zero
Look rotation viewing vector is zero
Look rotation viewing vector is zero
Look rotation viewing vector is zero
Look rotation viewing vector is zero
Look rotation viewing vector is zero
Look rotation viewing vector is zero
Look rotation viewing vector is zero
Look rotation viewing vector is zero
Look rotation viewing vector is zero
Look rotation viewing vector is zero
Look rotation viewing vector is zero
Look rotation viewing vector is zero
Look rotation viewing vector is zero
Look rotation viewing vector is zero
Look rotation viewing vector is zero
Look rotation viewing vector is zero
Look rotation viewing vector is zero
Look rotation viewing vector is zero
Look rotation viewing vector is zero
Look rotation viewing vector is zero
Look rotation viewing vector is zero
Look rotation viewing vector is zero
Look rotation viewing vector is zero
Look rotation viewing vector is zero
Look rotation viewing vector is zero
Look rotation viewing vector is zero
Look rotation viewing vector is zero
Look rotation viewing vector is zero
Look rotation viewing vector is zero
Look rotation viewing vector is zero
Look rotation viewing vector is zero
Look rotation viewing vector is zero
Look rotation viewing vector is zero
Look rotation viewing vector is zero
Look rotation viewing vector is zero
Look rotation viewing vector is zero
Look rotation viewing vector is zero
Look rotation viewing vector is zero
Look rotation viewing vector is zero
Look rotation viewing vector is zero
Look rotation viewing vector is zero
Look rotation viewing vector is zero
Look rotation viewing vector is zero
Look rotation viewing vector is zero
Look rotation viewing vector is zero
Look rotation viewing vector is zero
Look rotation viewing vector is zero
Look rotation viewing vector is zero
Look rotation viewing vector is zero
Look rotation viewing vector is zero
Look rotation viewing vector is zero
Look rotation viewing vector is zero
Look rotation viewing vector is zero
Look rotation viewing vector is zero
Look rotation viewing vector is zero
Look rotation viewing vector is zero
Look rotation viewing vector is zero
Look rotation viewing vector is zero
Look rotation viewing vector is zero
Look rotation viewing vector is zero
Look rotation viewing vector is zero
Look rotation viewing vector is zero
Look rotation viewing vector is zero
Look rotation viewing vector is zero
Look rotation viewing vector is zero
Look rotation viewing vector is zero
Look rotation viewing vector is zero
Look rotation viewing vector is zero
Look rotation viewing vector is zero
Look rotation viewing vector is zero
Look rotation viewing vector is zero
Look rotation viewing vector is zero
Look rotation viewing vector is zero
Look rotation viewing vector is zero
Look rotation viewing vector is zero
Look rotation viewing vector is zero
Look rotation viewing vector is zero
Look rotation viewing vector is zero
Look rotation viewing vector is zero
Look rotation viewing vector is zero
Look rotation viewing vector is zero
Look rotation viewing vector is zero
Look rotation viewing vector is zero
Look rotation viewing vector is zero
Look rotation viewing vector is zero
Look rotation viewing vector is zero
Look rotation viewing vector is zero
Look rotation viewing vector is zero
Look rotation viewing vector is zero
Look rotation viewing vector is zero
Look rotation viewing vector is zero
Look rotation viewing vector is zero
Look rotation viewing vector is zero
Look rotation viewing vector is zero
Look rotation viewing vector is zero
Look rotation viewing vector is zero
Look rotation viewing vector is zero
Look rotation viewing vector is zero
Look rotation viewing vector is zero
Look rotation viewing vector is zero
Look rotation viewing vector is zero
Look rotation viewing vector is zero
Look rotation viewing vector is zero
Look rotation viewing vector is zero
Look rotation viewing vector is zero
Look rotation viewing vector is zero
Look rotation viewing vector is zero
Look rotation viewing vector is zero
Look rotation viewing vector is zero
Look rotation viewing vector is zero
Look rotation viewing vector is zero
Look rotation viewing vector is zero
Look rotation viewing vector is zero
Look rotation viewing vector is zero
Look rotation viewing vector is zero
Look rotation viewing vector is zero
Look rotation viewing vector is zero
Look rotation viewing vector is zero
Look rotation viewing vector is zero
Look rotation viewing vector is zero
Look rotation viewing vector is zero
Look rotation viewing vector is zero
Look rotation viewing vector is zero
Look rotation viewing vector is zero
Look rotation viewing vector is zero
Look rotation viewing vector is zero
Look rotation viewing vector is zero
Look rotation viewing vector is zero
Look rotation viewing vector is zero
Look rotation viewing vector is zero
Look rotation viewing vector is zero
Look rotation viewing vector is zero
Look rotation viewing vector is zero
Look rotation viewing vector is zero
Look rotation viewing vector is zero
Look rotation viewing vector is zero
Look rotation viewing vector is zero
Look rotation viewing vector is zero
Look rotation viewing vector is zero
Look rotation viewing vector is zero
Look rotation viewing vector is zero
Look rotation viewing vector is zero
Look rotation viewing vector is zero
Look rotation viewing vector is zero
Look rotation viewing vector is zero
Look rotation viewing vector is zero
Look rotation viewing vector is zero
Look rotation viewing vector is zero
Look rotation viewing vector is zero
Look rotation viewing vector is zero
Look rotation viewing vector is zero
Look rotation viewing vector is zero
Look rotation viewing vector is zero
Look rotation viewing vector is zero
Look rotation viewing vector is zero
Look rotation viewing vector is zero
Look rotation viewing vector is zero
Look rotation viewing vector is zero
Look rotation viewing vector is zero
Look rotation viewing vector is zero
Look rotation viewing vector is zero
Look rotation viewing vector is zero
Look rotation viewing vector is zero
Look rotation viewing vector is zero
Look rotation viewing vector is zero
Look rotation viewing vector is zero
Look rotation viewing vector is zero
Look rotation viewing vector is zero
Look rotation viewing vector is zero
Look rotation viewing vector is zero
Look rotation viewing vector is zero
Look rotation viewing vector is zero
Look rotation viewing vector is zero
Look rotation viewing vector is zero
Look rotation viewing vector is zero
Look rotation viewing vector is zero
Look rotation viewing vector is zero
Look rotation viewing vector is zero
Look rotation viewing vector is zero
Look rotation viewing vector is zero
Look rotation viewing vector is zero
Look rotation viewing vector is zero
Look rotation viewing vector is zero
Look rotation viewing vector is zero
Look rotation viewing vector is zero
Look rotation viewing vector is zero
Look rotation viewing vector is zero
Look rotation viewing vector is zero
Look rotation viewing vector is zero
Look rotation viewing vector is zero
Look rotation viewing vector is zero
Look rotation viewing vector is zero
Look rotation viewing vector is zero
Look rotation viewing vector is zero
Look rotation viewing vector is zero
Look rotation viewing vector is zero
Look rotation viewing vector is zero
Look rotation viewing vector is zero
Look rotation viewing vector is zero
Look rotation viewing vector is zero
Look rotation viewing vector is zero
Look rotation viewing vector is zero
Look rotation viewing vector is zero
Look rotation viewing vector is zero
Look rotation viewing vector is zero
Look rotation viewing vector is zero
Look rotation viewing vector is zero
Look rotation viewing vector is zero
Look rotation viewing vector is zero
Look rotation viewing vector is zero
Look rotation viewing vector is zero
Look rotation viewing vector is zero
Look rotation viewing vector is zero
Look rotation viewing vector is zero
Look rotation viewing vector is zero
Look rotation viewing vector is zero
Look rotation viewing vector is zero
Look rotation viewing vector is zero
Look rotation viewing vector is zero
Look rotation viewing vector is zero
Look rotation viewing vector is zero
Look rotation viewing vector is zero
Look rotation viewing vector is zero
Look rotation viewing vector is zero
Look rotation viewing vector is zero
Look rotation viewing vector is zero
Look rotation viewing vector is zero
Look rotation viewing vector is zero
Look rotation viewing vector is zero
Look rotation viewing vector is zero
Look rotation viewing vector is zero
Look rotation viewing vector is zero
Look rotation viewing vector is zero
Look rotation viewing vector is zero
Look rotation viewing vector is zero
Look rotation viewing vector is zero
Look rotation viewing vector is zero
Look rotation viewing vector is zero
Look rotation viewing vector is zero
Look rotation viewing vector is zero
Look rotation viewing vector is zero
Look rotation viewing vector is zero
Look rotation viewing vector is zero
Look rotation viewing vector is zero
Look rotation viewing vector is zero
Look rotation viewing vector is zero
Look rotation viewing vector is zero
Look rotation viewing vector is zero
Look rotation viewing vector is zero
Look rotation viewing vector is zero
Look rotation viewing vector is zero
Look rotation viewing vector is zero
Look rotation viewing vector is zero
Look rotation viewing vector is zero
Look rotation viewing vector is zero
Look rotation viewing vector is zero
Look rotation viewing vector is zero
Look rotation viewing vector is zero
Look rotation viewing vector is zero
Look rotation viewing vector is zero
Look rotation viewing vector is zero
Look rotation viewing vector is zero
Look rotation viewing vector is zero
Look rotation viewing vector is zero
Look rotation viewing vector is zero
Look rotation viewing vector is zero
Look rotation viewing vector is zero
Look rotation viewing vector is zero
Look rotation viewing vector is zero
Look rotation viewing vector is zero
Look rotation viewing vector is zero
Look rotation viewing vector is zero
Look rotation viewing vector is zero
Look rotation viewing vector is zero
Look rotation viewing vector is zero
Look rotation viewing vector is zero
Look rotation viewing vector is zero
Look rotation viewing vector is zero
Look rotation viewing vector is zero
Look rotation viewing vector is zero
Look rotation viewing vector is zero
Look rotation viewing vector is zero
Look rotation viewing vector is zero
Look rotation viewing vector is zero
Look rotation viewing vector is zero
Look rotation viewing vector is zero
Look rotation viewing vector is zero
Look rotation viewing vector is zero
Look rotation viewing vector is zero
Look rotation viewing vector is zero
Look rotation viewing vector is zero
Look rotation viewing vector is zero
Look rotation viewing vector is zero
Look rotation viewing vector is zero
Look rotation viewing vector is zero
Look rotation viewing vector is zero
Look rotation viewing vector is zero
Look rotation viewing vector is zero
Look rotation viewing vector is zero
Look rotation viewing vector is zero
Look rotation viewing vector is zero
Look rotation viewing vector is zero
Look rotation viewing vector is zero
Look rotation viewing vector is zero
Look rotation viewing vector is zero
Look rotation viewing vector is zero
Look rotation viewing vector is zero
Look rotation viewing vector is zero
Look rotation viewing vector is zero
Look rotation viewing vector is zero
Look rotation viewing vector is zero
Look rotation viewing vector is zero
Look rotation viewing vector is zero
Look rotation viewing vector is zero
Look rotation viewing vector is zero
Look rotation viewing vector is zero
Look rotation viewing vector is zero
Look rotation viewing vector is zero
Look rotation viewing vector is zero
Look rotation viewing vector is zero
Look rotation viewing vector is zero
Look rotation viewing vector is zero
Look rotation viewing vector is zero
Look rotation viewing vector is zero
Look rotation viewing vector is zero
Look rotation viewing vector is zero
Look rotation viewing vector is zero
Look rotation viewing vector is zero
Look rotation viewing vector is zero
Look rotation viewing vector is zero
Look rotation viewing vector is zero
Look rotation viewing vector is zero
Look rotation viewing vector is zero
Look rotation viewing vector is zero
Look rotation viewing vector is zero
Look rotation viewing vector is zero
Look rotation viewing vector is zero
Look rotation viewing vector is zero
Look rotation viewing vector is zero
Look rotation viewing vector is zero
Look rotation viewing vector is zero
Look rotation viewing vector is zero
Look rotation viewing vector is zero
Look rotation viewing vector is zero
Look rotation viewing vector is zero
Look rotation viewing vector is zero
Look rotation viewing vector is zero
Look rotation viewing vector is zero
Look rotation viewing vector is zero
Look rotation viewing vector is zero
Look rotation viewing vector is zero
Look rotation viewing vector is zero
Look rotation viewing vector is zero
Look rotation viewing vector is zero
Look rotation viewing vector is zero
Look rotation viewing vector is zero
Look rotation viewing vector is zero
Look rotation viewing vector is zero
Look rotation viewing vector is zero
Look rotation viewing vector is zero
Look rotation viewing vector is zero
Look rotation viewing vector is zero
Look rotation viewing vector is zero
Look rotation viewing vector is zero
Look rotation viewing vector is zero
Look rotation viewing vector is zero
Look rotation viewing vector is zero
Look rotation viewing vector is zero
Look rotation viewing vector is zero
Look rotation viewing vector is zero
Look rotation viewing vector is zero
Look rotation viewing vector is zero
Look rotation viewing vector is zero
Look rotation viewing vector is zero
Look rotation viewing vector is zero
Look rotation viewing vector is zero
Look rotation viewing vector is zero
Look rotation viewing vector is zero
Look rotation viewing vector is zero
Look rotation viewing vector is zero
Look rotation viewing vector is zero
Look rotation viewing vector is zero
Look rotation viewing vector is zero
Look rotation viewing vector is zero
Look rotation viewing vector is zero
Look rotation viewing vector is zero
Look rotation viewing vector is zero
Look rotation viewing vector is zero
Look rotation viewing vector is zero
Look rotation viewing vector is zero
Look rotation viewing vector is zero
Look rotation viewing vector is zero
Look rotation viewing vector is zero
Look rotation viewing vector is zero
Look rotation viewing vector is zero
Look rotation viewing vector is zero
Look rotation viewing vector is zero
Look rotation viewing vector is zero
Look rotation viewing vector is zero
Look rotation viewing vector is zero
Look rotation viewing vector is zero
Look rotation viewing vector is zero
Look rotation viewing vector is zero
Look rotation viewing vector is zero
Look rotation viewing vector is zero
Look rotation viewing vector is zero
Look rotation viewing vector is zero
Look rotation viewing vector is zero
Look rotation viewing vector is zero
Look rotation viewing vector is zero
Look rotation viewing vector is zero
Look rotation viewing vector is zero
Look rotation viewing vector is zero
Look rotation viewing vector is zero
Look rotation viewing vector is zero
Look rotation viewing vector is zero
Look rotation viewing vector is zero
Look rotation viewing vector is zero
Look rotation viewing vector is zero
Look rotation viewing vector is zero
Look rotation viewing vector is zero
Look rotation viewing vector is zero
Look rotation viewing vector is zero
Look rotation viewing vector is zero
Look rotation viewing vector is zero
Look rotation viewing vector is zero
Look rotation viewing vector is zero
Look rotation viewing vector is zero
Look rotation viewing vector is zero
Look rotation viewing vector is zero
Look rotation viewing vector is zero
Look rotation viewing vector is zero
Look rotation viewing vector is zero
Look rotation viewing vector is zero
Look rotation viewing vector is zero
Look rotation viewing vector is zero
Look rotation viewing vector is zero
Look rotation viewing vector is zero
Look rotation viewing vector is zero
Look rotation viewing vector is zero
Look rotation viewing vector is zero
Look rotation viewing vector is zero
Look rotation viewing vector is zero
Look rotation viewing vector is zero
Look rotation viewing vector is zero
Look rotation viewing vector is zero
Look rotation viewing vector is zero
Look rotation viewing vector is zero
Look rotation viewing vector is zero
Look rotation viewing vector is zero
Look rotation viewing vector is zero
Look rotation viewing vector is zero
Look rotation viewing vector is zero
Look rotation viewing vector is zero
Look rotation viewing vector is zero
Look rotation viewing vector is zero
Look rotation viewing vector is zero
Look rotation viewing vector is zero
Look rotation viewing vector is zero
Look rotation viewing vector is zero
Look rotation viewing vector is zero
Look rotation viewing vector is zero
Look rotation viewing vector is zero
Look rotation viewing vector is zero
Look rotation viewing vector is zero
Look rotation viewing vector is zero
Look rotation viewing vector is zero
Look rotation viewing vector is zero
Look rotation viewing vector is zero
Look rotation viewing vector is zero
Look rotation viewing vector is zero
Look rotation viewing vector is zero
Look rotation viewing vector is zero
Look rotation viewing vector is zero
Look rotation viewing vector is zero
Look rotation viewing vector is zero
Look rotation viewing vector is zero
Look rotation viewing vector is zero
Look rotation viewing vector is zero
Look rotation viewing vector is zero
Look rotation viewing vector is zero
Look rotation viewing vector is zero
Look rotation viewing vector is zero
Look rotation viewing vector is zero
Look rotation viewing vector is zero
Look rotation viewing vector is zero
Look rotation viewing vector is zero
Look rotation viewing vector is zero
Look rotation viewing vector is zero
Look rotation viewing vector is zero
Look rotation viewing vector is zero
Look rotation viewing vector is zero
Look rotation viewing vector is zero
Look rotation viewing vector is zero
Look rotation viewing vector is zero
Look rotation viewing vector is zero
Look rotation viewing vector is zero
Look rotation viewing vector is zero
Look rotation viewing vector is zero
Look rotation viewing vector is zero
Look rotation viewing vector is zero
Look rotation viewing vector is zero
Look rotation viewing vector is zero
Look rotation viewing vector is zero
Look rotation viewing vector is zero
Look rotation viewing vector is zero
Look rotation viewing vector is zero
Look rotation viewing vector is zero
Look rotation viewing vector is zero
Look rotation viewing vector is zero
Look rotation viewing vector is zero
Look rotation viewing vector is zero
Look rotation viewing vector is zero
Look rotation viewing vector is zero
Look rotation viewing vector is zero
Look rotation viewing vector is zero
Look rotation viewing vector is zero
Look rotation viewing vector is zero
Look rotation viewing vector is zero
Look rotation viewing vector is zero
Look rotation viewing vector is zero
Look rotation viewing vector is zero
Look rotation viewing vector is zero
Look rotation viewing vector is zero
Look rotation viewing vector is zero
Look rotation viewing vector is zero
Look rotation viewing vector is zero
Look rotation viewing vector is zero
Look rotation viewing vector is zero
Look rotation viewing vector is zero
Look rotation viewing vector is zero
Look rotation viewing vector is zero
Look rotation viewing vector is zero
Look rotation viewing vector is zero
Look rotation viewing vector is zero
Look rotation viewing vector is zero
Look rotation viewing vector is zero
Look rotation viewing vector is zero
Look rotation viewing vector is zero
Look rotation viewing vector is zero
Look rotation viewing vector is zero
Look rotation viewing vector is zero
Look rotation viewing vector is zero
Look rotation viewing vector is zero
Look rotation viewing vector is zero
Look rotation viewing vector is zero
Look rotation viewing vector is zero
Look rotation viewing vector is zero
Look rotation viewing vector is zero
Look rotation viewing vector is zero
Look rotation viewing vector is zero
Look rotation viewing vector is zero
Look rotation viewing vector is zero
Look rotation viewing vector is zero
Look rotation viewing vector is zero
Look rotation viewing vector is zero
Look rotation viewing vector is zero
Look rotation viewing vector is zero
Look rotation viewing vector is zero
Look rotation viewing vector is zero
Look rotation viewing vector is zero
Look rotation viewing vector is zero
Look rotation viewing vector is zero
Look rotation viewing vector is zero
Look rotation viewing vector is zero
Look rotation viewing vector is zero
Look rotation viewing vector is zero
Look rotation viewing vector is zero
Look rotation viewing vector is zero
Look rotation viewing vector is zero
Look rotation viewing vector is zero
Look rotation viewing vector is zero
Look rotation viewing vector is zero
Look rotation viewing vector is zero
Look rotation viewing vector is zero
Look rotation viewing vector is zero
Look rotation viewing vector is zero
Look rotation viewing vector is zero
Look rotation viewing vector is zero
Look rotation viewing vector is zero
Look rotation viewing vector is zero
Look rotation viewing vector is zero
Look rotation viewing vector is zero
Look rotation viewing vector is zero
Look rotation viewing vector is zero
Look rotation viewing vector is zero
Look rotation viewing vector is zero
Look rotation viewing vector is zero
Look rotation viewing vector is zero
Look rotation viewing vector is zero
Look rotation viewing vector is zero
Look rotation viewing vector is zero
Look rotation viewing vector is zero
Look rotation viewing vector is zero
Look rotation viewing vector is zero
Look rotation viewing vector is zero
Look rotation viewing vector is zero
Screen position out of view frustum (screen pos 0.000000, 0.000000, 5000.000000) (Camera rect 0 0 960 540)
Unloading 1 Unused Serialized files (Serialized files now loaded: 22)
Unloading 554 unused Assets to reduce memory usage. Loaded Objects now: 12723.
Total: 53.839100 ms (FindLiveObjects: 1.014500 ms CreateObjectMapping: 0.584900 ms MarkObjects: 49.389100 ms  DeleteObjects: 2.849500 ms)

