Mono path[0] = 'Z:/home/kaloan/Downloads/Dredge (2023)/DREDGE/DREDGE_Data/Managed'
Mono config path = 'Z:/home/kaloan/Downloads/Dredge (2023)/DREDGE/MonoBleedingEdge/etc'
Initialize engine version: 2021.3.5f1 (40eb3a945986)
[Subsystems] Discovering subsystems at path Z:/home/kaloan/Downloads/Dredge (2023)/DREDGE/DREDGE_Data/UnitySubsystems
GfxDevice: creating device client; threaded=1; jobified=1
Direct3D:
    Version:  Direct3D 11.0 [level 11.1]
    Renderer: NVIDIA GeForce GTX 960 (ID=0x1401)
    Vendor:   NVIDIA
    VRAM:     2294 MB
    Driver:   31.0.21902.5
Begin MonoManager ReloadAssembly
- Completed reload, in  0.276 seconds
<RI> Initializing input.
<RI> Input initialized.
<RI> Initialized touch support.
Odin Serializer ArchitectureInfo initialization with defaults (all unaligned read/writes disabled).
UnloadTime: 0.885700 ms
Odin Serializer detected whitelisted runtime platform WindowsPlayer and memory read test succeeded; enabling all unaligned memory read/writes.
[GameManager] Awake()
Unloading 5 Unused Serialized files (Serialized files now loaded: 6)
Unloading 13 unused Assets to reduce memory usage. Loaded Objects now: 4372.
Total: 5.263500 ms (FindLiveObjects: 0.404000 ms CreateObjectMapping: 0.168400 ms MarkObjects: 4.633300 ms  DeleteObjects: 0.056800 ms)

WindowsVideoMedia error unhandled Color Standard: 0  falling back to default this may result in rendering issues
WindowsVideoMedia error 0xc00d36e6 while reading archive:/CAB-450ee5f43a04a2ae6cc4a80fe24d7125/CAB-450ee5f43a04a2ae6cc4a80fe24d7125.resource

Context: Get video transform output sample count
Error details: Attribute is not found.

Track types:
   Audio Track, type: %01
   Audio Track, type: %03
   Video Track [1920 x 1080], type: I420
   Video Track [1920 x 1080], type: NV12
   Video Track [1920 x 1080], type: YV12
   Video Track [1920 x 1080], type: YUY2
   Video Track [1920 x 1080], type: I420
   Video Track [1920 x 1080], type: IYUV
   Video Track [1920 x 1080], type: %15
   Video Track [1920 x 1080], type: %16
   Video Track [1920 x 1080], type:  
Unloading 3 Unused Serialized files (Serialized files now loaded: 16)
Unloading 1 unused Assets to reduce memory usage. Loaded Objects now: 5208.
Total: 10.497700 ms (FindLiveObjects: 0.378200 ms CreateObjectMapping: 0.188000 ms MarkObjects: 9.911800 ms  DeleteObjects: 0.018800 ms)

Unloading 1 Unused Serialized files (Serialized files now loaded: 16)
Unloading 1 unused Assets to reduce memory usage. Loaded Objects now: 5220.
Total: 10.294600 ms (FindLiveObjects: 0.384800 ms CreateObjectMapping: 0.188600 ms MarkObjects: 9.680000 ms  DeleteObjects: 0.040300 ms)

Unloading 1 Unused Serialized files (Serialized files now loaded: 17)
Unloading 44 unused Assets to reduce memory usage. Loaded Objects now: 6831.
Total: 25.322600 ms (FindLiveObjects: 0.491100 ms CreateObjectMapping: 0.266100 ms MarkObjects: 23.588800 ms  DeleteObjects: 0.975500 ms)

Failed to create agent because there is no valid NavMesh
Failed to create agent because there is no valid NavMesh
Failed to create agent because there is no valid NavMesh
Failed to create agent because it is not close enough to the NavMesh
Unloading 1 Unused Serialized files (Serialized files now loaded: 22)
Unloading 543 unused Assets to reduce memory usage. Loaded Objects now: 12698.
Total: 66.881000 ms (FindLiveObjects: 1.035900 ms CreateObjectMapping: 0.624900 ms MarkObjects: 62.665100 ms  DeleteObjects: 2.553700 ms)

