[2130862.765] DBG: ** Achievements (303 Total) **************************************
[2130862.765] DBG: ******************************************************************
[2130862.765] DBG:   0 (L): ACHIEVEMENT_WIN_WASHINGTON (First in the Hearts of Your Countrymen) = Locked
[2130862.781] DBG:   1 (L): ACHIEVEMENT_WIN_ELIZABETH (Video et Taceo) = Locked
[2130862.781] DBG:   2 (L): ACHIEVEMENT_WIN_NAPOLEON (Vivre La Revolution) = Locked
[2130862.781] DBG:   3 (L): ACHIEVEMENT_WIN_BISMARCK (Blood and Iron) = Locked
[2130862.781] DBG:   4 (L): ACHIEVEMENT_WIN_CATHERINE (Star of the North) = Locked
[2130862.796] DBG:   5 (L): ACHIEVEMENT_WIN_CAESAR (Veni, Vidi, Vici) = Locked
[2130862.796] DBG:   6 (L): ACHIEVEMENT_WIN_ALEXANDER (The Man Who Would Be King) = Locked
[2130862.796] DBG:   7 (L): ACHIEVEMENT_WIN_RAMESSES (Amongst the Catacombs of Nephren-Ka) = Locked
[2130862.796] DBG:   8 (L): ACHIEVEMENT_WIN_ASKIA (The African King) = Locked
[2130862.796] DBG:   9 (L): ACHIEVEMENT_WIN_HARUN (Arabian Knights) = Locked
[2130862.796] DBG:  10 (L): ACHIEVEMENT_WIN_DARIUS (Age of Empire) = Locked
[2130862.796] DBG:  11 (L): ACHIEVEMENT_WIN_GANDHI (Give Peace a Chance) = Locked
[2130862.796] DBG:  12 (L): ACHIEVEMENT_WIN_RAMKHAMHAENG (Empire of the East) = Locked
[2130862.796] DBG:  13 (L): ACHIEVEMENT_WIN_WU (A Woman's Work) = Locked
[2130862.796] DBG:  14 (L): ACHIEVEMENT_WIN_ODA (Rising Sun) = Locked
[2130862.796] DBG:  15 (L): ACHIEVEMENT_WIN_HIAWATHA (First of the Mohicans) = Locked
[2130862.796] DBG:  16 (L): ACHIEVEMENT_WIN_MONTEZUMA (Montezuma's Revenge…) = Locked
[2130862.796] DBG:  17 (U): ACHIEVEMENT_WIN_SULEIMAN (A Magnificent Victory) = Unlocked
[2130862.796] DBG:  18 (L): ACHIEVEMENT_WIN_ALLBASELEADERS (Master of the Universe) = Locked
[2130862.796] DBG:  19 (L): ACHIEVEMENT_DIFLEVEL_SETTLER (Baby Steps) = Locked
[2130862.796] DBG:  20 (L): ACHIEVEMENT_DIFLEVEL_CHIEFTAIN (Taking off the Training Wheels) = Locked
[2130862.796] DBG:  21 (L): ACHIEVEMENT_DIFLEVEL_WARLORD (The Alexman) = Locked
[2130862.796] DBG:  22 (L): ACHIEVEMENT_DIFLEVEL_PRINCE (Charming.  Really.) = Locked
[2130862.796] DBG:  23 (U): ACHIEVEMENT_DIFLEVEL_KING (The Once and Future King) = Unlocked
[2130862.796] DBG:  24 (L): ACHIEVEMENT_DIFLEVEL_EMPEROR (The Golden Path) = Locked
[2130862.796] DBG:  25 (L): ACHIEVEMENT_DIFLEVEL_IMMORTAL (The World Is a Mess, and I Just Need to Rule It) = Locked
[2130862.796] DBG:  26 (L): ACHIEVEMENT_DIFLEVEL_DEITY (Flawless Strategy) = Locked
[2130862.796] DBG:  27 (L): ACHIEVEMENT_MAPSIZE_DUEL (It's Just You and Me, Kid) = Locked
[2130862.796] DBG:  28 (L): ACHIEVEMENT_MAPSIZE_TINY (I Need More Elbow Room) = Locked
[2130862.796] DBG:  29 (L): ACHIEVEMENT_MAPSIZE_SMALL (Living in Smallville) = Locked
[2130862.796] DBG:  30 (U): ACHIEVEMENT_MAPSIZE_STANDARD (It's Standard Issue) = Unlocked
[2130862.796] DBG:  31 (L): ACHIEVEMENT_MAPSIZE_LARGE (Do You Want to Super Size That?) = Locked
[2130862.796] DBG:  32 (L): ACHIEVEMENT_MAPSIZE_HUGE (Ruler of the Twelve Colonies ) = Locked
[2130862.796] DBG:  33 (L): ACHIEVEMENT_MAPTYPE_CONTINENTS (Plate Tectonics) = Locked
[2130862.796] DBG:  34 (L): ACHIEVEMENT_MAPTYPE_PANGAEA (Going It Old School) = Locked
[2130862.796] DBG:  35 (L): ACHIEVEMENT_MAPTYPE_ARCHIPELAGO (Island Hopping) = Locked
[2130862.796] DBG:  36 (L): ACHIEVEMENT_MAPTYPE_EARTH (Battlefield Earth) = Locked
[2130862.796] DBG:  37 (L): ACHIEVEMENT_MAPS_ALL (Gotta Catch 'Em All) = Locked
[2130862.796] DBG:  38 (U): ACHIEVEMENT_WIN_MULTIPLAYER (Last Man Standing) = Unlocked
[2130862.796] DBG: 39: ERROR: Couldn't retrieve ACHIEVEMENT_HUNDRED_WAR
[2130862.796] DBG: 40: ERROR: Couldn't retrieve ACHIEVEMENT_CATFIGHT
[2130862.796] DBG: 41: ERROR: Couldn't retrieve ACHIEVEMENT_MANIFEST_DESTINY
[2130862.796] DBG:  42 (U): ACHIEVEMENT_CITYSTATE_ALLY (Say Hello to My Little Friend) = Unlocked
[2130862.796] DBG:  43 (U): ACHIEVEMENT_CITYSTATE_ANNEX (Neighborhood Bully) = Unlocked
[2130862.796] DBG:  44 (U): ACHIEVEMENT_BUILD_WONDER (Engineer) = Unlocked
[2130862.796] DBG:  45 (U): ACHIEVEMENT_UNIT_UPGRADE (Harder, Better, Faster, Stronger) = Unlocked
[2130862.796] DBG:  46 (U): ACHIEVEMENT_UNIT_PROMOTE (Moving on Up) = Unlocked
[2130862.796] DBG:  47 (U): ACHIEVEMENT_DESTROY_CIV (Two Men Enter, One Man Leave) = Unlocked
[2130862.796] DBG:  48 (U): ACHIEVEMENT_SECOND_CITY (Second City) = Unlocked
[2130862.796] DBG:  49 (U): ACHIEVEMENT_ANCIENT_RUIN (Treasure Hunter) = Unlocked
[2130862.796] DBG: 50: ERROR: Couldn't retrieve ACHIEVEMENT_UNIT_20BATTLES
[2130862.796] DBG:  51 (L): ACHIEVEMENT_ALL_TECHS (We Have the Technology) = Locked
[2130862.796] DBG:  52 (L): ACHIEVEMENT_ALL_WONDERS (The Wonder Years) = Locked
[2130862.796] DBG:  53 (L): ACHIEVEMENT_ALL_SOCIAL_POLICIES (Enlightened Ruler) = Locked
[2130862.812] DBG:  54 (L): ACHIEVEMENT_ALL_UNITS (Model of a Modern Major-General) = Locked
[2130862.812] DBG:  55 (U): ACHIEVEMENT_GOLDEN_AGE (Peace and Prosperity) = Unlocked
[2130862.812] DBG:  56 (U): ACHIEVEMENT_CITY_100CULTURE (City of Lights) = Unlocked
[2130862.812] DBG:  57 (U): ACHIEVEMENT_CITY_100SCIENCE (City of Science) = Unlocked
[2130862.812] DBG:  58 (U): ACHIEVEMENT_CITY_100GOLD (City of Gold) = Unlocked
[2130862.812] DBG:  59 (L): ACHIEVEMENT_PURCHASE_1000TILES (Land Baron) = Locked
[2130862.812] DBG:  60 (U): ACHIEVEMENT_ONEHITKILL (It's Super Effective) = Unlocked
[2130862.812] DBG: 61: ERROR: Couldn't retrieve ACHIEVEMENT_ALL_WAR
[2130862.812] DBG:  62 (U): ACHIEVEMENT_UNIT_EMBARK (I'm on a Boat!) = Unlocked
[2130862.812] DBG:  63 (L): ACHIEVEMENT_100CAMPS (Here Ends the Noble Savage) = Locked
[2130862.812] DBG: 64: ERROR: Couldn't retrieve ACHIEVEMENT_PEACEFULPLAY
[2130862.812] DBG:  65 (U): ACHIEVEMENT_SUCK_AT_WONDERS (Seriously?!?) = Unlocked
[2130862.812] DBG:  66 (L): ACHIEVEMENT_ONECITY (One to Rule Them All) = Locked
[2130862.812] DBG:  67 (L): ACHIEVEMENT_VICTORY_SPACE (Go Boldly Where No Man Has Gone Before) = Locked
[2130862.812] DBG:  68 (L): ACHIEVEMENT_VICTORY_CULTURE (The Best State of a Republic) = Locked
[2130862.812] DBG:  69 (L): ACHIEVEMENT_VICTORY_DIPLO (The Pen is Mightier) = Locked
[2130862.812] DBG:  70 (U): ACHIEVEMENT_VICTORY_DOMINATION (Exterminate! Exterminate!) = Unlocked
[2130862.812] DBG:  71 (L): ACHIEVEMENT_VICTORY_ALL (To Stand the Test of Time) = Locked
[2130862.812] DBG:  72 (U): ACHIEVEMENT_DROP_NUKE (I Can Has Nukes?) = Unlocked
[2130862.812] DBG: 73: ERROR: Couldn't retrieve ACHIEVEMENT_LOSE_MULTIPLAYER
[2130862.812] DBG: 74: ERROR: Couldn't retrieve ACHIEVEMENT_SIX_DEGREES
[2130862.812] DBG:  75 (U): ACHIEVEMENT_EXPERIMENTER (Experimenter) = Unlocked
[2130862.812] DBG:  76 (U): ACHIEVEMENT_EXPANSIONIST (Expansionist) = Unlocked
[2130862.812] DBG: 77: ERROR: Couldn't retrieve ACHIEVEMENT_CONNOISSEUR
[2130862.812] DBG:  78 (L): ACHIEVEMENT_POLICY_LIBERTY (With Liberty and Justice for All) = Locked
[2130862.812] DBG:  79 (L): ACHIEVEMENT_POLICY_PIETY (Lux Perpetua Luceat Eis) = Locked
[2130862.812] DBG:  80 (L): ACHIEVEMENT_POLICY_AUTOCRACY (Diplomacy by Other Means) = Locked
[2130862.812] DBG:  81 (L): ACHIEVEMENT_POLICY_ORDER (With an Iron Fist) = Locked
[2130862.812] DBG:  82 (U): ACHIEVEMENT_POLICY_TRADITION (Master of the House) = Unlocked
[2130862.812] DBG:  83 (L): ACHIEVEMENT_POLICY_HONOR (Death Before Shame) = Locked
[2130862.812] DBG:  84 (L): ACHIEVEMENT_POLICY_PATRONAGE (Team Player) = Locked
[2130862.812] DBG:  85 (U): ACHIEVEMENT_POLICY_COMMERCE (Money Doesn't Grow on Trees) = Unlocked
[2130862.812] DBG:  86 (U): ACHIEVEMENT_POLICY_RATIONALISM (Eighty-Eight Miles per Hour) = Unlocked
[2130862.812] DBG:  87 (L): ACHIEVEMENT_POLICY_FREEDOM (Freedom Isn't Free) = Locked
[2130862.812] DBG:  88 (L): ACHIEVEMENT_ALL_NATURALWONDER (The Explorer) = Locked
[2130862.812] DBG: 89: ERROR: Couldn't retrieve ACHIEVEMENT_DEFPACT
[2130862.812] DBG: 90: ERROR: Couldn't retrieve ACHIEVEMENT_RESEARCHPACT
[2130862.812] DBG:  91 (L): ACHIEVEMENT_1000ROADS (The Appian Way) = Locked
[2130862.812] DBG:  92 (L): ACHIEVEMENT_1000MINES (Forty-Niner) = Locked
[2130862.812] DBG:  93 (L): ACHIEVEMENT_100RESOURCES (Merchant King) = Locked
[2130862.812] DBG:  94 (U): ACHIEVEMENT_1000TILES (Marco Polo) = Unlocked
[2130862.812] DBG:  95 (L): ACHIEVEMENT_ROUND_WORLD (Magellan) = Locked
[2130862.812] DBG:  96 (L): ACHIEVEMENT_1000FOREST (Paul Bunyan) = Locked
[2130862.812] DBG:  97 (L): ACHIEVEMENT_1000TEMPLES (God Is Great) = Locked
[2130862.812] DBG:  98 (L): ACHIEVEMENT_SPECIAL_B17 (Flying Fortress) = Locked
[2130862.812] DBG:  99 (U): ACHIEVEMENT_SPECIAL_TRADER (Arab Trader) = Unlocked
[2130862.812] DBG: 100 (L): ACHIEVEMENT_SPECIAL_GARDENS (Gardens of Lake Texcoco) = Locked
[2130862.812] DBG: 101 (U): ACHIEVEMENT_SPECIAL_SPHINX (Riddle of the Sphinx) = Unlocked
[2130862.812] DBG: 102 (L): ACHIEVEMENT_SPECIAL_MUSKETEERS (Three Musketeers) = Locked
[2130862.812] DBG: 103 (L): ACHIEVEMENT_SPECIAL_LONGHOUSE (People of the Longhouse) = Locked
[2130862.812] DBG: 104 (L): ACHIEVEMENT_SPECIAL_BOLLYWOOD (Bollywood) = Locked
[2130862.812] DBG: 105 (L): ACHIEVEMENT_SPECIAL_KAMIKAZE (Kamikaze Attack) = Locked
[2130862.812] DBG: 106 (L): ACHIEVEMENT_SPECIAL_ARCHAEMENNID (From Archaemennid to Safavid) = Locked
[2130862.812] DBG: 107 (U): ACHIEVEMENT_SPECIAL_ROMANROADS (All Roads Lead to Rome) = Unlocked
[2130862.812] DBG: 108: ERROR: Couldn't retrieve ACHIEVEMENT_SPECIAL_ELEPHANTBATTLE
[2130862.812] DBG: 109 (L): ACHIEVEMENT_SPECIAL_SUNTZU (Sun Tzu's Art of War) = Locked
[2130862.812] DBG: 110 (L): ACHIEVEMENT_SPECIAL_BARBARIANWARLORD (Barbarian Warlord) = Locked
[2130862.812] DBG: 111 (L): ACHIEVEMENT_SPECIAL_BARBARYPIRATE (Barbary Pirate) = Locked
[2130862.812] DBG: 112 (U): ACHIEVEMENT_SPECIAL_TOMBRAIDER (Tomb Raider) = Unlocked
[2130862.812] DBG: 113 (L): ACHIEVEMENT_SPECIAL_WARCANOE (War Canoe Attack) = Locked
[2130862.812] DBG: 114 (L): ACHIEVEMENT_SPECIAL_PONY (My Little Pony) = Locked
[2130862.812] DBG: 115 (L): ACHIEVEMENT_SPECIAL_ARMADA (Ruler of the Seas) = Locked
[2130862.812] DBG: 116 (L): ACHIEVEMENT_SPECIAL_CONQUEST_WORLD (Conquest of the World) = Locked
[2130862.812] DBG: 117: ERROR: Couldn't retrieve ACHIEVEMENT_CIVILOPEDIA
[2130862.812] DBG: 118 (L): ACHIEVEMENT_REALLY_SUCK (He Threw a Car at My Head!) = Locked
[2130862.812] DBG: 119 (L): ACHIEVEMENT_PSG (Panzer "Shafernator" General) = Locked
[2130862.812] DBG: 120 (L): ACHIEVEMENT_WIN_NEBUCHADNEZZAR (By the Waters of Babylon) = Locked
[2130862.812] DBG: 121 (L): ACHIEVEMENT_WIN_GENGHIS (The Golden Horde) = Locked
[2130862.812] DBG: 122 (L): ACHIEVEMENT_WIN_SCENARIO_01_PRINCE_OR_BELOW (Khan) = Locked
[2130862.812] DBG: 123 (L): ACHIEVEMENT_WIN_SCENARIO_01_KING (Great Khan) = Locked
[2130862.812] DBG: 124 (L): ACHIEVEMENT_WIN_SCENARIO_01_EMPEROR (Supreme Khan) = Locked
[2130862.812] DBG: 125 (L): ACHIEVEMENT_WIN_SCENARIO_01_IMMORTAL (Kublai Khan) = Locked
[2130862.812] DBG: 126 (L): ACHIEVEMENT_WIN_SCENARIO_01_DEITY (Genghis Khan) = Locked
[2130862.812] DBG: 127 (L): ACHIEVEMENT_LOSE_SCENARIO_01 (Khaaan!) = Locked
[2130862.812] DBG: 128 (L): ACHIEVEMENT_WIN_ISABELLA (Nobody Expects the Spanish Inquisition) = Locked
[2130862.812] DBG: 129 (L): ACHIEVEMENT_WIN_PACHACUTI (King of the Mountain) = Locked
[2130862.812] DBG: 130 (L): ACHIEVEMENT_SCENARIO_02_WIN_SPAIN (Siglo de Oro) = Locked
[2130862.812] DBG: 131 (L): ACHIEVEMENT_SCENARIO_02_WIN_FRANCE (Tout le Monde Francophone?) = Locked
[2130862.812] DBG: 132 (L): ACHIEVEMENT_SCENARIO_02_WIN_ENGLAND (Tea and Crumpets for Everyone) = Locked
[2130862.812] DBG: 133 (L): ACHIEVEMENT_SCENARIO_02_WIN_INCA (Macho Picchu) = Locked
[2130862.812] DBG: 134 (L): ACHIEVEMENT_SCENARIO_02_WIN_AZTECS (Huitzilopochtli's Arrow) = Locked
[2130862.812] DBG: 135 (L): ACHIEVEMENT_SCENARIO_02_WIN_IROQUOIS (League of Extraordinary Hoyanehs) = Locked
[2130862.812] DBG: 136 (L): ACHIEVEMENT_SCENARIO_02_ROUTE_TO_ORIENT (All Aboard the Orient Express) = Locked
[2130862.812] DBG: 137 (L): ACHIEVEMENT_SCENARIO_02_DISCOVER_FOUNTAIN (Dr. Heidegger's Experiment) = Locked
[2130862.812] DBG: 138 (U): ACHIEVEMENT_SCENARIO_02_DISCOVER_EL_DORADO (Raleigh's Road to Riches) = Unlocked
[2130862.812] DBG: 139 (L): ACHIEVEMENT_SCENARIO_02_RETURN_TREASURE (Au in the EU) = Locked
[2130862.812] DBG: 140 (L): ACHIEVEMENT_WIN_KAMEHAMEHA (Law of the Splintered Paddle) = Locked
[2130862.812] DBG: 141 (L): ACHIEVEMENT_SCENARIO_03_WIN_HIVA (Surviving the Marquesas) = Locked
[2130862.812] DBG: 142 (L): ACHIEVEMENT_SCENARIO_03_WIN_TAHITI (Bora! Bora! Bora!) = Locked
[2130862.812] DBG: 143 (L): ACHIEVEMENT_SCENARIO_03_WIN_SAMOA (Head and Shoulders Above the Rest) = Locked
[2130862.812] DBG: 144 (L): ACHIEVEMENT_SCENARIO_03_WIN_TONGA (Ngata Chance) = Locked
[2130862.812] DBG: 145 (L): ACHIEVEMENT_SCENARIO_03_FIND_HAWAII (Book 'em Danno!) = Locked
[2130862.812] DBG: 146 (L): ACHIEVEMENT_SCENARIO_03_FIND_EASTER_ISLAND (Heads Up!) = Locked
[2130862.812] DBG: 147 (L): ACHIEVEMENT_SCENARIO_03_FIND_CAPTAIN_COOK (Do you have a little Captain in you?) = Locked
[2130862.812] DBG: 148 (L): ACHIEVEMENT_SCENARIO_03_FIND_AUSTRALIA (This isn't Kansas) = Locked
[2130862.812] DBG: 149 (L): ACHIEVEMENT_SCENARIO_03_FIND_NEW_ZEALAND (Searching for the Precious) = Locked
[2130862.812] DBG: 150 (L): ACHIEVEMENT_WIN_BLUETOOTH (Hands Free to Victory!) = Locked
[2130862.812] DBG: 151 (L): ACHIEVEMENT_SCENARIO_04_BIATHLON (Where's the Biathlon?) = Locked
[2130862.812] DBG: 152 (L): ACHIEVEMENT_SCENARIO_04_PILLAGE (Pillage, Then Burn) = Locked
[2130862.812] DBG: 153 (L): ACHIEVEMENT_SCENARIO_04_NORMANDY (Time to Stitch a Tapestry) = Locked
[2130862.812] DBG: 154 (L): ACHIEVEMENT_SCENARIO_04_WIN_DENMARK (Odin's Chosen Warrior) = Locked
[2130862.812] DBG: 155 (L): ACHIEVEMENT_SCENARIO_04_WIN_NORWAY (Purple People Eaters) = Locked
[2130862.812] DBG: 156 (L): ACHIEVEMENT_SCENARIO_04_WIN_ENGLAND (This was their Finest Hour) = Locked
[2130862.812] DBG: 157 (L): ACHIEVEMENT_SCENARIO_04_BUILD_MOTTE (Fetchez la Vache!) = Locked
[2130862.812] DBG: 158 (L): ACHIEVEMENT_SCENARIO_04_WIN_EMPEROR (You The Conqueror) = Locked
[2130862.812] DBG: 159 (L): ACHIEVEMENT_SCENARIO_04_WIN_IMMORTAL (Surviving Domesday) = Locked
[2130862.812] DBG: 160 (L): ACHIEVEMENT_SCENARIO_04_WIN_DEITY (Surviving Ragnarok) = Locked
[2130862.812] DBG: 161 (L): ACHIEVEMENT_WIN_SEJONG (The Choson One) = Locked
[2130862.828] DBG: 162 (L): ACHIEVEMENT_SPECIAL_IRONCLAD_TURTLE (Turtle Power) = Locked
[2130862.828] DBG: 163: ERROR: Couldn't retrieve ACHIEVEMENT_SPECIAL_HWATCH_OUT
[2130862.828] DBG: 164 (L): ACHIEVEMENT_SCENARIO_05_WIN_JAPAN (Samurai Delicatessen) = Locked
[2130862.828] DBG: 165 (L): ACHIEVEMENT_SCENARIO_05_WIN_KOREA (Fear the Turtle) = Locked
[2130862.828] DBG: 166 (L): ACHIEVEMENT_SCENARIO_05_WIN_CHINA (Yow Ming!) = Locked
[2130862.828] DBG: 167 (L): ACHIEVEMENT_SCENARIO_05_WIN_MANCHU (Emperor Fu Manchu) = Locked
[2130862.828] DBG: 168 (L): ACHIEVEMENT_SCENARIO_05_LOSE_KOREA (Taekwon-DOH!) = Locked
[2130862.828] DBG: 169 (L): ACHIEVEMENT_SCENARIO_05_WIN_EMPEROR (Dragon Emperor) = Locked
[2130862.828] DBG: 170 (L): ACHIEVEMENT_SCENARIO_05_WIN_IMMORTAL (A Righteous Victory) = Locked
[2130862.828] DBG: 171 (L): ACHIEVEMENT_SCENARIO_05_WIN_DEITY (Honoring the Ancestors) = Locked
[2130862.828] DBG: 172 (L): ACHIEVEMENT_SCENARIO_05_WIN_100TURNS (Seoul Power) = Locked
[2130862.828] DBG: 173: ERROR: Couldn't retrieve ACHIEVEMENT_SCENARIO_05_QING_TAKES_MING
[2130862.828] DBG: 174 (L): ACHIEVEMENT_SPECIAL_ROME_GETS_ZEUS (Zeupiter) = Locked
[2130862.828] DBG: 175 (L): ACHIEVEMENT_SPECIAL_ZEUS_AND_ARTEMIS (Bolt and Arrow) = Locked
[2130862.828] DBG: 176 (L): ACHIEVEMENT_SPECIAL_HALICARNASSUS_GOLD (Rest in Gold Pieces) = Locked
[2130862.828] DBG: 177: ERROR: Couldn't retrieve ACHIEVEMENT_SPECIAL_ANCIENT_WONDERS
[2130862.828] DBG: 178 (L): ACHIEVEMENT_SCENARIO_06_WIN_HITTITES (Party in hattUSA) = Locked
[2130862.828] DBG: 179 (L): ACHIEVEMENT_SCENARIO_06_WIN_GREECE (Grecian Formula) = Locked
[2130862.828] DBG: 180 (L): ACHIEVEMENT_SCENARIO_06_WIN_SUMER (Epic Gilgamesh) = Locked
[2130862.828] DBG: 181 (L): ACHIEVEMENT_SCENARIO_06_WIN_EGYPT (Ra's Mighty Truth) = Locked
[2130862.828] DBG: 182 (L): ACHIEVEMENT_SCENARIO_06_WIN_PERSIA (It satrap!) = Locked
[2130862.828] DBG: 183 (L): ACHIEVEMENT_SCENARIO_06_WIN_PRINCE (Thoughtful Telemachus) = Locked
[2130862.828] DBG: 184 (L): ACHIEVEMENT_SCENARIO_06_WIN_KING (Odysseus the Great Tactician) = Locked
[2130862.828] DBG: 185 (L): ACHIEVEMENT_SCENARIO_06_WIN_EMPEROR (Far-Shooting Apollo) = Locked
[2130862.828] DBG: 186 (L): ACHIEVEMENT_SCENARIO_06_WIN_IMMORTAL (Bright-Eyed Athena) = Locked
[2130862.828] DBG: 187 (L): ACHIEVEMENT_SCENARIO_06_WIN_DEITY (All-Achieving Zeus) = Locked
[2130862.828] DBG: 188 (L): ACHIEVEMENT_SCENARIO_06_WONDER_CITY (Wonderwall) = Locked
[2130862.828] DBG: 189 (L): ACHIEVEMENT_SCENARIO_06_WONDER_CONQUEST (Reverse Engineer) = Locked
[2130862.828] DBG: 190 (L): ACHIEVEMENT_SCENARIO_06_ORACLE_CONSULT (Know Thy Enemy) = Locked
[2130862.828] DBG: 191 (L): ACHIEVEMENT_XP1_01 (Austrian Succession) = Locked
[2130862.828] DBG: 192 (L): ACHIEVEMENT_XP1_02 (Dancer, Actress, Empress, Victor) = Locked
[2130862.828] DBG: 193 (L): ACHIEVEMENT_XP1_03 (No White Flag Here) = Locked
[2130862.828] DBG: 194 (L): ACHIEVEMENT_XP1_04 (Celtic Thunder) = Locked
[2130862.828] DBG: 195 (L): ACHIEVEMENT_XP1_05 (Colonize This!) = Locked
[2130862.828] DBG: 196 (L): ACHIEVEMENT_XP1_06 (Scourge of Everyone) = Locked
[2130862.828] DBG: 197 (L): ACHIEVEMENT_XP1_07 (Baktun the Future) = Locked
[2130862.828] DBG: 198 (L): ACHIEVEMENT_XP1_08 (Silent No More) = Locked
[2130862.828] DBG: 199 (L): ACHIEVEMENT_XP1_09 (Defender of the Faith) = Locked
[2130862.828] DBG: 200 (U): ACHIEVEMENT_XP1_10 (Gad Zeus!) = Unlocked
[2130862.828] DBG: 201 (U): ACHIEVEMENT_XP1_11 (Propheteering) = Unlocked
[2130862.828] DBG: 202 (U): ACHIEVEMENT_XP1_12 (Sticky Fingers) = Unlocked
[2130862.828] DBG: 203 (L): ACHIEVEMENT_XP1_13 (Junta for Red October) = Locked
[2130862.828] DBG: 204 (U): ACHIEVEMENT_XP1_14 (Smooth Talking) = Unlocked
[2130862.828] DBG: 205 (U): ACHIEVEMENT_XP1_15 (Whack a Mole) = Unlocked
[2130862.828] DBG: 206 (U): ACHIEVEMENT_XP1_16 (Access Denied) = Unlocked
[2130862.828] DBG: 207 (U): ACHIEVEMENT_XP1_17 (Missionary Man) = Unlocked
[2130862.828] DBG: 208 (U): ACHIEVEMENT_XP1_18 (Holier Than Thou) = Unlocked
[2130862.828] DBG: 209 (L): ACHIEVEMENT_XP1_19 (We are Family) = Locked
[2130862.828] DBG: 210 (U): ACHIEVEMENT_XP1_20 (Indoctrinated!) = Unlocked
[2130862.828] DBG: 211 (L): ACHIEVEMENT_XP1_21 (Renaissance Man) = Locked
[2130862.828] DBG: 212 (L): ACHIEVEMENT_XP1_22 (Et tu, Brute) = Locked
[2130862.828] DBG: 213 (L): ACHIEVEMENT_XP1_23 (Modern Major-General) = Locked
[2130862.828] DBG: 214 (L): ACHIEVEMENT_XP1_24 (Nobody expects...) = Locked
[2130862.828] DBG: 215 (L): ACHIEVEMENT_XP1_25 (From Russia with Love) = Locked
[2130862.828] DBG: 216 (U): ACHIEVEMENT_XP1_26 (The Last Crusade) = Unlocked
[2130862.828] DBG: 217 (L): ACHIEVEMENT_XP1_27 (Holy Father) = Locked
[2130862.828] DBG: 218 (L): ACHIEVEMENT_XP1_28 (Capture of Brielle) = Locked
[2130862.828] DBG: 219 (L): ACHIEVEMENT_XP1_29 (Hannibal’s Crossing) = Locked
[2130862.828] DBG: 220 (L): ACHIEVEMENT_XP1_30 (RAM Usage) = Locked
[2130862.828] DBG: 221 (L): ACHIEVEMENT_XP1_31 (Lion of the North) = Locked
[2130862.828] DBG: 222 (L): ACHIEVEMENT_XP1_32 (Rastafari Messiah) = Locked
[2130862.828] DBG: 223 (L): ACHIEVEMENT_XP1_33 (Greek Fire) = Locked
[2130862.828] DBG: 224 (L): ACHIEVEMENT_XP1_34 (Longest. Name. Ever.) = Locked
[2130862.828] DBG: 225 (L): ACHIEVEMENT_XP1_35 (Yoink!) = Locked
[2130862.828] DBG: 226 (L): ACHIEVEMENT_XP1_36 (Apocalypse Now) = Locked
[2130862.828] DBG: 227 (U): ACHIEVEMENT_XP1_37 (Intelligence Network) = Unlocked
[2130862.828] DBG: 228 (L): ACHIEVEMENT_XP1_38 (Gimme Your Lunch Money!) = Locked
[2130862.828] DBG: 229 (L): ACHIEVEMENT_XP1_39 (Richard the Lionheart) = Locked
[2130862.828] DBG: 230 (L): ACHIEVEMENT_XP1_40 (Mehmet the Conqueror) = Locked
[2130862.828] DBG: 231 (L): ACHIEVEMENT_XP1_41 (Never take our freedom!) = Locked
[2130862.828] DBG: 232 (L): ACHIEVEMENT_XP1_42 (The Yokes on the Mongols) = Locked
[2130862.828] DBG: 233 (L): ACHIEVEMENT_XP1_43 (Reconquista Who?) = Locked
[2130862.828] DBG: 234 (L): ACHIEVEMENT_XP1_44 (Quite Accomplished) = Locked
[2130862.828] DBG: 235 (L): ACHIEVEMENT_XP1_45 (Gentlemen's Agreement) = Locked
[2130862.828] DBG: 236 (L): ACHIEVEMENT_XP1_46 (Sky Admiral) = Locked
[2130862.828] DBG: 237 (L): ACHIEVEMENT_XP1_47 (Turks Shmurks!) = Locked
[2130862.828] DBG: 238 (L): ACHIEVEMENT_XP1_48 (Double KO) = Locked
[2130862.828] DBG: 239: ERROR: Couldn't retrieve ACHIEVEMENT_XP1_49
[2130862.828] DBG: 240 (L): ACHIEVEMENT_XP1_50 (Pax Romana Aeternum) = Locked
[2130862.828] DBG: 241 (L): ACHIEVEMENT_XP1_51 (I Missed That Day in History Class) = Locked
[2130862.828] DBG: 242 (L): ACHIEVEMENT_XP1_52 (I Sunk Your Imperial Capital!) = Locked
[2130862.828] DBG: 243 (L): ACHIEVEMENT_XP2_01 (Tablet Tech Pioneer) = Locked
[2130862.828] DBG: 244 (L): ACHIEVEMENT_XP2_02 (Pedro's Party People) = Locked
[2130862.828] DBG: 245 (L): ACHIEVEMENT_XP2_03 (The Java Script) = Locked
[2130862.828] DBG: 246 (L): ACHIEVEMENT_XP2_04 (This Desert Life) = Locked
[2130862.828] DBG: 247 (L): ACHIEVEMENT_XP2_05 (King of the Wisent) = Locked
[2130862.828] DBG: 248 (L): ACHIEVEMENT_XP2_06 (In Hoc Signo Vinces) = Locked
[2130862.828] DBG: 249 (L): ACHIEVEMENT_XP2_07 (The Great Spirit) = Locked
[2130862.828] DBG: 250 (L): ACHIEVEMENT_XP2_08 (Queen of the Adriatic) = Locked
[2130862.828] DBG: 251 (L): ACHIEVEMENT_XP2_09 (Wanna Be the King of the Zulus) = Locked
[2130862.828] DBG: 252 (L): ACHIEVEMENT_XP2_10 (One Small Step) = Locked
[2130862.828] DBG: 253 (L): ACHIEVEMENT_XP2_11 (Yuri-ka!) = Locked
[2130862.828] DBG: 254 (L): ACHIEVEMENT_XP2_12 (Rocking in the Free World) = Locked
[2130862.828] DBG: 255 (L): ACHIEVEMENT_XP2_13 (Workers of the World - Unite!) = Locked
[2130862.828] DBG: 256 (L): ACHIEVEMENT_XP2_14 (Strength Through Joy) = Locked
[2130862.828] DBG: 257 (L): ACHIEVEMENT_XP2_15 (Games Without Frontiers) = Locked
[2130862.828] DBG: 258 (L): ACHIEVEMENT_XP2_16 (Axis Powered) = Locked
[2130862.843] DBG: 259 (U): ACHIEVEMENT_XP2_17 (Better Red Than Dead) = Unlocked
[2130862.843] DBG: 260 (L): ACHIEVEMENT_XP2_18 (Everybody Wants to Rule the World) = Locked
[2130862.843] DBG: 261 (L): ACHIEVEMENT_XP2_19 (Knowledge is Power) = Locked
[2130862.843] DBG: 262 (L): ACHIEVEMENT_XP2_20 (Vote for Pedro) = Locked
[2130862.843] DBG: 263 (L): ACHIEVEMENT_XP2_21 (Enemy Blade No More) = Locked
[2130862.843] DBG: 264 (L): ACHIEVEMENT_XP2_22 (Here's Looking at You, Kid) = Locked
[2130862.843] DBG: 265 (L): ACHIEVEMENT_XP2_23 (Poland Can into Space) = Locked
[2130862.843] DBG: 266 (L): ACHIEVEMENT_XP2_24 (What's Yours is Mine) = Locked
[2130862.843] DBG: 267 (L): ACHIEVEMENT_XP2_25 (Sacagawea's Legacy) = Locked
[2130862.843] DBG: 268 (L): ACHIEVEMENT_XP2_26 (The Great Betrayal) = Locked
[2130862.843] DBG: 269 (U): ACHIEVEMENT_XP2_27 (Run 50 Miles and Fight a Battle) = Unlocked
[2130862.843] DBG: 270 (U): ACHIEVEMENT_XP2_28 (Highway Robbery) = Unlocked
[2130862.843] DBG: 271 (L): ACHIEVEMENT_XP2_29 (Silk Road) = Locked
[2130862.843] DBG: 272 (L): ACHIEVEMENT_XP2_30 (Greed is Good) = Locked
[2130862.843] DBG: 273 (L): ACHIEVEMENT_XP2_31 (Built in (Almost) a Day) = Locked
[2130862.843] DBG: 274 (L): ACHIEVEMENT_XP2_32 (Merchant Prince) = Locked
[2130862.843] DBG: 275 (L): ACHIEVEMENT_XP2_33 (Raiders of the Lost Ark) = Locked
[2130862.843] DBG: 276 (L): ACHIEVEMENT_XP2_34 (Losing My Marbles) = Locked
[2130862.843] DBG: 277 (L): ACHIEVEMENT_XP2_35 (It Belongs in a Museum) = Locked
[2130862.843] DBG: 278 (L): ACHIEVEMENT_XP2_36 (British Invasion) = Locked
[2130862.843] DBG: 279 (L): ACHIEVEMENT_XP2_37 (Rock the Kasbah) = Locked
[2130862.843] DBG: 280 (L): ACHIEVEMENT_XP2_38 (Radio Free Europe) = Locked
[2130862.843] DBG: 281 (L): ACHIEVEMENT_XP2_39 (Tear Down this Wall!) = Locked
[2130862.843] DBG: 282 (L): ACHIEVEMENT_XP2_40 (Pyramid Scheme) = Locked
[2130862.843] DBG: 283 (L): ACHIEVEMENT_XP2_41 (Lingua Franca) = Locked
[2130862.843] DBG: 284 (L): ACHIEVEMENT_XP2_42 (Flip-Flop) = Locked
[2130862.843] DBG: 285 (L): ACHIEVEMENT_XP2_43 (Dark Horse) = Locked
[2130862.843] DBG: 286 (L): ACHIEVEMENT_XP2_44 (Herculean Effort) = Locked
[2130862.843] DBG: 287 (L): ACHIEVEMENT_XP2_45 (Soma Tablets for Everyone) = Locked
[2130862.843] DBG: 288 (L): ACHIEVEMENT_XP2_46 (That's XCOM baby!) = Locked
[2130862.843] DBG: 289 (L): ACHIEVEMENT_XP2_47 (Legends of the Hidden Temple) = Locked
[2130862.843] DBG: 290 (U): ACHIEVEMENT_XP2_48 (Artistic License) = Unlocked
[2130862.843] DBG: 291 (L): ACHIEVEMENT_XP2_49 (I Prefer my Africa Scrambled) = Locked
[2130862.843] DBG: 292 (L): ACHIEVEMENT_XP2_50 (Praise the Victories) = Locked
[2130862.843] DBG: 293 (L): ACHIEVEMENT_XP2_51 (Ottoman Carpentry) = Locked
[2130862.843] DBG: 294 (L): ACHIEVEMENT_XP2_52 (Dr Livingstone I presume?) = Locked
[2130862.843] DBG: 295 (L): ACHIEVEMENT_XP2_53 (The Rhodes Colossus) = Locked
[2130862.843] DBG: 296 (L): ACHIEVEMENT_XP2_54 (Nigerian Bank Account) = Locked
[2130862.843] DBG: 297 (L): ACHIEVEMENT_XP2_55 (Discoverer) = Locked
[2130862.843] DBG: 298 (L): ACHIEVEMENT_XP2_56 (Glory, glory, hallelujah!) = Locked
[2130862.843] DBG: 299 (L): ACHIEVEMENT_XP2_57 (Standing like a Stone Wall) = Locked
[2130862.843] DBG: 300 (L): ACHIEVEMENT_XP2_58 (Red Badge of Courage) = Locked
[2130862.843] DBG: 301 (L): ACHIEVEMENT_XP2_59 (Pickett's Recharge) = Locked
[2130862.843] DBG: 302 (L): ACHIEVEMENT_XP2_60 (Sheridan's Valley Campaign) = Locked
[2130862.843] DBG: Achievements Unlocked: 47 of 303
[2130862.843] DBG: ** Statistics (137 Total) *****************************************
[2130862.843] DBG: ******************************************************************
[2130862.859] DBG: Steam Stat: ESTEAMSTAT_TOTAL_WINS = 1
[2130862.859] DBG: Steam Stat: ESTEAMSTAT_ARCHER = 23
[2130862.859] DBG: Steam Stat: ESTEAMSTAT_CHARIOTARCHER = 8
[2130862.859] DBG: Steam Stat: ESTEAMSTAT_HOPLITE = 0
[2130862.859] DBG: Steam Stat: ESTEAMSTAT_IMMORTAL = 1
[2130862.859] DBG: Steam Stat: ESTEAMSTAT_JAGUAR = 2
[2130862.859] DBG: Steam Stat: ESTEAMSTAT_SCOUT = 92
[2130862.859] DBG: Steam Stat: ESTEAMSTAT_SETTLER = 88
[2130862.859] DBG: Steam Stat: ESTEAMSTAT_SPEARMAN = 11
[2130862.859] DBG: Steam Stat: ESTEAMSTAT_TRIREME = 20
[2130862.859] DBG: Steam Stat: ESTEAMSTAT_WARCHARIOT = 5
[2130862.859] DBG: Steam Stat: ESTEAMSTAT_WARELEPHANT = 1
[2130862.859] DBG: Steam Stat: ESTEAMSTAT_WARRIOR = 11
[2130862.859] DBG: Steam Stat: ESTEAMSTAT_WORKBOAT = 101
[2130862.859] DBG: Steam Stat: ESTEAMSTAT_WORKER = 141
[2130862.859] DBG: Steam Stat: ESTEAMSTAT_BALLISTA = 10
[2130862.859] DBG: Steam Stat: ESTEAMSTAT_CATAPULT = 17
[2130862.859] DBG: Steam Stat: ESTEAMSTAT_COMPANIONCAVALRY = 0
[2130862.859] DBG: Steam Stat: ESTEAMSTAT_HORSEMAN = 9
[2130862.859] DBG: Steam Stat: ESTEAMSTAT_LEGION = 10
[2130862.859] DBG: Steam Stat: ESTEAMSTAT_MOHAWKWARRIOR = 0
[2130862.859] DBG: Steam Stat: ESTEAMSTAT_SWORDSMAN = 5
[2130862.859] DBG: Steam Stat: ESTEAMSTAT_CAMELARCHER = 5
[2130862.859] DBG: Steam Stat: ESTEAMSTAT_CHUKONU = 1
[2130862.859] DBG: Steam Stat: ESTEAMSTAT_CROSSBOWMAN = 13
[2130862.859] DBG: Steam Stat: ESTEAMSTAT_KNIGHT = 19
[2130862.859] DBG: Steam Stat: ESTEAMSTAT_LANDSKNECHT = 3
[2130862.859] DBG: Steam Stat: ESTEAMSTAT_LONGBOWMAN = 7
[2130862.859] DBG: Steam Stat: ESTEAMSTAT_LONGSWORDSMAN = 6
[2130862.859] DBG: Steam Stat: ESTEAMSTAT_MANDEKALUCAVALRY = 0
[2130862.859] DBG: Steam Stat: ESTEAMSTAT_PIKEMAN = 19
[2130862.859] DBG: Steam Stat: ESTEAMSTAT_NARESUANSELEPHANT = 0
[2130862.859] DBG: Steam Stat: ESTEAMSTAT_SAMURAI = 4
[2130862.859] DBG: Steam Stat: ESTEAMSTAT_TREBUCHET = 24
[2130862.859] DBG: Steam Stat: ESTEAMSTAT_CANNON = 16
[2130862.859] DBG: Steam Stat: ESTEAMSTAT_CARAVEL = 0
[2130862.859] DBG: Steam Stat: ESTEAMSTAT_COSSACK = 0
[2130862.859] DBG: Steam Stat: ESTEAMSTAT_FRIGATE = 10
[2130862.859] DBG: Steam Stat: ESTEAMSTAT_JANISSARY = 2
[2130862.859] DBG: Steam Stat: ESTEAMSTAT_LANCER = 2
[2130862.859] DBG: Steam Stat: ESTEAMSTAT_MINUTEMAN = 0
[2130862.859] DBG: Steam Stat: ESTEAMSTAT_MUSKETEER = 0
[2130862.859] DBG: Steam Stat: ESTEAMSTAT_MUSKETMAN = 19
[2130862.859] DBG: Steam Stat: ESTEAMSTAT_RIFLEMAN = 9
[2130862.859] DBG: Steam Stat: ESTEAMSTAT_SHIPOFTHELINE = 1
[2130862.859] DBG: Steam Stat: ESTEAMSTAT_SIPAHI = 0
[2130862.859] DBG: Steam Stat: ESTEAMSTAT_ANTIAIRCRAFTGUN = 0
[2130862.859] DBG: Steam Stat: ESTEAMSTAT_ANTITANKGUN = 2
[2130862.859] DBG: Steam Stat: ESTEAMSTAT_ARTILLERY = 20
[2130862.859] DBG: Steam Stat: ESTEAMSTAT_BATTLESHIP = 11
[2130862.859] DBG: Steam Stat: ESTEAMSTAT_CARRIER = 5
[2130862.859] DBG: Steam Stat: ESTEAMSTAT_DESTROYER = 5
[2130862.859] DBG: Steam Stat: ESTEAMSTAT_FIGHTER = 1
[2130862.859] DBG: Steam Stat: ESTEAMSTAT_FOREIGNLEGION = 0
[2130862.859] DBG: Steam Stat: ESTEAMSTAT_INFANTRY = 16
[2130862.859] DBG: Steam Stat: ESTEAMSTAT_IRONCLAD = 7
[2130862.859] DBG: Steam Stat: ESTEAMSTAT_PANZER = 0
[2130862.859] DBG: Steam Stat: ESTEAMSTAT_SUBMARINE = 2
[2130862.859] DBG: Steam Stat: ESTEAMSTAT_TANK = 0
[2130862.859] DBG: Steam Stat: ESTEAMSTAT_ZERO = 0
[2130862.859] DBG: Steam Stat: ESTEAMSTAT_ATOMICBOMB = 5
[2130862.859] DBG: Steam Stat: ESTEAMSTAT_B17 = 0
[2130862.859] DBG: Steam Stat: ESTEAMSTAT_BOMBER = 13
[2130862.859] DBG: Steam Stat: ESTEAMSTAT_GUIDEDMISSILE = 9
[2130862.859] DBG: Steam Stat: ESTEAMSTAT_HELICOPTERGUNSHIP = 1
[2130862.859] DBG: Steam Stat: ESTEAMSTAT_JETFIGHTER = 0
[2130862.859] DBG: Steam Stat: ESTEAMSTAT_MECHANIZEDINFANTRY = 0
[2130862.859] DBG: Steam Stat: ESTEAMSTAT_MISSILECRUISER = 1
[2130862.859] DBG: Steam Stat: ESTEAMSTAT_MOBILESAM = 3
[2130862.859] DBG: Steam Stat: ESTEAMSTAT_MODERNARMOR = 4
[2130862.859] DBG: Steam Stat: ESTEAMSTAT_NUCLEARMISSILE = 4
[2130862.859] DBG: Steam Stat: ESTEAMSTAT_NUCLEARSUBMARINE = 4
[2130862.859] DBG: Steam Stat: ESTEAMSTAT_PARATROOPER = 3
[2130862.859] DBG: Steam Stat: ESTEAMSTAT_ROCKETARTILLERY = 6
[2130862.859] DBG: Steam Stat: ESTEAMSTAT_SSBOOSTER = 4
[2130862.859] DBG: Steam Stat: ESTEAMSTAT_SSCOCKPIT = 2
[2130862.859] DBG: Steam Stat: ESTEAMSTAT_STEALTHBOMBER = 3
[2130862.859] DBG: Steam Stat: ESTEAMSTAT_GIANTDEATHROBOT = 0
[2130862.859] DBG: Steam Stat: ESTEAMSTAT_SSENGINE = 1
[2130862.859] DBG: Steam Stat: ESTEAMSTAT_SSSTASISCHAMBER = 1
[2130862.859] DBG: Steam Stat: ESTEAMSTAT_ANGKORWAT = 1
[2130862.859] DBG: Steam Stat: ESTEAMSTAT_BIGBEN = 2
[2130862.859] DBG: Steam Stat: ESTEAMSTAT_BRANDENBURGGATE = 2
[2130862.859] DBG: Steam Stat: ESTEAMSTAT_CHICHENITZA = 2
[2130862.859] DBG: Steam Stat: ESTEAMSTAT_CRISTOREDENTOR = 1
[2130862.859] DBG: Steam Stat: ESTEAMSTAT_EIFFELTOWER = 2
[2130862.859] DBG: Steam Stat: ESTEAMSTAT_HIMEJICASTLE = 1
[2130862.859] DBG: Steam Stat: ESTEAMSTAT_MACHUPICCHU = 4
[2130862.859] DBG: Steam Stat: ESTEAMSTAT_NOTREDAME = 0
[2130862.859] DBG: Steam Stat: ESTEAMSTAT_PENTAGON = 1
[2130862.859] DBG: Steam Stat: ESTEAMSTAT_SISTINECHAPEL = 3
[2130862.859] DBG: Steam Stat: ESTEAMSTAT_STATUEOFLIBERTY = 0
[2130862.859] DBG: Steam Stat: ESTEAMSTAT_STONEHENGE = 1
[2130862.859] DBG: Steam Stat: ESTEAMSTAT_SYDNEYOPERAHOUSE = 1
[2130862.859] DBG: Steam Stat: ESTEAMSTAT_TAJMAHAL = 2
[2130862.859] DBG: Steam Stat: ESTEAMSTAT_COLOSSUS = 1
[2130862.859] DBG: Steam Stat: ESTEAMSTAT_FORBIDDENPALACE = 0
[2130862.859] DBG: Steam Stat: ESTEAMSTAT_GREATLIBRARY = 0
[2130862.859] DBG: Steam Stat: ESTEAMSTAT_GREATLIGHTHOUSE = 1
[2130862.859] DBG: Steam Stat: ESTEAMSTAT_GREATWALL = 0
[2130862.859] DBG: Steam Stat: ESTEAMSTAT_HAGIASOPHIA = 2
[2130862.859] DBG: Steam Stat: ESTEAMSTAT_HANGINGGARDENS = 7
[2130862.859] DBG: Steam Stat: ESTEAMSTAT_KREMLIN = 0
[2130862.859] DBG: Steam Stat: ESTEAMSTAT_LOUVRE = 0
[2130862.859] DBG: Steam Stat: ESTEAMSTAT_ORACLE = 4
[2130862.859] DBG: Steam Stat: ESTEAMSTAT_PORCELAINTOWER = 2
[2130862.859] DBG: Steam Stat: ESTEAMSTAT_PYRAMIDS = 0
[2130862.859] DBG: Steam Stat: ESTEAMSTAT_UNITEDNATION = 0
[2130862.859] DBG: Steam Stat: ESTEAMSTAT_HERMITAGE = 1
[2130862.859] DBG: Steam Stat: ESTEAMSTAT_HEROICEPIC = 3
[2130862.859] DBG: Steam Stat: ESTEAMSTAT_IRONWORKS = 3
[2130862.859] DBG: Steam Stat: ESTEAMSTAT_NATIONALCOLLEGE = 7
[2130862.859] DBG: Steam Stat: ESTEAMSTAT_NATIONALEPIC = 5
[2130862.859] DBG: Steam Stat: ESTEAMSTAT_OXFORDUNIVERSITY = 4
[2130862.859] DBG: Steam Stat: ESTEAMSTAT_BARBARIANCAMPS = 47
[2130862.859] DBG: Steam Stat: ESTEAMSTAT_BEATWONDERS = 320
[2130862.859] DBG: Steam Stat: ESTEAMSTAT_NATURALWONDERS = 38
[2130862.859] DBG: Steam Stat: ESTEAMSTAT_ROADS = 225
[2130862.859] DBG: Steam Stat: ESTEAMSTAT_MINES = 241
[2130862.859] DBG: Steam Stat: ESTEAMSTAT_RESOURCESTRADED = 64
[2130862.859] DBG: Steam Stat: ESTEAMSTAT_FORESTS = 65
[2130862.859] DBG: Steam Stat: ESTEAMSTAT_TEMPLES = 64
[2130862.859] DBG: Steam Stat: ESTEAMSTAT_PEDIA = 0
[2130862.859] DBG: Steam Stat: ESTEAMSTAT_GREATGENERALS = 12
[2130862.859] DBG: Steam Stat: ESTEAMSTAT_STANDINGARMY = 30
[2130862.859] DBG: Steam Stat: ESTEAMSTAT_CAVALRY = 8
[2130862.859] DBG: Steam Stat: ESTEAMSTAT_TILESPURCHASED = 71
[2130862.859] DBG: Steam Stat: ESTEAMSTAT_TILESDISCOVERED = 17151
[2130862.859] DBG: Steam Stat: ESTEAMSTAT_BARBSCONVERTED = 0
[2130862.859] DBG: Steam Stat: ESTEAMSTAT_BRITISHNAVY = 0
[2130862.859] DBG: Steam Stat: ESTEAMSTAT_BARBSNAVALCONVERTED = 0
[2130862.859] DBG: Steam Stat: ESTEAMSTAT_HWACHAKILLS = 0
[2130862.859] DBG: Steam Stat: ESTEAMSTAT_STATUEOFZEUS = 0
[2130862.859] DBG: Steam Stat: ESTEAMSTAT_TEMPLEOFARTEMIS = 0
[2130862.859] DBG: Steam Stat: ESTEAMSTAT_MAUSOLEUMOFHALICARNASSUS = 1
[2130862.859] DBG: Steam Stat: ESTEAMSTAT_HALICARNASSUSGOLDEARNED = 100
[2130862.859] DBG: Steam Stat: ESTEAMSTAT_BULLIEDGOLD = 255
