[92972.781] columns StrategicViewType, TileType are not unique
[92972.781] While executing - 'INSERT INTO ArtDefine_StrategicView(StrategicViewType, TileType, Asset) VALUES(?,?,?)'
[92994.531] no such table: ContentPackage.LocalizedText
[92999.671] columns StrategicViewType, TileType are not unique
[92999.671] While executing - 'INSERT INTO ArtDefine_StrategicView(StrategicViewType, TileType, Asset) VALUES(?,?,?)'
[93040.984] 
-- SQLite Memory Statistics --
Memory Usage:
		[Cur]		[Max]
Malloc:		6153584		71893744
PageCache:	6		12
LookAside:	0		0
Scratch:	0		1

Static Buffer Overflows:
		[TooLarge]	[NoSpace]
PageCache:	5738880		59266872
Scratch:	0		0

Largest Allocations:
Malloc:		262144
PageCache:	1172
Scratch:	6640

Prepared Statements:
Current:		6
------------------------------
[93041.593] 
-- SQLite Memory Statistics --
Memory Usage:
		[Cur]		[Max]
Malloc:		6154760		71893744
PageCache:	6		12
LookAside:	0		0
Scratch:	0		1

Static Buffer Overflows:
		[TooLarge]	[NoSpace]
PageCache:	5740056		59266872
Scratch:	0		0

Largest Allocations:
Malloc:		262144
PageCache:	1172
Scratch:	6640

Prepared Statements:
Current:		6
------------------------------
