[2130859.890] WRN: A resource bundle lookup returned a result from the root locale (not an error).
[2131906.796] ERR: Missing argument 1. (You have found cultural artifacts which awe your citizens! You have received {1_Num} [ICON_CULTURE] Culture!)
[2131906.796] ERR: Failed to evaluate parameter 1. You have found cultural artifacts which awe your citizens! You have received {1_Num} [ICON_CULTURE] Culture!
[2131906.796] ERR: Missing argument 1. (You have found an ancient oracle. The priestess has blessed you with a divine revelation. You have received {1_Num} [ICON_PEACE] Faith.)
[2131906.796] ERR: Failed to evaluate parameter 1. You have found an ancient oracle. The priestess has blessed you with a divine revelation. You have received {1_Num} [ICON_PEACE] Faith.
[2131906.796] ERR: Missing argument 1. (You have found a secret religious community. The preacher foretells the arrival of a Great Prophet. You have received {1_Num} [ICON_PEACE] Faith.)
[2131906.796] ERR: Failed to evaluate parameter 1. You have found a secret religious community. The preacher foretells the arrival of a Great Prophet. You have received {1_Num} [ICON_PEACE] Faith.
[2131906.796] ERR: Missing argument 1. (In the ruins you find the treasures of an ancient empire! You have received {1_Num} [ICON_GOLD] Gold!)
[2131906.796] ERR: Failed to evaluate parameter 1. In the ruins you find the treasures of an ancient empire! You have received {1_Num} [ICON_GOLD] Gold!
[2131906.906] ERR: Missing argument 1. (You have found cultural artifacts which awe your citizens! You have received {1_Num} [ICON_CULTURE] Culture!)
[2131906.906] ERR: Failed to evaluate parameter 1. You have found cultural artifacts which awe your citizens! You have received {1_Num} [ICON_CULTURE] Culture!
[2131906.906] ERR: Missing argument 1. (You have found an ancient oracle. The priestess has blessed you with a divine revelation. You have received {1_Num} [ICON_PEACE] Faith.)
[2131906.906] ERR: Failed to evaluate parameter 1. You have found an ancient oracle. The priestess has blessed you with a divine revelation. You have received {1_Num} [ICON_PEACE] Faith.
[2131906.906] ERR: Missing argument 1. (You have found a secret religious community. The preacher foretells the arrival of a Great Prophet. You have received {1_Num} [ICON_PEACE] Faith.)
[2131906.906] ERR: Failed to evaluate parameter 1. You have found a secret religious community. The preacher foretells the arrival of a Great Prophet. You have received {1_Num} [ICON_PEACE] Faith.
[2131906.906] ERR: Missing argument 1. (In the ruins you find the treasures of an ancient empire! You have received {1_Num} [ICON_GOLD] Gold!)
[2131906.906] ERR: Failed to evaluate parameter 1. In the ruins you find the treasures of an ancient empire! You have received {1_Num} [ICON_GOLD] Gold!
[2131907.031] ERR: Missing argument 1. (You have found cultural artifacts which awe your citizens! You have received {1_Num} [ICON_CULTURE] Culture!)
[2131907.031] ERR: Failed to evaluate parameter 1. You have found cultural artifacts which awe your citizens! You have received {1_Num} [ICON_CULTURE] Culture!
[2131907.031] ERR: Missing argument 1. (You have found an ancient oracle. The priestess has blessed you with a divine revelation. You have received {1_Num} [ICON_PEACE] Faith.)
[2131907.031] ERR: Failed to evaluate parameter 1. You have found an ancient oracle. The priestess has blessed you with a divine revelation. You have received {1_Num} [ICON_PEACE] Faith.
[2131907.031] ERR: Missing argument 1. (You have found a secret religious community. The preacher foretells the arrival of a Great Prophet. You have received {1_Num} [ICON_PEACE] Faith.)
[2131907.031] ERR: Failed to evaluate parameter 1. You have found a secret religious community. The preacher foretells the arrival of a Great Prophet. You have received {1_Num} [ICON_PEACE] Faith.
[2131907.031] ERR: Missing argument 1. (In the ruins you find the treasures of an ancient empire! You have received {1_Num} [ICON_GOLD] Gold!)
[2131907.031] ERR: Failed to evaluate parameter 1. In the ruins you find the treasures of an ancient empire! You have received {1_Num} [ICON_GOLD] Gold!
[2131907.031] ERR: Missing argument 1. (You have found cultural artifacts which awe your citizens! You have received {1_Num} [ICON_CULTURE] Culture!)
[2131907.031] ERR: Failed to evaluate parameter 1. You have found cultural artifacts which awe your citizens! You have received {1_Num} [ICON_CULTURE] Culture!
[2131926.000] ERR: Missing argument 1. (You have found cultural artifacts which awe your citizens! You have received {1_Num} [ICON_CULTURE] Culture!)
[2131926.000] ERR: Failed to evaluate parameter 1. You have found cultural artifacts which awe your citizens! You have received {1_Num} [ICON_CULTURE] Culture!
[2131926.000] ERR: Missing argument 1. (You have found an ancient oracle. The priestess has blessed you with a divine revelation. You have received {1_Num} [ICON_PEACE] Faith.)
[2131926.000] ERR: Failed to evaluate parameter 1. You have found an ancient oracle. The priestess has blessed you with a divine revelation. You have received {1_Num} [ICON_PEACE] Faith.
[2131926.000] ERR: Missing argument 1. (You have found a secret religious community. The preacher foretells the arrival of a Great Prophet. You have received {1_Num} [ICON_PEACE] Faith.)
[2131926.000] ERR: Failed to evaluate parameter 1. You have found a secret religious community. The preacher foretells the arrival of a Great Prophet. You have received {1_Num} [ICON_PEACE] Faith.
[2131926.000] ERR: Missing argument 1. (In the ruins you find the treasures of an ancient empire! You have received {1_Num} [ICON_GOLD] Gold!)
[2131926.000] ERR: Failed to evaluate parameter 1. In the ruins you find the treasures of an ancient empire! You have received {1_Num} [ICON_GOLD] Gold!
[2131933.984] ERR: Missing argument 1. (You have found cultural artifacts which awe your citizens! You have received {1_Num} [ICON_CULTURE] Culture!)
[2131933.984] ERR: Failed to evaluate parameter 1. You have found cultural artifacts which awe your citizens! You have received {1_Num} [ICON_CULTURE] Culture!
[2131933.984] ERR: Missing argument 1. (You have found an ancient oracle. The priestess has blessed you with a divine revelation. You have received {1_Num} [ICON_PEACE] Faith.)
[2131933.984] ERR: Failed to evaluate parameter 1. You have found an ancient oracle. The priestess has blessed you with a divine revelation. You have received {1_Num} [ICON_PEACE] Faith.
[2131933.984] ERR: Missing argument 1. (You have found a secret religious community. The preacher foretells the arrival of a Great Prophet. You have received {1_Num} [ICON_PEACE] Faith.)
[2131933.984] ERR: Failed to evaluate parameter 1. You have found a secret religious community. The preacher foretells the arrival of a Great Prophet. You have received {1_Num} [ICON_PEACE] Faith.
[2131933.984] ERR: Missing argument 1. (In the ruins you find the treasures of an ancient empire! You have received {1_Num} [ICON_GOLD] Gold!)
[2131933.984] ERR: Failed to evaluate parameter 1. In the ruins you find the treasures of an ancient empire! You have received {1_Num} [ICON_GOLD] Gold!
[2131933.984] ERR: Missing argument 1. (You have found cultural artifacts which awe your citizens! You have received {1_Num} [ICON_CULTURE] Culture!)
[2131933.984] ERR: Failed to evaluate parameter 1. You have found cultural artifacts which awe your citizens! You have received {1_Num} [ICON_CULTURE] Culture!
[2131933.984] ERR: Missing argument 1. (You have found an ancient oracle. The priestess has blessed you with a divine revelation. You have received {1_Num} [ICON_PEACE] Faith.)
[2131933.984] ERR: Failed to evaluate parameter 1. You have found an ancient oracle. The priestess has blessed you with a divine revelation. You have received {1_Num} [ICON_PEACE] Faith.
[2131933.984] ERR: Missing argument 1. (You have found a secret religious community. The preacher foretells the arrival of a Great Prophet. You have received {1_Num} [ICON_PEACE] Faith.)
[2131933.984] ERR: Failed to evaluate parameter 1. You have found a secret religious community. The preacher foretells the arrival of a Great Prophet. You have received {1_Num} [ICON_PEACE] Faith.
[2131933.984] ERR: Missing argument 1. (In the ruins you find the treasures of an ancient empire! You have received {1_Num} [ICON_GOLD] Gold!)
[2131933.984] ERR: Failed to evaluate parameter 1. In the ruins you find the treasures of an ancient empire! You have received {1_Num} [ICON_GOLD] Gold!
[2131933.984] ERR: Missing argument 1. (You have found cultural artifacts which awe your citizens! You have received {1_Num} [ICON_CULTURE] Culture!)
[2131933.984] ERR: Failed to evaluate parameter 1. You have found cultural artifacts which awe your citizens! You have received {1_Num} [ICON_CULTURE] Culture!
[2131943.734] ERR: Missing argument 1. (You have found cultural artifacts which awe your citizens! You have received {1_Num} [ICON_CULTURE] Culture!)
[2131943.734] ERR: Failed to evaluate parameter 1. You have found cultural artifacts which awe your citizens! You have received {1_Num} [ICON_CULTURE] Culture!
[2131943.734] ERR: Missing argument 1. (You have found an ancient oracle. The priestess has blessed you with a divine revelation. You have received {1_Num} [ICON_PEACE] Faith.)
[2131943.734] ERR: Failed to evaluate parameter 1. You have found an ancient oracle. The priestess has blessed you with a divine revelation. You have received {1_Num} [ICON_PEACE] Faith.
[2131943.734] ERR: Missing argument 1. (You have found a secret religious community. The preacher foretells the arrival of a Great Prophet. You have received {1_Num} [ICON_PEACE] Faith.)
[2131943.734] ERR: Failed to evaluate parameter 1. You have found a secret religious community. The preacher foretells the arrival of a Great Prophet. You have received {1_Num} [ICON_PEACE] Faith.
[2131943.734] ERR: Missing argument 1. (In the ruins you find the treasures of an ancient empire! You have received {1_Num} [ICON_GOLD] Gold!)
[2131943.734] ERR: Failed to evaluate parameter 1. In the ruins you find the treasures of an ancient empire! You have received {1_Num} [ICON_GOLD] Gold!
[2131955.312] ERR: Missing argument 1. (You have found cultural artifacts which awe your citizens! You have received {1_Num} [ICON_CULTURE] Culture!)
[2131955.312] ERR: Failed to evaluate parameter 1. You have found cultural artifacts which awe your citizens! You have received {1_Num} [ICON_CULTURE] Culture!
[2131955.312] ERR: Missing argument 1. (You have found an ancient oracle. The priestess has blessed you with a divine revelation. You have received {1_Num} [ICON_PEACE] Faith.)
[2131955.312] ERR: Failed to evaluate parameter 1. You have found an ancient oracle. The priestess has blessed you with a divine revelation. You have received {1_Num} [ICON_PEACE] Faith.
[2131955.312] ERR: Missing argument 1. (You have found a secret religious community. The preacher foretells the arrival of a Great Prophet. You have received {1_Num} [ICON_PEACE] Faith.)
[2131955.312] ERR: Failed to evaluate parameter 1. You have found a secret religious community. The preacher foretells the arrival of a Great Prophet. You have received {1_Num} [ICON_PEACE] Faith.
[2131955.312] ERR: Missing argument 1. (In the ruins you find the treasures of an ancient empire! You have received {1_Num} [ICON_GOLD] Gold!)
[2131955.312] ERR: Failed to evaluate parameter 1. In the ruins you find the treasures of an ancient empire! You have received {1_Num} [ICON_GOLD] Gold!
[2131955.546] ERR: Missing argument 1. (You have found cultural artifacts which awe your citizens! You have received {1_Num} [ICON_CULTURE] Culture!)
[2131955.546] ERR: Failed to evaluate parameter 1. You have found cultural artifacts which awe your citizens! You have received {1_Num} [ICON_CULTURE] Culture!
[2131955.546] ERR: Missing argument 1. (You have found an ancient oracle. The priestess has blessed you with a divine revelation. You have received {1_Num} [ICON_PEACE] Faith.)
[2131955.546] ERR: Failed to evaluate parameter 1. You have found an ancient oracle. The priestess has blessed you with a divine revelation. You have received {1_Num} [ICON_PEACE] Faith.
[2131955.546] ERR: Missing argument 1. (You have found a secret religious community. The preacher foretells the arrival of a Great Prophet. You have received {1_Num} [ICON_PEACE] Faith.)
[2131955.546] ERR: Failed to evaluate parameter 1. You have found a secret religious community. The preacher foretells the arrival of a Great Prophet. You have received {1_Num} [ICON_PEACE] Faith.
[2131955.546] ERR: Missing argument 1. (In the ruins you find the treasures of an ancient empire! You have received {1_Num} [ICON_GOLD] Gold!)
[2131955.546] ERR: Failed to evaluate parameter 1. In the ruins you find the treasures of an ancient empire! You have received {1_Num} [ICON_GOLD] Gold!
[2131956.218] ERR: Missing argument 1. (You have found cultural artifacts which awe your citizens! You have received {1_Num} [ICON_CULTURE] Culture!)
[2131956.218] ERR: Failed to evaluate parameter 1. You have found cultural artifacts which awe your citizens! You have received {1_Num} [ICON_CULTURE] Culture!
[2131956.218] ERR: Missing argument 1. (You have found an ancient oracle. The priestess has blessed you with a divine revelation. You have received {1_Num} [ICON_PEACE] Faith.)
[2131956.218] ERR: Failed to evaluate parameter 1. You have found an ancient oracle. The priestess has blessed you with a divine revelation. You have received {1_Num} [ICON_PEACE] Faith.
[2131956.218] ERR: Missing argument 1. (You have found a secret religious community. The preacher foretells the arrival of a Great Prophet. You have received {1_Num} [ICON_PEACE] Faith.)
[2131956.218] ERR: Failed to evaluate parameter 1. You have found a secret religious community. The preacher foretells the arrival of a Great Prophet. You have received {1_Num} [ICON_PEACE] Faith.
[2131956.218] ERR: Missing argument 1. (In the ruins you find the treasures of an ancient empire! You have received {1_Num} [ICON_GOLD] Gold!)
[2131956.218] ERR: Failed to evaluate parameter 1. In the ruins you find the treasures of an ancient empire! You have received {1_Num} [ICON_GOLD] Gold!
[2131961.515] ERR: Missing argument 1. (You have found cultural artifacts which awe your citizens! You have received {1_Num} [ICON_CULTURE] Culture!)
[2131961.515] ERR: Failed to evaluate parameter 1. You have found cultural artifacts which awe your citizens! You have received {1_Num} [ICON_CULTURE] Culture!
[2131961.515] ERR: Missing argument 1. (You have found an ancient oracle. The priestess has blessed you with a divine revelation. You have received {1_Num} [ICON_PEACE] Faith.)
[2131961.515] ERR: Failed to evaluate parameter 1. You have found an ancient oracle. The priestess has blessed you with a divine revelation. You have received {1_Num} [ICON_PEACE] Faith.
[2131961.515] ERR: Missing argument 1. (You have found a secret religious community. The preacher foretells the arrival of a Great Prophet. You have received {1_Num} [ICON_PEACE] Faith.)
[2131961.515] ERR: Failed to evaluate parameter 1. You have found a secret religious community. The preacher foretells the arrival of a Great Prophet. You have received {1_Num} [ICON_PEACE] Faith.
[2131961.515] ERR: Missing argument 1. (In the ruins you find the treasures of an ancient empire! You have received {1_Num} [ICON_GOLD] Gold!)
[2131961.515] ERR: Failed to evaluate parameter 1. In the ruins you find the treasures of an ancient empire! You have received {1_Num} [ICON_GOLD] Gold!
[2132001.500] ERR: Missing argument 1. (You have found cultural artifacts which awe your citizens! You have received {1_Num} [ICON_CULTURE] Culture!)
[2132001.500] ERR: Failed to evaluate parameter 1. You have found cultural artifacts which awe your citizens! You have received {1_Num} [ICON_CULTURE] Culture!
[2132001.500] ERR: Missing argument 1. (You have found an ancient oracle. The priestess has blessed you with a divine revelation. You have received {1_Num} [ICON_PEACE] Faith.)
[2132001.500] ERR: Failed to evaluate parameter 1. You have found an ancient oracle. The priestess has blessed you with a divine revelation. You have received {1_Num} [ICON_PEACE] Faith.
[2132001.500] ERR: Missing argument 1. (You have found a secret religious community. The preacher foretells the arrival of a Great Prophet. You have received {1_Num} [ICON_PEACE] Faith.)
[2132001.500] ERR: Failed to evaluate parameter 1. You have found a secret religious community. The preacher foretells the arrival of a Great Prophet. You have received {1_Num} [ICON_PEACE] Faith.
[2132001.500] ERR: Missing argument 1. (In the ruins you find the treasures of an ancient empire! You have received {1_Num} [ICON_GOLD] Gold!)
[2132001.500] ERR: Failed to evaluate parameter 1. In the ruins you find the treasures of an ancient empire! You have received {1_Num} [ICON_GOLD] Gold!
[2132047.250] ERR: Missing argument 1. (You have found cultural artifacts which awe your citizens! You have received {1_Num} [ICON_CULTURE] Culture!)
[2132047.250] ERR: Failed to evaluate parameter 1. You have found cultural artifacts which awe your citizens! You have received {1_Num} [ICON_CULTURE] Culture!
[2132047.250] ERR: Missing argument 1. (You have found an ancient oracle. The priestess has blessed you with a divine revelation. You have received {1_Num} [ICON_PEACE] Faith.)
[2132047.250] ERR: Failed to evaluate parameter 1. You have found an ancient oracle. The priestess has blessed you with a divine revelation. You have received {1_Num} [ICON_PEACE] Faith.
[2132047.250] ERR: Missing argument 1. (You have found a secret religious community. The preacher foretells the arrival of a Great Prophet. You have received {1_Num} [ICON_PEACE] Faith.)
[2132047.250] ERR: Failed to evaluate parameter 1. You have found a secret religious community. The preacher foretells the arrival of a Great Prophet. You have received {1_Num} [ICON_PEACE] Faith.
[2132047.250] ERR: Missing argument 1. (In the ruins you find the treasures of an ancient empire! You have received {1_Num} [ICON_GOLD] Gold!)
[2132047.250] ERR: Failed to evaluate parameter 1. In the ruins you find the treasures of an ancient empire! You have received {1_Num} [ICON_GOLD] Gold!
[2132047.250] ERR: Missing argument 1. (In the ruins you find the treasures of an ancient empire! You have received {1_Num} [ICON_GOLD] Gold!)
[2132047.250] ERR: Failed to evaluate parameter 1. In the ruins you find the treasures of an ancient empire! You have received {1_Num} [ICON_GOLD] Gold!
[2132223.640] ERR: Missing argument 1. (You have found cultural artifacts which awe your citizens! You have received {1_Num} [ICON_CULTURE] Culture!)
[2132223.640] ERR: Failed to evaluate parameter 1. You have found cultural artifacts which awe your citizens! You have received {1_Num} [ICON_CULTURE] Culture!
[2132223.640] ERR: Missing argument 1. (You have found an ancient oracle. The priestess has blessed you with a divine revelation. You have received {1_Num} [ICON_PEACE] Faith.)
[2132223.640] ERR: Failed to evaluate parameter 1. You have found an ancient oracle. The priestess has blessed you with a divine revelation. You have received {1_Num} [ICON_PEACE] Faith.
[2132223.640] ERR: Missing argument 1. (You have found a secret religious community. The preacher foretells the arrival of a Great Prophet. You have received {1_Num} [ICON_PEACE] Faith.)
[2132223.640] ERR: Failed to evaluate parameter 1. You have found a secret religious community. The preacher foretells the arrival of a Great Prophet. You have received {1_Num} [ICON_PEACE] Faith.
[2132223.640] ERR: Missing argument 1. (In the ruins you find the treasures of an ancient empire! You have received {1_Num} [ICON_GOLD] Gold!)
[2132223.640] ERR: Failed to evaluate parameter 1. In the ruins you find the treasures of an ancient empire! You have received {1_Num} [ICON_GOLD] Gold!
[2132224.343] ERR: Missing argument 1. (You have found cultural artifacts which awe your citizens! You have received {1_Num} [ICON_CULTURE] Culture!)
[2132224.343] ERR: Failed to evaluate parameter 1. You have found cultural artifacts which awe your citizens! You have received {1_Num} [ICON_CULTURE] Culture!
[2132224.343] ERR: Missing argument 1. (You have found an ancient oracle. The priestess has blessed you with a divine revelation. You have received {1_Num} [ICON_PEACE] Faith.)
[2132224.343] ERR: Failed to evaluate parameter 1. You have found an ancient oracle. The priestess has blessed you with a divine revelation. You have received {1_Num} [ICON_PEACE] Faith.
[2132224.343] ERR: Missing argument 1. (You have found a secret religious community. The preacher foretells the arrival of a Great Prophet. You have received {1_Num} [ICON_PEACE] Faith.)
[2132224.343] ERR: Failed to evaluate parameter 1. You have found a secret religious community. The preacher foretells the arrival of a Great Prophet. You have received {1_Num} [ICON_PEACE] Faith.
[2132224.343] ERR: Missing argument 1. (In the ruins you find the treasures of an ancient empire! You have received {1_Num} [ICON_GOLD] Gold!)
[2132224.343] ERR: Failed to evaluate parameter 1. In the ruins you find the treasures of an ancient empire! You have received {1_Num} [ICON_GOLD] Gold!
[2132314.671] ERR: Missing argument 1. (You have found cultural artifacts which awe your citizens! You have received {1_Num} [ICON_CULTURE] Culture!)
[2132314.671] ERR: Failed to evaluate parameter 1. You have found cultural artifacts which awe your citizens! You have received {1_Num} [ICON_CULTURE] Culture!
[2132314.671] ERR: Missing argument 1. (You have found an ancient oracle. The priestess has blessed you with a divine revelation. You have received {1_Num} [ICON_PEACE] Faith.)
[2132314.671] ERR: Failed to evaluate parameter 1. You have found an ancient oracle. The priestess has blessed you with a divine revelation. You have received {1_Num} [ICON_PEACE] Faith.
[2132314.671] ERR: Missing argument 1. (You have found a secret religious community. The preacher foretells the arrival of a Great Prophet. You have received {1_Num} [ICON_PEACE] Faith.)
[2132314.671] ERR: Failed to evaluate parameter 1. You have found a secret religious community. The preacher foretells the arrival of a Great Prophet. You have received {1_Num} [ICON_PEACE] Faith.
[2132314.671] ERR: Missing argument 1. (In the ruins you find the treasures of an ancient empire! You have received {1_Num} [ICON_GOLD] Gold!)
[2132314.671] ERR: Failed to evaluate parameter 1. In the ruins you find the treasures of an ancient empire! You have received {1_Num} [ICON_GOLD] Gold!
[2132330.859] ERR: Missing argument 1. (You have found cultural artifacts which awe your citizens! You have received {1_Num} [ICON_CULTURE] Culture!)
[2132330.859] ERR: Failed to evaluate parameter 1. You have found cultural artifacts which awe your citizens! You have received {1_Num} [ICON_CULTURE] Culture!
[2132330.859] ERR: Missing argument 1. (You have found an ancient oracle. The priestess has blessed you with a divine revelation. You have received {1_Num} [ICON_PEACE] Faith.)
[2132330.859] ERR: Failed to evaluate parameter 1. You have found an ancient oracle. The priestess has blessed you with a divine revelation. You have received {1_Num} [ICON_PEACE] Faith.
[2132330.859] ERR: Missing argument 1. (You have found a secret religious community. The preacher foretells the arrival of a Great Prophet. You have received {1_Num} [ICON_PEACE] Faith.)
[2132330.859] ERR: Failed to evaluate parameter 1. You have found a secret religious community. The preacher foretells the arrival of a Great Prophet. You have received {1_Num} [ICON_PEACE] Faith.
[2132330.859] ERR: Missing argument 1. (In the ruins you find the treasures of an ancient empire! You have received {1_Num} [ICON_GOLD] Gold!)
[2132330.859] ERR: Failed to evaluate parameter 1. In the ruins you find the treasures of an ancient empire! You have received {1_Num} [ICON_GOLD] Gold!
[2132331.406] ERR: Missing argument 1. (You have found cultural artifacts which awe your citizens! You have received {1_Num} [ICON_CULTURE] Culture!)
[2132331.406] ERR: Failed to evaluate parameter 1. You have found cultural artifacts which awe your citizens! You have received {1_Num} [ICON_CULTURE] Culture!
[2132331.406] ERR: Missing argument 1. (You have found an ancient oracle. The priestess has blessed you with a divine revelation. You have received {1_Num} [ICON_PEACE] Faith.)
[2132331.406] ERR: Failed to evaluate parameter 1. You have found an ancient oracle. The priestess has blessed you with a divine revelation. You have received {1_Num} [ICON_PEACE] Faith.
[2132331.406] ERR: Missing argument 1. (You have found a secret religious community. The preacher foretells the arrival of a Great Prophet. You have received {1_Num} [ICON_PEACE] Faith.)
[2132331.406] ERR: Failed to evaluate parameter 1. You have found a secret religious community. The preacher foretells the arrival of a Great Prophet. You have received {1_Num} [ICON_PEACE] Faith.
[2132331.406] ERR: Missing argument 1. (In the ruins you find the treasures of an ancient empire! You have received {1_Num} [ICON_GOLD] Gold!)
[2132331.406] ERR: Failed to evaluate parameter 1. In the ruins you find the treasures of an ancient empire! You have received {1_Num} [ICON_GOLD] Gold!
[2132475.484] ERR: Missing argument 1. (You have found cultural artifacts which awe your citizens! You have received {1_Num} [ICON_CULTURE] Culture!)
[2132475.484] ERR: Failed to evaluate parameter 1. You have found cultural artifacts which awe your citizens! You have received {1_Num} [ICON_CULTURE] Culture!
[2132475.484] ERR: Missing argument 1. (You have found an ancient oracle. The priestess has blessed you with a divine revelation. You have received {1_Num} [ICON_PEACE] Faith.)
[2132475.484] ERR: Failed to evaluate parameter 1. You have found an ancient oracle. The priestess has blessed you with a divine revelation. You have received {1_Num} [ICON_PEACE] Faith.
[2132475.484] ERR: Missing argument 1. (You have found a secret religious community. The preacher foretells the arrival of a Great Prophet. You have received {1_Num} [ICON_PEACE] Faith.)
[2132475.484] ERR: Failed to evaluate parameter 1. You have found a secret religious community. The preacher foretells the arrival of a Great Prophet. You have received {1_Num} [ICON_PEACE] Faith.
[2132475.484] ERR: Missing argument 1. (In the ruins you find the treasures of an ancient empire! You have received {1_Num} [ICON_GOLD] Gold!)
[2132475.484] ERR: Failed to evaluate parameter 1. In the ruins you find the treasures of an ancient empire! You have received {1_Num} [ICON_GOLD] Gold!
[2132584.062] ERR: Missing argument 1. (You have found cultural artifacts which awe your citizens! You have received {1_Num} [ICON_CULTURE] Culture!)
[2132584.062] ERR: Failed to evaluate parameter 1. You have found cultural artifacts which awe your citizens! You have received {1_Num} [ICON_CULTURE] Culture!
[2132584.062] ERR: Missing argument 1. (You have found an ancient oracle. The priestess has blessed you with a divine revelation. You have received {1_Num} [ICON_PEACE] Faith.)
[2132584.062] ERR: Failed to evaluate parameter 1. You have found an ancient oracle. The priestess has blessed you with a divine revelation. You have received {1_Num} [ICON_PEACE] Faith.
[2132584.062] ERR: Missing argument 1. (You have found a secret religious community. The preacher foretells the arrival of a Great Prophet. You have received {1_Num} [ICON_PEACE] Faith.)
[2132584.062] ERR: Failed to evaluate parameter 1. You have found a secret religious community. The preacher foretells the arrival of a Great Prophet. You have received {1_Num} [ICON_PEACE] Faith.
[2132584.062] ERR: Missing argument 1. (In the ruins you find the treasures of an ancient empire! You have received {1_Num} [ICON_GOLD] Gold!)
[2132584.062] ERR: Failed to evaluate parameter 1. In the ruins you find the treasures of an ancient empire! You have received {1_Num} [ICON_GOLD] Gold!
[2132889.656] ERR: Missing argument 1. (Your people have started worshipping a pantheon of gods. They have chosen the belief: {1_BeliefName} ({@2_BeliefDesc}))
[2132889.656] ERR: Failed to evaluate parameter 1. Your people have started worshipping a pantheon of gods. They have chosen the belief: {1_BeliefName} ({@2_BeliefDesc})
[2132893.843] ERR: Missing argument 1. (You have found cultural artifacts which awe your citizens! You have received {1_Num} [ICON_CULTURE] Culture!)
[2132893.843] ERR: Failed to evaluate parameter 1. You have found cultural artifacts which awe your citizens! You have received {1_Num} [ICON_CULTURE] Culture!
[2132893.843] ERR: Missing argument 1. (You have found an ancient oracle. The priestess has blessed you with a divine revelation. You have received {1_Num} [ICON_PEACE] Faith.)
[2132893.843] ERR: Failed to evaluate parameter 1. You have found an ancient oracle. The priestess has blessed you with a divine revelation. You have received {1_Num} [ICON_PEACE] Faith.
[2132893.843] ERR: Missing argument 1. (You have found a secret religious community. The preacher foretells the arrival of a Great Prophet. You have received {1_Num} [ICON_PEACE] Faith.)
[2132893.843] ERR: Failed to evaluate parameter 1. You have found a secret religious community. The preacher foretells the arrival of a Great Prophet. You have received {1_Num} [ICON_PEACE] Faith.
[2132893.843] ERR: Missing argument 1. (In the ruins you find the treasures of an ancient empire! You have received {1_Num} [ICON_GOLD] Gold!)
[2132893.843] ERR: Failed to evaluate parameter 1. In the ruins you find the treasures of an ancient empire! You have received {1_Num} [ICON_GOLD] Gold!
[2132893.843] ERR: Missing argument 1. (You have found cultural artifacts which awe your citizens! You have received {1_Num} [ICON_CULTURE] Culture!)
[2132893.843] ERR: Failed to evaluate parameter 1. You have found cultural artifacts which awe your citizens! You have received {1_Num} [ICON_CULTURE] Culture!
[2133094.531] ERR: Missing argument 1. (You have found cultural artifacts which awe your citizens! You have received {1_Num} [ICON_CULTURE] Culture!)
[2133094.531] ERR: Failed to evaluate parameter 1. You have found cultural artifacts which awe your citizens! You have received {1_Num} [ICON_CULTURE] Culture!
[2133094.531] ERR: Missing argument 1. (You have found an ancient oracle. The priestess has blessed you with a divine revelation. You have received {1_Num} [ICON_PEACE] Faith.)
[2133094.531] ERR: Failed to evaluate parameter 1. You have found an ancient oracle. The priestess has blessed you with a divine revelation. You have received {1_Num} [ICON_PEACE] Faith.
[2133094.531] ERR: Missing argument 1. (You have found a secret religious community. The preacher foretells the arrival of a Great Prophet. You have received {1_Num} [ICON_PEACE] Faith.)
[2133094.531] ERR: Failed to evaluate parameter 1. You have found a secret religious community. The preacher foretells the arrival of a Great Prophet. You have received {1_Num} [ICON_PEACE] Faith.
[2133094.531] ERR: Missing argument 1. (In the ruins you find the treasures of an ancient empire! You have received {1_Num} [ICON_GOLD] Gold!)
[2133094.531] ERR: Failed to evaluate parameter 1. In the ruins you find the treasures of an ancient empire! You have received {1_Num} [ICON_GOLD] Gold!
[2133094.531] ERR: Missing argument 1. (In the ruins you find the treasures of an ancient empire! You have received {1_Num} [ICON_GOLD] Gold!)
[2133094.531] ERR: Failed to evaluate parameter 1. In the ruins you find the treasures of an ancient empire! You have received {1_Num} [ICON_GOLD] Gold!
[2133455.656] ERR: Missing argument 1. (Your people have started worshipping a pantheon of gods. They have chosen the belief: {1_BeliefName} ({@2_BeliefDesc}))
[2133455.656] ERR: Failed to evaluate parameter 1. Your people have started worshipping a pantheon of gods. They have chosen the belief: {1_BeliefName} ({@2_BeliefDesc})
[2133536.093] ERR: Missing argument 1. (You have found cultural artifacts which awe your citizens! You have received {1_Num} [ICON_CULTURE] Culture!)
[2133536.093] ERR: Failed to evaluate parameter 1. You have found cultural artifacts which awe your citizens! You have received {1_Num} [ICON_CULTURE] Culture!
[2133536.109] ERR: Missing argument 1. (You have found an ancient oracle. The priestess has blessed you with a divine revelation. You have received {1_Num} [ICON_PEACE] Faith.)
[2133536.109] ERR: Failed to evaluate parameter 1. You have found an ancient oracle. The priestess has blessed you with a divine revelation. You have received {1_Num} [ICON_PEACE] Faith.
[2133536.109] ERR: Missing argument 1. (You have found a secret religious community. The preacher foretells the arrival of a Great Prophet. You have received {1_Num} [ICON_PEACE] Faith.)
[2133536.109] ERR: Failed to evaluate parameter 1. You have found a secret religious community. The preacher foretells the arrival of a Great Prophet. You have received {1_Num} [ICON_PEACE] Faith.
[2133536.109] ERR: Missing argument 1. (In the ruins you find the treasures of an ancient empire! You have received {1_Num} [ICON_GOLD] Gold!)
[2133536.109] ERR: Failed to evaluate parameter 1. In the ruins you find the treasures of an ancient empire! You have received {1_Num} [ICON_GOLD] Gold!
[2133559.656] ERR: Missing argument 1. (You have found cultural artifacts which awe your citizens! You have received {1_Num} [ICON_CULTURE] Culture!)
[2133559.656] ERR: Failed to evaluate parameter 1. You have found cultural artifacts which awe your citizens! You have received {1_Num} [ICON_CULTURE] Culture!
[2133559.656] ERR: Missing argument 1. (You have found an ancient oracle. The priestess has blessed you with a divine revelation. You have received {1_Num} [ICON_PEACE] Faith.)
[2133559.656] ERR: Failed to evaluate parameter 1. You have found an ancient oracle. The priestess has blessed you with a divine revelation. You have received {1_Num} [ICON_PEACE] Faith.
[2133559.656] ERR: Missing argument 1. (You have found a secret religious community. The preacher foretells the arrival of a Great Prophet. You have received {1_Num} [ICON_PEACE] Faith.)
[2133559.656] ERR: Failed to evaluate parameter 1. You have found a secret religious community. The preacher foretells the arrival of a Great Prophet. You have received {1_Num} [ICON_PEACE] Faith.
[2133559.656] ERR: Missing argument 1. (In the ruins you find the treasures of an ancient empire! You have received {1_Num} [ICON_GOLD] Gold!)
[2133559.656] ERR: Failed to evaluate parameter 1. In the ruins you find the treasures of an ancient empire! You have received {1_Num} [ICON_GOLD] Gold!
[2133576.625] ERR: Missing argument 1. (You have found cultural artifacts which awe your citizens! You have received {1_Num} [ICON_CULTURE] Culture!)
[2133576.625] ERR: Failed to evaluate parameter 1. You have found cultural artifacts which awe your citizens! You have received {1_Num} [ICON_CULTURE] Culture!
[2133576.625] ERR: Missing argument 1. (You have found an ancient oracle. The priestess has blessed you with a divine revelation. You have received {1_Num} [ICON_PEACE] Faith.)
[2133576.625] ERR: Failed to evaluate parameter 1. You have found an ancient oracle. The priestess has blessed you with a divine revelation. You have received {1_Num} [ICON_PEACE] Faith.
[2133576.625] ERR: Missing argument 1. (You have found a secret religious community. The preacher foretells the arrival of a Great Prophet. You have received {1_Num} [ICON_PEACE] Faith.)
[2133576.625] ERR: Failed to evaluate parameter 1. You have found a secret religious community. The preacher foretells the arrival of a Great Prophet. You have received {1_Num} [ICON_PEACE] Faith.
[2133576.625] ERR: Missing argument 1. (In the ruins you find the treasures of an ancient empire! You have received {1_Num} [ICON_GOLD] Gold!)
[2133576.625] ERR: Failed to evaluate parameter 1. In the ruins you find the treasures of an ancient empire! You have received {1_Num} [ICON_GOLD] Gold!
[2133576.625] ERR: Missing argument 1. (You have found cultural artifacts which awe your citizens! You have received {1_Num} [ICON_CULTURE] Culture!)
[2133576.625] ERR: Failed to evaluate parameter 1. You have found cultural artifacts which awe your citizens! You have received {1_Num} [ICON_CULTURE] Culture!
[2133576.625] ERR: Missing argument 1. (You have found an ancient oracle. The priestess has blessed you with a divine revelation. You have received {1_Num} [ICON_PEACE] Faith.)
[2133576.625] ERR: Failed to evaluate parameter 1. You have found an ancient oracle. The priestess has blessed you with a divine revelation. You have received {1_Num} [ICON_PEACE] Faith.
[2133576.625] ERR: Missing argument 1. (You have found a secret religious community. The preacher foretells the arrival of a Great Prophet. You have received {1_Num} [ICON_PEACE] Faith.)
[2133576.625] ERR: Failed to evaluate parameter 1. You have found a secret religious community. The preacher foretells the arrival of a Great Prophet. You have received {1_Num} [ICON_PEACE] Faith.
[2133576.625] ERR: Missing argument 1. (In the ruins you find the treasures of an ancient empire! You have received {1_Num} [ICON_GOLD] Gold!)
[2133576.625] ERR: Failed to evaluate parameter 1. In the ruins you find the treasures of an ancient empire! You have received {1_Num} [ICON_GOLD] Gold!
[2134009.109] ERR: Missing argument 1. (Your people have started worshipping a pantheon of gods. They have chosen the belief: {1_BeliefName} ({@2_BeliefDesc}))
[2134009.109] ERR: Failed to evaluate parameter 1. Your people have started worshipping a pantheon of gods. They have chosen the belief: {1_BeliefName} ({@2_BeliefDesc})
[2134073.843] ERR: Missing argument 1. (You have found cultural artifacts which awe your citizens! You have received {1_Num} [ICON_CULTURE] Culture!)
[2134073.843] ERR: Failed to evaluate parameter 1. You have found cultural artifacts which awe your citizens! You have received {1_Num} [ICON_CULTURE] Culture!
[2134073.843] ERR: Missing argument 1. (You have found an ancient oracle. The priestess has blessed you with a divine revelation. You have received {1_Num} [ICON_PEACE] Faith.)
[2134073.843] ERR: Failed to evaluate parameter 1. You have found an ancient oracle. The priestess has blessed you with a divine revelation. You have received {1_Num} [ICON_PEACE] Faith.
[2134073.843] ERR: Missing argument 1. (You have found a secret religious community. The preacher foretells the arrival of a Great Prophet. You have received {1_Num} [ICON_PEACE] Faith.)
[2134073.843] ERR: Failed to evaluate parameter 1. You have found a secret religious community. The preacher foretells the arrival of a Great Prophet. You have received {1_Num} [ICON_PEACE] Faith.
[2134073.843] ERR: Missing argument 1. (In the ruins you find the treasures of an ancient empire! You have received {1_Num} [ICON_GOLD] Gold!)
[2134073.843] ERR: Failed to evaluate parameter 1. In the ruins you find the treasures of an ancient empire! You have received {1_Num} [ICON_GOLD] Gold!
[2134682.609] ERR: Missing argument 1. (Your people have started worshipping a pantheon of gods. They have chosen the belief: {1_BeliefName} ({@2_BeliefDesc}))
[2134682.609] ERR: Failed to evaluate parameter 1. Your people have started worshipping a pantheon of gods. They have chosen the belief: {1_BeliefName} ({@2_BeliefDesc})
