[2130858.906] DBG: SystemInit: DistanceFog_System::Startup(): 4 Milliseconds
[2130858.906] DBG: SystemInit: ColorKey_System::Startup(): 280 Milliseconds
[2130858.906] DBG: SystemInit: GameSplineDatabase::Startup(): 0 Milliseconds
[2130858.906] DBG: SystemInit: RiverVisSystem::Startup(): 0 Milliseconds
[2130858.906] DBG: SystemInit: Unit_System::Startup(): 13008 Milliseconds
[2130858.906] DBG: SystemInit: Overlay_System::Startup(): 303 Milliseconds
[2130858.906] DBG: SystemInit: Arrow_System::Startup(): 12 Milliseconds
[2130858.906] DBG: SystemInit: MovementPathSystem::Startup(): 292 Milliseconds
[2130858.937] DBG: SystemInit: Decal_System::Startup(): 0 Milliseconds
[2130858.937] DBG: SystemInit: FluidFOW_System::Startup(): 311 Milliseconds
[2130858.937] DBG: SystemInit: FOW_System::Startup(): 0 Milliseconds
[2130858.937] DBG: SystemInit: City_System::Startup(): 3101 Milliseconds
[2130858.937] DBG: SystemInit: LandmarkSystem::Startup(): 11074 Milliseconds
[2130858.937] DBG: SystemInit: Forest_System::Startup(): 422 Milliseconds
[2130858.937] DBG: SystemInit: Particle_System::Startup(): 1727 Milliseconds
[2130858.937] DBG: SystemInit: Wave_System::Startup(): 0 Milliseconds
[2130858.937] DBG: SystemInit: MiniMap_System::Startup(): 113 Milliseconds
[2130858.937] DBG: SystemInit: TerrainSystem::Startup(): 618 Milliseconds
[2130858.937] DBG: SystemInit: LeaderHead_System::Startup(): 9 Milliseconds
[2130858.937] DBG: SystemInit: Combat_System::Startup(): 26 Milliseconds
[2130858.937] DBG: SystemInit: StrategicView::Startup(): 492 Milliseconds
[2130858.937] DBG: SystemInit: AudioSimSystem::Startup(): 0 Milliseconds
[2131592.140] DBG: SystemInit: RoadLayout::GameView::Startup(): 195 Milliseconds
[2131592.140] DBG: SystemInit: DynamicGeometryVisSystem::GameView::Startup(): 0 Milliseconds
[2131592.140] DBG: SystemInit: LoadGameState::GameViewState::Startup(): 263 Milliseconds
[2131598.312] DBG: SystemInit: StartInitTerrainFromGameplayMap(): 6167 Milliseconds
[2131610.062] DBG: SystemInit: GameViewStateLuaContextInit::StartupGame(): 11060 Milliseconds
[2131610.062] DBG: SystemInit: InitDebugMenu::StartupGame(): 0 Milliseconds
[2131610.062] DBG: SystemInit: DynamicGeometryLib::StartupGame(): 109 Milliseconds
[2131610.062] DBG: SystemInit: LeaderHeadState::StartupGame(): 254 Milliseconds
[2131610.062] DBG: SystemInit: ForestSystem::StartupGame(): 15 Milliseconds
[2131610.062] DBG: SystemInit: TerrainSystem::StartupGame(): 0 Milliseconds
[2131610.062] DBG: SystemInit: Landmark&DynamicGeometrySystem::StartupGame(): 0 Milliseconds
[2131610.062] DBG: SystemInit: OverlaySystem::StartupGame(): 0 Milliseconds
[2131610.062] DBG: SystemInit: MovementPath::StartupGame(): 0 Milliseconds
[2131610.062] DBG: SystemInit: FogSystem::StartupGame(): 0 Milliseconds
[2131610.062] DBG: SystemInit: FluidFogSystem::StartupGame(): 37 Milliseconds
[2131610.062] DBG: SystemInit: UnitSimSystem::StartupGame(): 0 Milliseconds
[2131610.062] DBG: SystemInit: CityBuildingSystem::StartupGame(): 2 Milliseconds
[2131610.062] DBG: SystemInit: ParticleSystem::StartupGame(): 0 Milliseconds
[2131610.062] DBG: SystemInit: StrategicViewSystem::StartupGame(): 5 Milliseconds
[2131610.062] DBG: SystemInit: MiniMapSystem::StartupGame(): 1 Milliseconds
[2131610.062] DBG: SystemInit: WaveSystem::StartupGame(): 3 Milliseconds
[2131610.062] DBG: SystemInit: LeaderHeadSystem::StartupGame(): 0 Milliseconds
[2131610.062] DBG: SystemInit: AudioSimSystem::StartupGame(): 231 Milliseconds
[2131610.421] DBG: SystemInit: LoadGameState::GameViewState::StartupGame(): 11752 Milliseconds
[2131610.421] DBG: SystemInit: LoadGameState::StartInitStuffOnMap(): 9 Milliseconds
[2131610.718] DBG: SystemInit: CreateTreeShadows(): 272 Milliseconds
[2131610.718] DBG: SystemInit: StartGPUInitWork(): 2 Milliseconds
[2131611.109] DBG: SystemInit: NetPlayer::IAmReady(): 0 Milliseconds
[2131615.640] DBG: SystemInit: WaitForNetPlayers(): 0 Milliseconds
[2131615.640] DBG: SystemInit: LoadGameState_TOTAL(): 19560 Milliseconds
