[93040.468] , Colors, 0.000843
[93040.468] , PlayerColors, 0.001006
[93040.468] , InterfaceModes, 0.000441
[93040.468] , AICityStrategies, 0.002790
[93040.468] , AIEconomicStrategies, 0.003972
[93040.468] , AIGrandStrategies, 0.000383
[93040.484] , AIMilitaryStrategies, 0.002377
[93040.484] , CitySpecializations, 0.000760
[93040.484] , TacticalMoves, 0.000323
[93040.484] , UnitAIInfos, 0.000231
[93040.484] , UnitCombatInfos, 0.000094
[93040.484] , BuildingClasses, 0.003118
[93040.609] , Buildings, 0.124920
[93040.609] , EmphasizeInfos, 0.000213
[93040.609] , Eras, 0.000400
[93040.609] , GameOptions, 0.000230
[93040.625] , GameSpeeds, 0.017078
[93040.625] , HandicapInfos, 0.001484
[93040.625] , HurryInfos, 0.000063
[93040.625] , MultiplayerOptions, 0.000063
[93040.625] , PlayerOptions, 0.000109
[93040.687] , Policies, 0.068580
[93040.703] , PolicyBranchTypes, 0.000476
[93040.703] , Processes, 0.000327
[93040.703] , Projects, 0.000811
[93040.703] , SmallAwards, 0.000035
[93040.703] , Specialists, 0.000435
[93040.703] , Victories, 0.000174
[93040.703] , Votes, 0.000113
[93040.703] , VoteSources, 0.000058
[93040.703] , Domains, 0.000052
[93040.718] , Leaders, 0.017096
[93040.718] , Routes, 0.000264
[93040.718] , Notifications, 0.000215
[93040.734] , Technologies, 0.013336
[93040.734] , Features, 0.002659
[93040.750] , Improvements, 0.011482
[93040.750] , ResourceClasses, 0.000050
[93040.750] , Resources, 0.006697
[93040.750] , Terrains, 0.000773
[93040.750] , Yields, 0.000110
[93040.750] , Automates, 0.000100
[93040.750] , Builds, 0.004863
[93040.750] , Commands, 0.000203
[93040.750] , Controls, 0.000555
[93040.765] , EntityEvents, 0.001700
[93040.765] , Missions, 0.000877
[93040.765] , MultiUnitFormations, 0.001431
[93040.765] , SpecialUnits, 0.000276
[93040.765] , UnitClasses, 0.000607
[93040.812] , UnitPromotions, 0.043881
[93040.890] , Units, 0.091201
[93040.937] , Civilizations, 0.034207
[93040.937] , MinorCivilizations, 0.005178
[93040.953] , Traits, 0.015344
[93040.953] , Religions, 0.000129
[93040.984] , Beliefs, 0.034384
[93040.984] , LeagueSpecialSessions, 0.000105
[93040.984] , LeagueNames, 0.000035
[93040.984] , LeagueProjects, 0.000079
[93040.984] , LeagueProjectRewards, 0.000137
[93040.984] , Resolutions, 0.000442
[93040.984] , PrefetchGameData, 0.522479
[93040.984] , UpdatePlayableCivilizationCounts, 0.000002
[93040.984] , SetGlobalActionInfo, 0.000227
[93041.093] , Colors, 0.000795
[93041.093] , PlayerColors, 0.000965
[93041.093] , InterfaceModes, 0.000426
[93041.093] , AICityStrategies, 0.002744
[93041.109] , AIEconomicStrategies, 0.003994
[93041.109] , AIGrandStrategies, 0.000384
[93041.109] , AIMilitaryStrategies, 0.002368
[93041.109] , CitySpecializations, 0.000743
[93041.109] , TacticalMoves, 0.000319
[93041.109] , UnitAIInfos, 0.000237
[93041.109] , UnitCombatInfos, 0.000092
[93041.109] , BuildingClasses, 0.003091
[93041.234] , Buildings, 0.116278
[93041.234] , EmphasizeInfos, 0.000214
[93041.234] , Eras, 0.000401
[93041.234] , GameOptions, 0.000228
[93041.234] , GameSpeeds, 0.000401
[93041.234] , HandicapInfos, 0.001466
[93041.234] , HurryInfos, 0.000057
[93041.234] , MultiplayerOptions, 0.000061
[93041.234] , PlayerOptions, 0.000112
[93041.296] , Policies, 0.070215
[93041.296] , PolicyBranchTypes, 0.000461
[93041.296] , Processes, 0.000341
[93041.296] , Projects, 0.000860
[93041.296] , SmallAwards, 0.000041
[93041.296] , Specialists, 0.000440
[93041.296] , Victories, 0.000175
[93041.296] , Votes, 0.000131
[93041.296] , VoteSources, 0.000062
[93041.296] , Domains, 0.000061
[93041.312] , Leaders, 0.017662
[93041.312] , Routes, 0.000281
[93041.328] , Notifications, 0.000225
[93041.328] , Technologies, 0.013328
[93041.343] , Features, 0.002681
[93041.343] , Improvements, 0.011592
[93041.343] , ResourceClasses, 0.000053
[93041.359] , Resources, 0.007227
[93041.359] , Terrains, 0.000868
[93041.359] , Yields, 0.000118
[93041.359] , Automates, 0.000103
[93041.359] , Builds, 0.005104
[93041.359] , Commands, 0.000207
[93041.359] , Controls, 0.000592
[93041.359] , EntityEvents, 0.001768
[93041.359] , Missions, 0.000902
[93041.375] , MultiUnitFormations, 0.001476
[93041.375] , SpecialUnits, 0.000298
[93041.375] , UnitClasses, 0.000624
[93041.406] , UnitPromotions, 0.043855
[93041.500] , Units, 0.088958
[93041.531] , Civilizations, 0.034093
[93041.546] , MinorCivilizations, 0.005088
[93041.562] , Traits, 0.015416
[93041.562] , Religions, 0.000136
[93041.593] , Beliefs, 0.032874
[93041.593] , LeagueSpecialSessions, 0.000109
[93041.593] , LeagueNames, 0.000037
[93041.593] , LeagueProjects, 0.000082
[93041.593] , LeagueProjectRewards, 0.000136
[93041.593] , Resolutions, 0.000440
[93041.593] , PrefetchGameData, 0.496294
[93041.593] , UpdatePlayableCivilizationCounts, 0.000002
[93041.593] , SetGlobalActionInfo, 0.000238
